{"/Users/chakkaravarthi/Dev/UMG/umg_deli/umgc_delivery/src/App.tsx": {"path":"/Users/chakkaravarthi/Dev/UMG/umg_deli/umgc_delivery/src/App.tsx","statementMap":{"0":{"start":{"line":1,"column":0},"end":{"line":1,"column":67}},"1":{"start":{"line":2,"column":0},"end":{"line":2,"column":39}},"2":{"start":{"line":3,"column":0},"end":{"line":3,"column":57}},"3":{"start":{"line":5,"column":0},"end":{"line":5,"column":41}},"4":{"start":{"line":6,"column":0},"end":{"line":6,"column":43}},"5":{"start":{"line":7,"column":0},"end":{"line":7,"column":33}},"6":{"start":{"line":8,"column":0},"end":{"line":8,"column":37}},"7":{"start":{"line":9,"column":0},"end":{"line":9,"column":59}},"8":{"start":{"line":10,"column":0},"end":{"line":10,"column":71}},"9":{"start":{"line":11,"column":0},"end":{"line":11,"column":69}},"10":{"start":{"line":13,"column":0},"end":{"line":13,"column":50}},"11":{"start":{"line":14,"column":0},"end":{"line":14,"column":87}},"12":{"start":{"line":15,"column":0},"end":{"line":15,"column":48}},"13":{"start":{"line":16,"column":0},"end":{"line":16,"column":63}},"14":{"start":{"line":17,"column":0},"end":{"line":17,"column":63}},"15":{"start":{"line":18,"column":0},"end":{"line":18,"column":47}},"16":{"start":{"line":19,"column":0},"end":{"line":19,"column":45}},"17":{"start":{"line":21,"column":13},"end":{"line":21,"column":46}},"18":{"start":{"line":23,"column":21},"end":{"line":23,"column":72}},"19":{"start":{"line":23,"column":31},"end":{"line":23,"column":71}},"20":{"start":{"line":24,"column":22},"end":{"line":24,"column":74}},"21":{"start":{"line":24,"column":32},"end":{"line":24,"column":73}},"22":{"start":{"line":25,"column":25},"end":{"line":25,"column":72}},"23":{"start":{"line":25,"column":35},"end":{"line":25,"column":71}},"24":{"start":{"line":26,"column":19},"end":{"line":26,"column":71}},"25":{"start":{"line":26,"column":29},"end":{"line":26,"column":70}},"26":{"start":{"line":27,"column":20},"end":{"line":27,"column":74}},"27":{"start":{"line":27,"column":30},"end":{"line":27,"column":73}},"28":{"start":{"line":28,"column":13},"end":{"line":28,"column":53}},"29":{"start":{"line":28,"column":23},"end":{"line":28,"column":52}},"30":{"start":{"line":29,"column":14},"end":{"line":29,"column":57}},"31":{"start":{"line":29,"column":24},"end":{"line":29,"column":56}},"32":{"start":{"line":30,"column":20},"end":{"line":30,"column":69}},"33":{"start":{"line":30,"column":30},"end":{"line":30,"column":68}},"34":{"start":{"line":31,"column":27},"end":{"line":31,"column":90}},"35":{"start":{"line":31,"column":37},"end":{"line":31,"column":89}},"36":{"start":{"line":32,"column":13},"end":{"line":32,"column":48}},"37":{"start":{"line":32,"column":23},"end":{"line":32,"column":47}},"38":{"start":{"line":33,"column":22},"end":{"line":33,"column":66}},"39":{"start":{"line":33,"column":32},"end":{"line":33,"column":65}},"40":{"start":{"line":34,"column":15},"end":{"line":34,"column":59}},"41":{"start":{"line":34,"column":25},"end":{"line":34,"column":58}},"42":{"start":{"line":35,"column":17},"end":{"line":35,"column":61}},"43":{"start":{"line":35,"column":27},"end":{"line":35,"column":60}},"44":{"start":{"line":36,"column":20},"end":{"line":36,"column":74}},"45":{"start":{"line":36,"column":30},"end":{"line":36,"column":73}},"46":{"start":{"line":37,"column":19},"end":{"line":37,"column":64}},"47":{"start":{"line":37,"column":29},"end":{"line":37,"column":63}},"48":{"start":{"line":38,"column":17},"end":{"line":38,"column":63}},"49":{"start":{"line":38,"column":27},"end":{"line":38,"column":62}},"50":{"start":{"line":39,"column":21},"end":{"line":39,"column":68}},"51":{"start":{"line":39,"column":31},"end":{"line":39,"column":67}},"52":{"start":{"line":40,"column":16},"end":{"line":40,"column":61}},"53":{"start":{"line":40,"column":26},"end":{"line":40,"column":60}},"54":{"start":{"line":41,"column":17},"end":{"line":41,"column":63}},"55":{"start":{"line":41,"column":27},"end":{"line":41,"column":62}},"56":{"start":{"line":42,"column":21},"end":{"line":42,"column":77}},"57":{"start":{"line":42,"column":31},"end":{"line":42,"column":76}},"58":{"start":{"line":43,"column":31},"end":{"line":43,"column":107}},"59":{"start":{"line":43,"column":41},"end":{"line":43,"column":106}},"60":{"start":{"line":44,"column":31},"end":{"line":44,"column":102}},"61":{"start":{"line":44,"column":41},"end":{"line":44,"column":101}},"62":{"start":{"line":45,"column":14},"end":{"line":45,"column":30}},"63":{"start":{"line":47,"column":12},"end":{"line":129,"column":1}},"64":{"start":{"line":48,"column":52},"end":{"line":48,"column":76}},"65":{"start":{"line":49,"column":41},"end":{"line":49,"column":65}},"66":{"start":{"line":50,"column":44},"end":{"line":50,"column":68}},"67":{"start":{"line":51,"column":39},"end":{"line":51,"column":61}},"68":{"start":{"line":53,"column":39},"end":{"line":60,"column":4}},"69":{"start":{"line":62,"column":2},"end":{"line":68,"column":9}},"70":{"start":{"line":64,"column":27},"end":{"line":64,"column":40}},"71":{"start":{"line":65,"column":4},"end":{"line":67,"column":null}},"72":{"start":{"line":66,"column":6},"end":{"line":66,"column":26}},"73":{"start":{"line":70,"column":2},"end":{"line":128,"column":4}},"74":{"start":{"line":131,"column":0},"end":{"line":131,"column":19}}},"fnMap":{"0":{"name":"(anonymous_2)","decl":{"start":{"line":23,"column":26},"end":{"line":23,"column":29}},"loc":{"start":{"line":23,"column":31},"end":{"line":23,"column":71}}},"1":{"name":"(anonymous_3)","decl":{"start":{"line":23,"column":31},"end":{"line":23,"column":39}},"loc":{"start":{"line":23,"column":31},"end":{"line":23,"column":71}}},"2":{"name":"(anonymous_4)","decl":{"start":{"line":24,"column":27},"end":{"line":24,"column":30}},"loc":{"start":{"line":24,"column":32},"end":{"line":24,"column":73}}},"3":{"name":"(anonymous_5)","decl":{"start":{"line":24,"column":32},"end":{"line":24,"column":40}},"loc":{"start":{"line":24,"column":32},"end":{"line":24,"column":73}}},"4":{"name":"(anonymous_6)","decl":{"start":{"line":25,"column":30},"end":{"line":25,"column":33}},"loc":{"start":{"line":25,"column":35},"end":{"line":25,"column":71}}},"5":{"name":"(anonymous_7)","decl":{"start":{"line":25,"column":35},"end":{"line":25,"column":43}},"loc":{"start":{"line":25,"column":35},"end":{"line":25,"column":71}}},"6":{"name":"(anonymous_8)","decl":{"start":{"line":26,"column":24},"end":{"line":26,"column":27}},"loc":{"start":{"line":26,"column":29},"end":{"line":26,"column":70}}},"7":{"name":"(anonymous_9)","decl":{"start":{"line":26,"column":29},"end":{"line":26,"column":37}},"loc":{"start":{"line":26,"column":29},"end":{"line":26,"column":70}}},"8":{"name":"(anonymous_10)","decl":{"start":{"line":27,"column":25},"end":{"line":27,"column":28}},"loc":{"start":{"line":27,"column":30},"end":{"line":27,"column":73}}},"9":{"name":"(anonymous_11)","decl":{"start":{"line":27,"column":30},"end":{"line":27,"column":38}},"loc":{"start":{"line":27,"column":30},"end":{"line":27,"column":73}}},"10":{"name":"(anonymous_12)","decl":{"start":{"line":28,"column":18},"end":{"line":28,"column":21}},"loc":{"start":{"line":28,"column":23},"end":{"line":28,"column":52}}},"11":{"name":"(anonymous_13)","decl":{"start":{"line":28,"column":23},"end":{"line":28,"column":31}},"loc":{"start":{"line":28,"column":23},"end":{"line":28,"column":52}}},"12":{"name":"(anonymous_14)","decl":{"start":{"line":29,"column":19},"end":{"line":29,"column":22}},"loc":{"start":{"line":29,"column":24},"end":{"line":29,"column":56}}},"13":{"name":"(anonymous_15)","decl":{"start":{"line":29,"column":24},"end":{"line":29,"column":32}},"loc":{"start":{"line":29,"column":24},"end":{"line":29,"column":56}}},"14":{"name":"(anonymous_16)","decl":{"start":{"line":30,"column":25},"end":{"line":30,"column":28}},"loc":{"start":{"line":30,"column":30},"end":{"line":30,"column":68}}},"15":{"name":"(anonymous_17)","decl":{"start":{"line":30,"column":30},"end":{"line":30,"column":38}},"loc":{"start":{"line":30,"column":30},"end":{"line":30,"column":68}}},"16":{"name":"(anonymous_18)","decl":{"start":{"line":31,"column":32},"end":{"line":31,"column":35}},"loc":{"start":{"line":31,"column":37},"end":{"line":31,"column":89}}},"17":{"name":"(anonymous_19)","decl":{"start":{"line":31,"column":37},"end":{"line":31,"column":45}},"loc":{"start":{"line":31,"column":37},"end":{"line":31,"column":89}}},"18":{"name":"(anonymous_20)","decl":{"start":{"line":32,"column":18},"end":{"line":32,"column":21}},"loc":{"start":{"line":32,"column":23},"end":{"line":32,"column":47}}},"19":{"name":"(anonymous_21)","decl":{"start":{"line":32,"column":23},"end":{"line":32,"column":31}},"loc":{"start":{"line":32,"column":23},"end":{"line":32,"column":47}}},"20":{"name":"(anonymous_22)","decl":{"start":{"line":33,"column":27},"end":{"line":33,"column":30}},"loc":{"start":{"line":33,"column":32},"end":{"line":33,"column":65}}},"21":{"name":"(anonymous_23)","decl":{"start":{"line":33,"column":32},"end":{"line":33,"column":40}},"loc":{"start":{"line":33,"column":32},"end":{"line":33,"column":65}}},"22":{"name":"(anonymous_24)","decl":{"start":{"line":34,"column":20},"end":{"line":34,"column":23}},"loc":{"start":{"line":34,"column":25},"end":{"line":34,"column":58}}},"23":{"name":"(anonymous_25)","decl":{"start":{"line":34,"column":25},"end":{"line":34,"column":33}},"loc":{"start":{"line":34,"column":25},"end":{"line":34,"column":58}}},"24":{"name":"(anonymous_26)","decl":{"start":{"line":35,"column":22},"end":{"line":35,"column":25}},"loc":{"start":{"line":35,"column":27},"end":{"line":35,"column":60}}},"25":{"name":"(anonymous_27)","decl":{"start":{"line":35,"column":27},"end":{"line":35,"column":35}},"loc":{"start":{"line":35,"column":27},"end":{"line":35,"column":60}}},"26":{"name":"(anonymous_28)","decl":{"start":{"line":36,"column":25},"end":{"line":36,"column":28}},"loc":{"start":{"line":36,"column":30},"end":{"line":36,"column":73}}},"27":{"name":"(anonymous_29)","decl":{"start":{"line":36,"column":30},"end":{"line":36,"column":38}},"loc":{"start":{"line":36,"column":30},"end":{"line":36,"column":73}}},"28":{"name":"(anonymous_30)","decl":{"start":{"line":37,"column":24},"end":{"line":37,"column":27}},"loc":{"start":{"line":37,"column":29},"end":{"line":37,"column":63}}},"29":{"name":"(anonymous_31)","decl":{"start":{"line":37,"column":29},"end":{"line":37,"column":37}},"loc":{"start":{"line":37,"column":29},"end":{"line":37,"column":63}}},"30":{"name":"(anonymous_32)","decl":{"start":{"line":38,"column":22},"end":{"line":38,"column":25}},"loc":{"start":{"line":38,"column":27},"end":{"line":38,"column":62}}},"31":{"name":"(anonymous_33)","decl":{"start":{"line":38,"column":27},"end":{"line":38,"column":35}},"loc":{"start":{"line":38,"column":27},"end":{"line":38,"column":62}}},"32":{"name":"(anonymous_34)","decl":{"start":{"line":39,"column":26},"end":{"line":39,"column":29}},"loc":{"start":{"line":39,"column":31},"end":{"line":39,"column":67}}},"33":{"name":"(anonymous_35)","decl":{"start":{"line":39,"column":31},"end":{"line":39,"column":39}},"loc":{"start":{"line":39,"column":31},"end":{"line":39,"column":67}}},"34":{"name":"(anonymous_36)","decl":{"start":{"line":40,"column":21},"end":{"line":40,"column":24}},"loc":{"start":{"line":40,"column":26},"end":{"line":40,"column":60}}},"35":{"name":"(anonymous_37)","decl":{"start":{"line":40,"column":26},"end":{"line":40,"column":34}},"loc":{"start":{"line":40,"column":26},"end":{"line":40,"column":60}}},"36":{"name":"(anonymous_38)","decl":{"start":{"line":41,"column":22},"end":{"line":41,"column":25}},"loc":{"start":{"line":41,"column":27},"end":{"line":41,"column":62}}},"37":{"name":"(anonymous_39)","decl":{"start":{"line":41,"column":27},"end":{"line":41,"column":35}},"loc":{"start":{"line":41,"column":27},"end":{"line":41,"column":62}}},"38":{"name":"(anonymous_40)","decl":{"start":{"line":42,"column":26},"end":{"line":42,"column":29}},"loc":{"start":{"line":42,"column":31},"end":{"line":42,"column":76}}},"39":{"name":"(anonymous_41)","decl":{"start":{"line":42,"column":31},"end":{"line":42,"column":39}},"loc":{"start":{"line":42,"column":31},"end":{"line":42,"column":76}}},"40":{"name":"(anonymous_42)","decl":{"start":{"line":43,"column":36},"end":{"line":43,"column":39}},"loc":{"start":{"line":43,"column":41},"end":{"line":43,"column":106}}},"41":{"name":"(anonymous_43)","decl":{"start":{"line":43,"column":41},"end":{"line":43,"column":49}},"loc":{"start":{"line":43,"column":41},"end":{"line":43,"column":106}}},"42":{"name":"(anonymous_44)","decl":{"start":{"line":44,"column":36},"end":{"line":44,"column":39}},"loc":{"start":{"line":44,"column":41},"end":{"line":44,"column":101}}},"43":{"name":"(anonymous_45)","decl":{"start":{"line":44,"column":41},"end":{"line":44,"column":49}},"loc":{"start":{"line":44,"column":41},"end":{"line":44,"column":101}}},"44":{"name":"(anonymous_46)","decl":{"start":{"line":47,"column":12},"end":{"line":47,"column":28}},"loc":{"start":{"line":47,"column":30},"end":{"line":129,"column":1}}},"45":{"name":"(anonymous_47)","decl":{"start":{"line":62,"column":12},"end":{"line":62,"column":15}},"loc":{"start":{"line":62,"column":17},"end":{"line":68,"column":3}}}},"branchMap":{"0":{"loc":{"start":{"line":65,"column":4},"end":{"line":67,"column":null}},"type":"if","locations":[{"start":{"line":65,"column":4},"end":{"line":67,"column":null}},{"start":{"line":65,"column":4},"end":{"line":67,"column":null}}]},"1":{"loc":{"start":{"line":94,"column":9},"end":{"line":94,"column":18}},"type":"binary-expr","locations":[{"start":{"line":94,"column":9},"end":{"line":94,"column":18}},{"start":{"line":94,"column":22},"end":{"line":94,"column":41}}]}},"s":{"0":6,"1":6,"2":6,"3":6,"4":6,"5":6,"6":6,"7":6,"8":6,"9":6,"10":6,"11":6,"12":6,"13":6,"14":6,"15":6,"16":6,"17":6,"18":6,"19":0,"20":6,"21":0,"22":6,"23":0,"24":6,"25":0,"26":6,"27":0,"28":6,"29":0,"30":6,"31":0,"32":6,"33":0,"34":6,"35":0,"36":6,"37":0,"38":6,"39":0,"40":6,"41":0,"42":6,"43":0,"44":6,"45":0,"46":6,"47":0,"48":6,"49":0,"50":6,"51":0,"52":6,"53":0,"54":6,"55":0,"56":6,"57":0,"58":6,"59":0,"60":6,"61":0,"62":6,"63":6,"64":1,"65":1,"66":1,"67":1,"68":1,"69":1,"70":0,"71":0,"72":0,"73":1,"74":6},"f":{"0":0,"1":0,"2":0,"3":0,"4":0,"5":0,"6":0,"7":0,"8":0,"9":0,"10":0,"11":0,"12":0,"13":0,"14":0,"15":0,"16":0,"17":0,"18":0,"19":0,"20":0,"21":0,"22":0,"23":0,"24":0,"25":0,"26":0,"27":0,"28":0,"29":0,"30":0,"31":0,"32":0,"33":0,"34":0,"35":0,"36":0,"37":0,"38":0,"39":0,"40":0,"41":0,"42":0,"43":0,"44":1,"45":0},"b":{"0":[0,0],"1":[1,1]}}
,"/Users/chakkaravarthi/Dev/UMG/umg_deli/umgc_delivery/src/drupalIds.tsx": {"path":"/Users/chakkaravarthi/Dev/UMG/umg_deli/umgc_delivery/src/drupalIds.tsx","statementMap":{"0":{"start":{"line":1,"column":18},"end":{"line":75,"column":2}},"1":{"start":{"line":76,"column":0},"end":{"line":76,"column":25}}},"fnMap":{},"branchMap":{},"s":{"0":60,"1":60},"f":{},"b":{}}
,"/Users/chakkaravarthi/Dev/UMG/umg_deli/umgc_delivery/src/store.tsx": {"path":"/Users/chakkaravarthi/Dev/UMG/umg_deli/umgc_delivery/src/store.tsx","statementMap":{"0":{"start":{"line":1,"column":0},"end":{"line":1,"column":62}},"1":{"start":{"line":2,"column":0},"end":{"line":2,"column":42}},"2":{"start":{"line":3,"column":0},"end":{"line":3,"column":44}},"3":{"start":{"line":12,"column":0},"end":{"line":17,"column":2}},"4":{"start":{"line":13,"column":28},"end":{"line":13,"column":101}},"5":{"start":{"line":14,"column":16},"end":{"line":14,"column":106}},"6":{"start":{"line":16,"column":2},"end":{"line":16,"column":15}}},"fnMap":{"0":{"name":"(anonymous_1)","decl":{"start":{"line":12,"column":15},"end":{"line":12,"column":16}},"loc":{"start":{"line":12,"column":42},"end":{"line":17,"column":1}}}},"branchMap":{"0":{"loc":{"start":{"line":12,"column":31},"end":{"line":12,"column":33}},"type":"default-arg","locations":[{"start":{"line":12,"column":31},"end":{"line":12,"column":33}}]},"1":{"loc":{"start":{"line":13,"column":28},"end":{"line":13,"column":90}},"type":"binary-expr","locations":[{"start":{"line":13,"column":28},"end":{"line":13,"column":90}},{"start":{"line":13,"column":94},"end":{"line":13,"column":101}}]}},"s":{"0":6,"1":6,"2":6,"3":6,"4":6,"5":6,"6":6},"f":{"0":6},"b":{"0":[6],"1":[6,6]}}
,"/Users/chakkaravarthi/Dev/UMG/umg_deli/umgc_delivery/src/components/AllLinksOverlay.tsx": {"path":"/Users/chakkaravarthi/Dev/UMG/umg_deli/umgc_delivery/src/components/AllLinksOverlay.tsx","statementMap":{"0":{"start":{"line":1,"column":0},"end":{"line":1,"column":51}},"1":{"start":{"line":2,"column":0},"end":{"line":2,"column":29}},"2":{"start":{"line":3,"column":0},"end":{"line":3,"column":38}},"3":{"start":{"line":8,"column":0},"end":{"line":8,"column":null}},"4":{"start":{"line":13,"column":0},"end":{"line":13,"column":64}},"5":{"start":{"line":14,"column":0},"end":{"line":14,"column":67}},"6":{"start":{"line":15,"column":0},"end":{"line":15,"column":71}},"7":{"start":{"line":21,"column":0},"end":{"line":21,"column":37}},"8":{"start":{"line":22,"column":0},"end":{"line":22,"column":49}},"9":{"start":{"line":24,"column":50},"end":{"line":28,"column":2}},"10":{"start":{"line":43,"column":17},"end":{"line":46,"column":null}},"11":{"start":{"line":43,"column":59},"end":{"line":46,"column":null}},"12":{"start":{"line":49,"column":23},"end":{"line":53,"column":2}},"13":{"start":{"line":55,"column":23},"end":{"line":55,"column":24}},"14":{"start":{"line":57,"column":13},"end":{"line":162,"column":2}},"15":{"start":{"line":69,"column":6},"end":{"line":69,"column":11}},"16":{"start":{"line":71,"column":2},"end":{"line":74,"column":13}},"17":{"start":{"line":72,"column":4},"end":{"line":72,"column":66}},"18":{"start":{"line":73,"column":4},"end":{"line":73,"column":64}},"19":{"start":{"line":76,"column":36},"end":{"line":76,"column":46}},"20":{"start":{"line":78,"column":2},"end":{"line":80,"column":14}},"21":{"start":{"line":79,"column":4},"end":{"line":79,"column":57}},"22":{"start":{"line":79,"column":32},"end":{"line":79,"column":54}},"23":{"start":{"line":82,"column":26},"end":{"line":98,"column":3}},"24":{"start":{"line":87,"column":19},"end":{"line":87,"column":44}},"25":{"start":{"line":88,"column":26},"end":{"line":88,"column":40}},"26":{"start":{"line":90,"column":4},"end":{"line":97,"column":null}},"27":{"start":{"line":91,"column":20},"end":{"line":91,"column":45}},"28":{"start":{"line":92,"column":6},"end":{"line":92,"column":37}},"29":{"start":{"line":93,"column":6},"end":{"line":93,"column":34}},"30":{"start":{"line":95,"column":6},"end":{"line":95,"column":33}},"31":{"start":{"line":96,"column":6},"end":{"line":96,"column":34}},"32":{"start":{"line":100,"column":2},"end":{"line":161,"column":4}},"33":{"start":{"line":104,"column":36},"end":{"line":132,"column":12}},"34":{"start":{"line":108,"column":39},"end":{"line":131,"column":14}},"35":{"start":{"line":111,"column":16},"end":{"line":129,"column":18}},"36":{"start":{"line":114,"column":22},"end":{"line":114,"column":66}},"37":{"start":{"line":136,"column":8},"end":{"line":136,"column":33}},"38":{"start":{"line":137,"column":8},"end":{"line":137,"column":68}},"39":{"start":{"line":141,"column":8},"end":{"line":144,"column":null}},"40":{"start":{"line":142,"column":10},"end":{"line":142,"column":46}},"41":{"start":{"line":143,"column":10},"end":{"line":143,"column":17}},"42":{"start":{"line":146,"column":8},"end":{"line":150,"column":null}},"43":{"start":{"line":147,"column":10},"end":{"line":149,"column":null}},"44":{"start":{"line":148,"column":12},"end":{"line":148,"column":19}},"45":{"start":{"line":152,"column":8},"end":{"line":157,"column":null}},"46":{"start":{"line":153,"column":10},"end":{"line":156,"column":13}},"47":{"start":{"line":154,"column":12},"end":{"line":154,"column":39}},"48":{"start":{"line":155,"column":12},"end":{"line":155,"column":72}},"49":{"start":{"line":159,"column":24},"end":{"line":159,"column":50}},"50":{"start":{"line":164,"column":0},"end":{"line":167,"column":19}}},"fnMap":{"0":{"name":"(anonymous_2)","decl":{"start":{"line":43,"column":17},"end":{"line":43,"column":18}},"loc":{"start":{"line":43,"column":59},"end":{"line":46,"column":null}}},"1":{"name":"(anonymous_3)","decl":{"start":{"line":57,"column":48},"end":{"line":57,"column":53}},"loc":{"start":{"line":57,"column":56},"end":{"line":162,"column":1}}},"2":{"name":"(anonymous_4)","decl":{"start":{"line":71,"column":12},"end":{"line":71,"column":15}},"loc":{"start":{"line":71,"column":17},"end":{"line":74,"column":3}}},"3":{"name":"(anonymous_5)","decl":{"start":{"line":78,"column":12},"end":{"line":78,"column":15}},"loc":{"start":{"line":78,"column":17},"end":{"line":80,"column":3}}},"4":{"name":"(anonymous_6)","decl":{"start":{"line":79,"column":27},"end":{"line":79,"column":28}},"loc":{"start":{"line":79,"column":32},"end":{"line":79,"column":54}}},"5":{"name":"(anonymous_7)","decl":{"start":{"line":82,"column":26},"end":{"line":82,"column":null}},"loc":{"start":{"line":86,"column":12},"end":{"line":98,"column":3}}},"6":{"name":"(anonymous_8)","decl":{"start":{"line":104,"column":30},"end":{"line":104,"column":31}},"loc":{"start":{"line":104,"column":36},"end":{"line":132,"column":12}}},"7":{"name":"(anonymous_9)","decl":{"start":{"line":108,"column":33},"end":{"line":108,"column":34}},"loc":{"start":{"line":108,"column":39},"end":{"line":131,"column":14}}},"8":{"name":"(anonymous_10)","decl":{"start":{"line":110,"column":20},"end":{"line":110,"column":21}},"loc":{"start":{"line":110,"column":51},"end":{"line":130,"column":15}}},"9":{"name":"(anonymous_11)","decl":{"start":{"line":113,"column":33},"end":{"line":113,"column":36}},"loc":{"start":{"line":113,"column":38},"end":{"line":115,"column":21}}},"10":{"name":"(anonymous_12)","decl":{"start":{"line":135,"column":15},"end":{"line":135,"column":24}},"loc":{"start":{"line":135,"column":26},"end":{"line":138,"column":7}}},"11":{"name":"(anonymous_13)","decl":{"start":{"line":140,"column":17},"end":{"line":140,"column":20}},"loc":{"start":{"line":140,"column":22},"end":{"line":158,"column":7}}},"12":{"name":"(anonymous_14)","decl":{"start":{"line":153,"column":40},"end":{"line":153,"column":43}},"loc":{"start":{"line":153,"column":45},"end":{"line":156,"column":11}}},"13":{"name":"(anonymous_15)","decl":{"start":{"line":159,"column":18},"end":{"line":159,"column":21}},"loc":{"start":{"line":159,"column":24},"end":{"line":159,"column":50}}}},"branchMap":{"0":{"loc":{"start":{"line":72,"column":4},"end":{"line":72,"column":23}},"type":"binary-expr","locations":[{"start":{"line":72,"column":4},"end":{"line":72,"column":23}},{"start":{"line":72,"column":27},"end":{"line":72,"column":65}}]},"1":{"loc":{"start":{"line":73,"column":4},"end":{"line":73,"column":8}},"type":"binary-expr","locations":[{"start":{"line":73,"column":4},"end":{"line":73,"column":8}},{"start":{"line":73,"column":12},"end":{"line":73,"column":25}},{"start":{"line":73,"column":29},"end":{"line":73,"column":43}},{"start":{"line":73,"column":47},"end":{"line":73,"column":63}}]},"2":{"loc":{"start":{"line":90,"column":4},"end":{"line":97,"column":null}},"type":"if","locations":[{"start":{"line":90,"column":4},"end":{"line":97,"column":null}},{"start":{"line":90,"column":4},"end":{"line":97,"column":null}}]},"3":{"loc":{"start":{"line":103,"column":38},"end":{"line":103,"column":40}},"type":"cond-expr","locations":[{"start":{"line":103,"column":38},"end":{"line":103,"column":40}},{"start":{"line":104,"column":12},"end":{"line":132,"column":13}}]},"4":{"loc":{"start":{"line":103,"column":9},"end":{"line":103,"column":16}},"type":"binary-expr","locations":[{"start":{"line":103,"column":9},"end":{"line":103,"column":16}},{"start":{"line":103,"column":20},"end":{"line":103,"column":34}}]},"5":{"loc":{"start":{"line":112,"column":18},"end":{"line":118,"column":null}},"type":"cond-expr","locations":[{"start":{"line":112,"column":18},"end":{"line":118,"column":null}},{"start":{"line":122,"column":18},"end":{"line":127,"column":null}}]},"6":{"loc":{"start":{"line":137,"column":8},"end":{"line":137,"column":12}},"type":"binary-expr","locations":[{"start":{"line":137,"column":8},"end":{"line":137,"column":12}},{"start":{"line":137,"column":16},"end":{"line":137,"column":29}},{"start":{"line":137,"column":33},"end":{"line":137,"column":47}},{"start":{"line":137,"column":51},"end":{"line":137,"column":67}}]},"7":{"loc":{"start":{"line":141,"column":8},"end":{"line":144,"column":null}},"type":"if","locations":[{"start":{"line":141,"column":8},"end":{"line":144,"column":null}},{"start":{"line":141,"column":8},"end":{"line":144,"column":null}}]},"8":{"loc":{"start":{"line":146,"column":8},"end":{"line":150,"column":null}},"type":"if","locations":[{"start":{"line":146,"column":8},"end":{"line":150,"column":null}},{"start":{"line":146,"column":8},"end":{"line":150,"column":null}}]},"9":{"loc":{"start":{"line":147,"column":10},"end":{"line":149,"column":null}},"type":"if","locations":[{"start":{"line":147,"column":10},"end":{"line":149,"column":null}},{"start":{"line":147,"column":10},"end":{"line":149,"column":null}}]},"10":{"loc":{"start":{"line":152,"column":8},"end":{"line":157,"column":null}},"type":"if","locations":[{"start":{"line":152,"column":8},"end":{"line":157,"column":null}},{"start":{"line":152,"column":8},"end":{"line":157,"column":null}}]},"11":{"loc":{"start":{"line":152,"column":12},"end":{"line":152,"column":16}},"type":"binary-expr","locations":[{"start":{"line":152,"column":12},"end":{"line":152,"column":16}},{"start":{"line":152,"column":20},"end":{"line":152,"column":33}},{"start":{"line":152,"column":37},"end":{"line":152,"column":50}}]},"12":{"loc":{"start":{"line":155,"column":12},"end":{"line":155,"column":16}},"type":"binary-expr","locations":[{"start":{"line":155,"column":12},"end":{"line":155,"column":16}},{"start":{"line":155,"column":20},"end":{"line":155,"column":33}},{"start":{"line":155,"column":37},"end":{"line":155,"column":51}},{"start":{"line":155,"column":55},"end":{"line":155,"column":71}}]}},"s":{"0":6,"1":6,"2":6,"3":6,"4":6,"5":6,"6":6,"7":6,"8":6,"9":6,"10":6,"11":0,"12":6,"13":6,"14":6,"15":0,"16":0,"17":0,"18":0,"19":0,"20":0,"21":0,"22":0,"23":0,"24":0,"25":0,"26":0,"27":0,"28":0,"29":0,"30":0,"31":0,"32":0,"33":0,"34":0,"35":0,"36":0,"37":0,"38":0,"39":0,"40":0,"41":0,"42":0,"43":0,"44":0,"45":0,"46":0,"47":0,"48":0,"49":0,"50":6},"f":{"0":0,"1":0,"2":0,"3":0,"4":0,"5":0,"6":0,"7":0,"8":0,"9":0,"10":0,"11":0,"12":0,"13":0},"b":{"0":[0,0],"1":[0,0,0,0],"2":[0,0],"3":[0,0],"4":[0,0],"5":[0,0],"6":[0,0,0,0],"7":[0,0],"8":[0,0],"9":[0,0],"10":[0,0],"11":[0,0,0],"12":[0,0,0,0]}}
,"/Users/chakkaravarthi/Dev/UMG/umg_deli/umgc_delivery/src/components/NotificationsOverlay.tsx": {"path":"/Users/chakkaravarthi/Dev/UMG/umg_deli/umgc_delivery/src/components/NotificationsOverlay.tsx","statementMap":{"0":{"start":{"line":1,"column":0},"end":{"line":1,"column":26}},"1":{"start":{"line":2,"column":0},"end":{"line":2,"column":38}},"2":{"start":{"line":4,"column":0},"end":{"line":4,"column":75}},"3":{"start":{"line":5,"column":0},"end":{"line":5,"column":77}},"4":{"start":{"line":7,"column":0},"end":{"line":7,"column":42}},"5":{"start":{"line":8,"column":0},"end":{"line":8,"column":50}},"6":{"start":{"line":17,"column":17},"end":{"line":19,"column":null}},"7":{"start":{"line":17,"column":59},"end":{"line":19,"column":null}},"8":{"start":{"line":22,"column":23},"end":{"line":24,"column":2}},"9":{"start":{"line":26,"column":13},"end":{"line":43,"column":2}},"10":{"start":{"line":27,"column":53},"end":{"line":27,"column":58}},"11":{"start":{"line":29,"column":26},"end":{"line":29,"column":62}},"12":{"start":{"line":29,"column":38},"end":{"line":29,"column":62}},"13":{"start":{"line":31,"column":2},"end":{"line":42,"column":4}},"14":{"start":{"line":32,"column":57},"end":{"line":32,"column":74}},"15":{"start":{"line":45,"column":0},"end":{"line":48,"column":24}}},"fnMap":{"0":{"name":"(anonymous_1)","decl":{"start":{"line":17,"column":17},"end":{"line":17,"column":18}},"loc":{"start":{"line":17,"column":59},"end":{"line":19,"column":null}}},"1":{"name":"(anonymous_2)","decl":{"start":{"line":26,"column":53},"end":{"line":26,"column":58}},"loc":{"start":{"line":26,"column":61},"end":{"line":43,"column":1}}},"2":{"name":"(anonymous_3)","decl":{"start":{"line":29,"column":26},"end":{"line":29,"column":35}},"loc":{"start":{"line":29,"column":38},"end":{"line":29,"column":62}}},"3":{"name":"(anonymous_4)","decl":{"start":{"line":32,"column":51},"end":{"line":32,"column":54}},"loc":{"start":{"line":32,"column":57},"end":{"line":32,"column":74}}}},"branchMap":{},"s":{"0":6,"1":6,"2":6,"3":6,"4":6,"5":6,"6":6,"7":0,"8":6,"9":6,"10":0,"11":0,"12":0,"13":0,"14":0,"15":6},"f":{"0":0,"1":0,"2":0,"3":0},"b":{}}
,"/Users/chakkaravarthi/Dev/UMG/umg_deli/umgc_delivery/src/components/SlidingMenu.tsx": {"path":"/Users/chakkaravarthi/Dev/UMG/umg_deli/umgc_delivery/src/components/SlidingMenu.tsx","statementMap":{"0":{"start":{"line":1,"column":0},"end":{"line":1,"column":63}},"1":{"start":{"line":2,"column":0},"end":{"line":2,"column":38}},"2":{"start":{"line":3,"column":0},"end":{"line":3,"column":29}},"3":{"start":{"line":4,"column":0},"end":{"line":4,"column":52}},"4":{"start":{"line":8,"column":0},"end":{"line":8,"column":79}},"5":{"start":{"line":9,"column":0},"end":{"line":9,"column":67}},"6":{"start":{"line":11,"column":0},"end":{"line":11,"column":85}},"7":{"start":{"line":12,"column":0},"end":{"line":12,"column":null}},"8":{"start":{"line":16,"column":0},"end":{"line":16,"column":81}},"9":{"start":{"line":17,"column":0},"end":{"line":17,"column":71}},"10":{"start":{"line":19,"column":0},"end":{"line":19,"column":50}},"11":{"start":{"line":20,"column":0},"end":{"line":20,"column":87}},"12":{"start":{"line":21,"column":0},"end":{"line":21,"column":69}},"13":{"start":{"line":22,"column":0},"end":{"line":22,"column":71}},"14":{"start":{"line":23,"column":0},"end":{"line":23,"column":58}},"15":{"start":{"line":24,"column":0},"end":{"line":24,"column":99}},"16":{"start":{"line":25,"column":0},"end":{"line":25,"column":38}},"17":{"start":{"line":26,"column":0},"end":{"line":26,"column":79}},"18":{"start":{"line":27,"column":0},"end":{"line":27,"column":88}},"19":{"start":{"line":28,"column":0},"end":{"line":28,"column":69}},"20":{"start":{"line":30,"column":0},"end":{"line":30,"column":53}},"21":{"start":{"line":66,"column":17},"end":{"line":75,"column":null}},"22":{"start":{"line":66,"column":59},"end":{"line":75,"column":null}},"23":{"start":{"line":78,"column":23},"end":{"line":84,"column":2}},"24":{"start":{"line":86,"column":13},"end":{"line":343,"column":2}},"25":{"start":{"line":87,"column":27},"end":{"line":87,"column":55}},"26":{"start":{"line":102,"column":6},"end":{"line":102,"column":11}},"27":{"start":{"line":104,"column":16},"end":{"line":104,"column":26}},"28":{"start":{"line":105,"column":18},"end":{"line":105,"column":30}},"29":{"start":{"line":106,"column":30},"end":{"line":106,"column":50}},"30":{"start":{"line":107,"column":26},"end":{"line":107,"column":27}},"31":{"start":{"line":108,"column":22},"end":{"line":108,"column":24}},"32":{"start":{"line":109,"column":2},"end":{"line":109,"column":33}},"33":{"start":{"line":111,"column":40},"end":{"line":111,"column":99}},"34":{"start":{"line":113,"column":23},"end":{"line":122,"column":3}},"35":{"start":{"line":114,"column":4},"end":{"line":114,"column":50}},"36":{"start":{"line":115,"column":4},"end":{"line":115,"column":27}},"37":{"start":{"line":116,"column":4},"end":{"line":116,"column":61}},"38":{"start":{"line":118,"column":4},"end":{"line":121,"column":null}},"39":{"start":{"line":119,"column":6},"end":{"line":119,"column":26}},"40":{"start":{"line":120,"column":6},"end":{"line":120,"column":71}},"41":{"start":{"line":124,"column":20},"end":{"line":124,"column":47}},"42":{"start":{"line":126,"column":2},"end":{"line":139,"column":9}},"43":{"start":{"line":127,"column":4},"end":{"line":127,"column":39}},"44":{"start":{"line":128,"column":4},"end":{"line":128,"column":57}},"45":{"start":{"line":130,"column":35},"end":{"line":132,"column":5}},"46":{"start":{"line":131,"column":6},"end":{"line":131,"column":61}},"47":{"start":{"line":134,"column":4},"end":{"line":135,"column":64}},"48":{"start":{"line":136,"column":4},"end":{"line":138,"column":6}},"49":{"start":{"line":137,"column":6},"end":{"line":137,"column":67}},"50":{"start":{"line":141,"column":50},"end":{"line":141,"column":74}},"51":{"start":{"line":143,"column":2},"end":{"line":150,"column":18}},"52":{"start":{"line":144,"column":4},"end":{"line":149,"column":null}},"53":{"start":{"line":145,"column":6},"end":{"line":145,"column":69}},"54":{"start":{"line":146,"column":6},"end":{"line":146,"column":32}},"55":{"start":{"line":147,"column":6},"end":{"line":148,"column":82}},"56":{"start":{"line":148,"column":54},"end":{"line":148,"column":80}},"57":{"start":{"line":152,"column":24},"end":{"line":152,"column":43}},"58":{"start":{"line":153,"column":25},"end":{"line":153,"column":44}},"59":{"start":{"line":155,"column":25},"end":{"line":159,"column":3}},"60":{"start":{"line":156,"column":4},"end":{"line":156,"column":61}},"61":{"start":{"line":157,"column":4},"end":{"line":157,"column":75}},"62":{"start":{"line":158,"column":4},"end":{"line":158,"column":29}},"63":{"start":{"line":161,"column":23},"end":{"line":165,"column":3}},"64":{"start":{"line":162,"column":18},"end":{"line":162,"column":33}},"65":{"start":{"line":163,"column":4},"end":{"line":163,"column":37}},"66":{"start":{"line":164,"column":4},"end":{"line":164,"column":21}},"67":{"start":{"line":167,"column":25},"end":{"line":178,"column":3}},"68":{"start":{"line":168,"column":18},"end":{"line":168,"column":33}},"69":{"start":{"line":170,"column":4},"end":{"line":170,"column":57}},"70":{"start":{"line":171,"column":4},"end":{"line":171,"column":31}},"71":{"start":{"line":172,"column":4},"end":{"line":172,"column":61}},"72":{"start":{"line":174,"column":4},"end":{"line":177,"column":null}},"73":{"start":{"line":175,"column":6},"end":{"line":175,"column":26}},"74":{"start":{"line":176,"column":6},"end":{"line":176,"column":80}},"75":{"start":{"line":180,"column":32},"end":{"line":183,"column":3}},"76":{"start":{"line":181,"column":4},"end":{"line":181,"column":50}},"77":{"start":{"line":182,"column":4},"end":{"line":182,"column":29}},"78":{"start":{"line":185,"column":28},"end":{"line":185,"column":69}},"79":{"start":{"line":186,"column":19},"end":{"line":186,"column":54}},"80":{"start":{"line":187,"column":2},"end":{"line":187,"column":64}},"81":{"start":{"line":188,"column":27},"end":{"line":188,"column":89}},"82":{"start":{"line":191,"column":4},"end":{"line":221,"column":null}},"83":{"start":{"line":195,"column":12},"end":{"line":195,"column":41}},"84":{"start":{"line":199,"column":37},"end":{"line":199,"column":54}},"85":{"start":{"line":204,"column":12},"end":{"line":204,"column":32}},"86":{"start":{"line":205,"column":12},"end":{"line":205,"column":62}},"87":{"start":{"line":226,"column":4},"end":{"line":333,"column":null}},"88":{"start":{"line":244,"column":16},"end":{"line":244,"column":62}},"89":{"start":{"line":245,"column":16},"end":{"line":245,"column":66}},"90":{"start":{"line":255,"column":16},"end":{"line":255,"column":62}},"91":{"start":{"line":256,"column":16},"end":{"line":256,"column":34}},"92":{"start":{"line":264,"column":14},"end":{"line":264,"column":59}},"93":{"start":{"line":265,"column":14},"end":{"line":265,"column":34}},"94":{"start":{"line":266,"column":14},"end":{"line":266,"column":36}},"95":{"start":{"line":270,"column":28},"end":{"line":270,"column":73}},"96":{"start":{"line":290,"column":72},"end":{"line":304,"column":14}},"97":{"start":{"line":293,"column":16},"end":{"line":301,"column":null}},"98":{"start":{"line":295,"column":20},"end":{"line":295,"column":66}},"99":{"start":{"line":296,"column":20},"end":{"line":296,"column":40}},"100":{"start":{"line":312,"column":16},"end":{"line":319,"column":null}},"101":{"start":{"line":314,"column":20},"end":{"line":314,"column":65}},"102":{"start":{"line":315,"column":20},"end":{"line":315,"column":40}},"103":{"start":{"line":316,"column":20},"end":{"line":316,"column":41}},"104":{"start":{"line":322,"column":40},"end":{"line":329,"column":16}},"105":{"start":{"line":325,"column":18},"end":{"line":326,"column":null}},"106":{"start":{"line":325,"column":36},"end":{"line":325,"column":55}},"107":{"start":{"line":337,"column":2},"end":{"line":342,"column":4}},"108":{"start":{"line":345,"column":0},"end":{"line":345,"column":62}}},"fnMap":{"0":{"name":"(anonymous_2)","decl":{"start":{"line":66,"column":17},"end":{"line":66,"column":18}},"loc":{"start":{"line":66,"column":59},"end":{"line":75,"column":null}}},"1":{"name":"(anonymous_3)","decl":{"start":{"line":86,"column":38},"end":{"line":86,"column":43}},"loc":{"start":{"line":86,"column":46},"end":{"line":343,"column":1}}},"2":{"name":"(anonymous_4)","decl":{"start":{"line":113,"column":23},"end":{"line":113,"column":24}},"loc":{"start":{"line":113,"column":61},"end":{"line":122,"column":3}}},"3":{"name":"(anonymous_5)","decl":{"start":{"line":126,"column":12},"end":{"line":126,"column":15}},"loc":{"start":{"line":126,"column":17},"end":{"line":139,"column":3}}},"4":{"name":"(anonymous_6)","decl":{"start":{"line":130,"column":35},"end":{"line":130,"column":44}},"loc":{"start":{"line":130,"column":46},"end":{"line":132,"column":5}}},"5":{"name":"(anonymous_7)","decl":{"start":{"line":136,"column":11},"end":{"line":136,"column":14}},"loc":{"start":{"line":136,"column":16},"end":{"line":138,"column":5}}},"6":{"name":"(anonymous_8)","decl":{"start":{"line":143,"column":12},"end":{"line":143,"column":15}},"loc":{"start":{"line":143,"column":17},"end":{"line":150,"column":3}}},"7":{"name":"(anonymous_9)","decl":{"start":{"line":148,"column":48},"end":{"line":148,"column":51}},"loc":{"start":{"line":148,"column":54},"end":{"line":148,"column":80}}},"8":{"name":"(anonymous_10)","decl":{"start":{"line":155,"column":25},"end":{"line":155,"column":26}},"loc":{"start":{"line":155,"column":53},"end":{"line":159,"column":3}}},"9":{"name":"(anonymous_11)","decl":{"start":{"line":161,"column":23},"end":{"line":161,"column":24}},"loc":{"start":{"line":161,"column":47},"end":{"line":165,"column":3}}},"10":{"name":"(anonymous_12)","decl":{"start":{"line":167,"column":25},"end":{"line":167,"column":26}},"loc":{"start":{"line":167,"column":75},"end":{"line":178,"column":3}}},"11":{"name":"(anonymous_13)","decl":{"start":{"line":180,"column":32},"end":{"line":180,"column":41}},"loc":{"start":{"line":180,"column":43},"end":{"line":183,"column":3}}},"12":{"name":"(anonymous_14)","decl":{"start":{"line":194,"column":23},"end":{"line":194,"column":26}},"loc":{"start":{"line":194,"column":28},"end":{"line":196,"column":11}}},"13":{"name":"(anonymous_15)","decl":{"start":{"line":199,"column":31},"end":{"line":199,"column":34}},"loc":{"start":{"line":199,"column":37},"end":{"line":199,"column":54}}},"14":{"name":"(anonymous_16)","decl":{"start":{"line":203,"column":23},"end":{"line":203,"column":26}},"loc":{"start":{"line":203,"column":28},"end":{"line":206,"column":11}}},"15":{"name":"(anonymous_17)","decl":{"start":{"line":243,"column":27},"end":{"line":243,"column":30}},"loc":{"start":{"line":243,"column":32},"end":{"line":246,"column":15}}},"16":{"name":"(anonymous_18)","decl":{"start":{"line":254,"column":27},"end":{"line":254,"column":30}},"loc":{"start":{"line":254,"column":32},"end":{"line":257,"column":15}}},"17":{"name":"(anonymous_19)","decl":{"start":{"line":263,"column":25},"end":{"line":263,"column":28}},"loc":{"start":{"line":263,"column":30},"end":{"line":267,"column":13}}},"18":{"name":"(anonymous_20)","decl":{"start":{"line":270,"column":22},"end":{"line":270,"column":25}},"loc":{"start":{"line":270,"column":28},"end":{"line":270,"column":73}}},"19":{"name":"(anonymous_21)","decl":{"start":{"line":290,"column":59},"end":{"line":290,"column":60}},"loc":{"start":{"line":290,"column":72},"end":{"line":304,"column":14}}},"20":{"name":"(anonymous_22)","decl":{"start":{"line":292,"column":20},"end":{"line":292,"column":21}},"loc":{"start":{"line":293,"column":16},"end":{"line":301,"column":null}}},"21":{"name":"(anonymous_23)","decl":{"start":{"line":294,"column":27},"end":{"line":294,"column":30}},"loc":{"start":{"line":294,"column":32},"end":{"line":297,"column":19}}},"22":{"name":"(anonymous_24)","decl":{"start":{"line":311,"column":24},"end":{"line":311,"column":25}},"loc":{"start":{"line":312,"column":16},"end":{"line":319,"column":null}}},"23":{"name":"(anonymous_25)","decl":{"start":{"line":313,"column":31},"end":{"line":313,"column":34}},"loc":{"start":{"line":313,"column":36},"end":{"line":317,"column":19}}},"24":{"name":"(anonymous_26)","decl":{"start":{"line":322,"column":31},"end":{"line":322,"column":35}},"loc":{"start":{"line":322,"column":40},"end":{"line":329,"column":16}}},"25":{"name":"(anonymous_27)","decl":{"start":{"line":324,"column":22},"end":{"line":324,"column":23}},"loc":{"start":{"line":325,"column":18},"end":{"line":326,"column":null}}},"26":{"name":"(anonymous_28)","decl":{"start":{"line":325,"column":30},"end":{"line":325,"column":33}},"loc":{"start":{"line":325,"column":36},"end":{"line":325,"column":55}}}},"branchMap":{"0":{"loc":{"start":{"line":72,"column":6},"end":{"line":72,"column":50}},"type":"cond-expr","locations":[{"start":{"line":72,"column":6},"end":{"line":72,"column":50}},{"start":{"line":73,"column":6},"end":{"line":73,"column":8}}]},"1":{"loc":{"start":{"line":93,"column":24},"end":{"line":93,"column":26}},"type":"default-arg","locations":[{"start":{"line":93,"column":24},"end":{"line":93,"column":26}}]},"2":{"loc":{"start":{"line":114,"column":4},"end":{"line":114,"column":21}},"type":"binary-expr","locations":[{"start":{"line":114,"column":4},"end":{"line":114,"column":21}},{"start":{"line":114,"column":25},"end":{"line":114,"column":49}}]},"3":{"loc":{"start":{"line":116,"column":4},"end":{"line":116,"column":29}},"type":"binary-expr","locations":[{"start":{"line":116,"column":4},"end":{"line":116,"column":29}},{"start":{"line":116,"column":33},"end":{"line":116,"column":60}}]},"4":{"loc":{"start":{"line":118,"column":4},"end":{"line":121,"column":null}},"type":"if","locations":[{"start":{"line":118,"column":4},"end":{"line":121,"column":null}},{"start":{"line":118,"column":4},"end":{"line":121,"column":null}}]},"5":{"loc":{"start":{"line":127,"column":4},"end":{"line":127,"column":18}},"type":"binary-expr","locations":[{"start":{"line":127,"column":4},"end":{"line":127,"column":18}},{"start":{"line":127,"column":22},"end":{"line":127,"column":38}}]},"6":{"loc":{"start":{"line":128,"column":4},"end":{"line":128,"column":27}},"type":"binary-expr","locations":[{"start":{"line":128,"column":4},"end":{"line":128,"column":27}},{"start":{"line":128,"column":31},"end":{"line":128,"column":56}}]},"7":{"loc":{"start":{"line":134,"column":4},"end":{"line":134,"column":41}},"type":"binary-expr","locations":[{"start":{"line":134,"column":4},"end":{"line":134,"column":41}},{"start":{"line":135,"column":6},"end":{"line":135,"column":63}}]},"8":{"loc":{"start":{"line":144,"column":4},"end":{"line":149,"column":null}},"type":"if","locations":[{"start":{"line":144,"column":4},"end":{"line":149,"column":null}},{"start":{"line":144,"column":4},"end":{"line":149,"column":null}}]},"9":{"loc":{"start":{"line":145,"column":6},"end":{"line":145,"column":24}},"type":"binary-expr","locations":[{"start":{"line":145,"column":6},"end":{"line":145,"column":24}},{"start":{"line":145,"column":28},"end":{"line":145,"column":68}}]},"10":{"loc":{"start":{"line":145,"column":58},"end":{"line":145,"column":60}},"type":"cond-expr","locations":[{"start":{"line":145,"column":58},"end":{"line":145,"column":60}},{"start":{"line":145,"column":58},"end":{"line":145,"column":67}}]},"11":{"loc":{"start":{"line":145,"column":46},"end":{"line":145,"column":60}},"type":"binary-expr","locations":[{"start":{"line":145,"column":46},"end":{"line":145,"column":60}},{"start":{"line":145,"column":58},"end":{"line":145,"column":60}}]},"12":{"loc":{"start":{"line":145,"column":52},"end":{"line":145,"column":54}},"type":"cond-expr","locations":[{"start":{"line":145,"column":52},"end":{"line":145,"column":54}},{"start":{"line":145,"column":52},"end":{"line":145,"column":58}}]},"13":{"loc":{"start":{"line":145,"column":46},"end":{"line":145,"column":54}},"type":"binary-expr","locations":[{"start":{"line":145,"column":46},"end":{"line":145,"column":54}},{"start":{"line":145,"column":52},"end":{"line":145,"column":54}}]},"14":{"loc":{"start":{"line":147,"column":6},"end":{"line":147,"column":29}},"type":"binary-expr","locations":[{"start":{"line":147,"column":6},"end":{"line":147,"column":29}},{"start":{"line":148,"column":8},"end":{"line":148,"column":81}}]},"15":{"loc":{"start":{"line":156,"column":4},"end":{"line":156,"column":29}},"type":"binary-expr","locations":[{"start":{"line":156,"column":4},"end":{"line":156,"column":29}},{"start":{"line":156,"column":33},"end":{"line":156,"column":60}}]},"16":{"loc":{"start":{"line":157,"column":4},"end":{"line":157,"column":25}},"type":"binary-expr","locations":[{"start":{"line":157,"column":4},"end":{"line":157,"column":25}},{"start":{"line":157,"column":29},"end":{"line":157,"column":74}}]},"17":{"loc":{"start":{"line":172,"column":4},"end":{"line":172,"column":29}},"type":"binary-expr","locations":[{"start":{"line":172,"column":4},"end":{"line":172,"column":29}},{"start":{"line":172,"column":33},"end":{"line":172,"column":60}}]},"18":{"loc":{"start":{"line":174,"column":4},"end":{"line":177,"column":null}},"type":"if","locations":[{"start":{"line":174,"column":4},"end":{"line":177,"column":null}},{"start":{"line":174,"column":4},"end":{"line":177,"column":null}}]},"19":{"loc":{"start":{"line":181,"column":4},"end":{"line":181,"column":21}},"type":"binary-expr","locations":[{"start":{"line":181,"column":4},"end":{"line":181,"column":21}},{"start":{"line":181,"column":25},"end":{"line":181,"column":49}}]},"20":{"loc":{"start":{"line":187,"column":48},"end":{"line":187,"column":56}},"type":"binary-expr","locations":[{"start":{"line":187,"column":48},"end":{"line":187,"column":56}},{"start":{"line":187,"column":60},"end":{"line":187,"column":62}}]},"21":{"loc":{"start":{"line":188,"column":47},"end":{"line":188,"column":85}},"type":"cond-expr","locations":[{"start":{"line":188,"column":47},"end":{"line":188,"column":85}},{"start":{"line":188,"column":88},"end":{"line":188,"column":89}}]},"22":{"loc":{"start":{"line":209,"column":9},"end":{"line":209,"column":26}},"type":"binary-expr","locations":[{"start":{"line":209,"column":9},"end":{"line":209,"column":26}},{"start":{"line":210,"column":10},"end":{"line":218,"column":null}}]},"23":{"loc":{"start":{"line":226,"column":37},"end":{"line":226,"column":75}},"type":"binary-expr","locations":[{"start":{"line":226,"column":37},"end":{"line":226,"column":75}},{"start":{"line":226,"column":79},"end":{"line":226,"column":92}}]},"24":{"loc":{"start":{"line":230,"column":13},"end":{"line":230,"column":30}},"type":"binary-expr","locations":[{"start":{"line":230,"column":13},"end":{"line":230,"column":30}},{"start":{"line":231,"column":14},"end":{"line":239,"column":null}}]},"25":{"loc":{"start":{"line":244,"column":16},"end":{"line":244,"column":33}},"type":"binary-expr","locations":[{"start":{"line":244,"column":16},"end":{"line":244,"column":33}},{"start":{"line":244,"column":37},"end":{"line":244,"column":61}}]},"26":{"loc":{"start":{"line":255,"column":16},"end":{"line":255,"column":33}},"type":"binary-expr","locations":[{"start":{"line":255,"column":16},"end":{"line":255,"column":33}},{"start":{"line":255,"column":37},"end":{"line":255,"column":61}}]},"27":{"loc":{"start":{"line":264,"column":14},"end":{"line":264,"column":31}},"type":"binary-expr","locations":[{"start":{"line":264,"column":14},"end":{"line":264,"column":31}},{"start":{"line":264,"column":35},"end":{"line":264,"column":58}}]},"28":{"loc":{"start":{"line":270,"column":28},"end":{"line":270,"column":45}},"type":"binary-expr","locations":[{"start":{"line":270,"column":28},"end":{"line":270,"column":45}},{"start":{"line":270,"column":49},"end":{"line":270,"column":73}}]},"29":{"loc":{"start":{"line":295,"column":20},"end":{"line":295,"column":37}},"type":"binary-expr","locations":[{"start":{"line":295,"column":20},"end":{"line":295,"column":37}},{"start":{"line":295,"column":41},"end":{"line":295,"column":65}}]},"30":{"loc":{"start":{"line":306,"column":11},"end":{"line":306,"column":16}},"type":"binary-expr","locations":[{"start":{"line":306,"column":11},"end":{"line":306,"column":16}},{"start":{"line":307,"column":12},"end":{"line":329,"column":null}}]},"31":{"loc":{"start":{"line":314,"column":20},"end":{"line":314,"column":37}},"type":"binary-expr","locations":[{"start":{"line":314,"column":20},"end":{"line":314,"column":37}},{"start":{"line":314,"column":41},"end":{"line":314,"column":64}}]}},"s":{"0":6,"1":6,"2":6,"3":6,"4":6,"5":6,"6":6,"7":6,"8":6,"9":6,"10":6,"11":6,"12":6,"13":6,"14":6,"15":6,"16":6,"17":6,"18":6,"19":6,"20":6,"21":6,"22":0,"23":6,"24":6,"25":0,"26":0,"27":0,"28":0,"29":0,"30":0,"31":0,"32":0,"33":0,"34":0,"35":0,"36":0,"37":0,"38":0,"39":0,"40":0,"41":0,"42":0,"43":0,"44":0,"45":0,"46":0,"47":0,"48":0,"49":0,"50":0,"51":0,"52":0,"53":0,"54":0,"55":0,"56":0,"57":0,"58":0,"59":0,"60":0,"61":0,"62":0,"63":0,"64":0,"65":0,"66":0,"67":0,"68":0,"69":0,"70":0,"71":0,"72":0,"73":0,"74":0,"75":0,"76":0,"77":0,"78":0,"79":0,"80":0,"81":0,"82":0,"83":0,"84":0,"85":0,"86":0,"87":0,"88":0,"89":0,"90":0,"91":0,"92":0,"93":0,"94":0,"95":0,"96":0,"97":0,"98":0,"99":0,"100":0,"101":0,"102":0,"103":0,"104":0,"105":0,"106":0,"107":0,"108":6},"f":{"0":0,"1":0,"2":0,"3":0,"4":0,"5":0,"6":0,"7":0,"8":0,"9":0,"10":0,"11":0,"12":0,"13":0,"14":0,"15":0,"16":0,"17":0,"18":0,"19":0,"20":0,"21":0,"22":0,"23":0,"24":0,"25":0,"26":0},"b":{"0":[0,0],"1":[0],"2":[0,0],"3":[0,0],"4":[0,0],"5":[0,0],"6":[0,0],"7":[0,0],"8":[0,0],"9":[0,0],"10":[0,0],"11":[0,0],"12":[0,0],"13":[0,0],"14":[0,0],"15":[0,0],"16":[0,0],"17":[0,0],"18":[0,0],"19":[0,0],"20":[0,0],"21":[0,0],"22":[0,0],"23":[0,0],"24":[0,0],"25":[0,0],"26":[0,0],"27":[0,0],"28":[0,0],"29":[0,0],"30":[0,0],"31":[0,0]}}
,"/Users/chakkaravarthi/Dev/UMG/umg_deli/umgc_delivery/src/components/Modal/NotificationRejectModal.tsx": {"path":"/Users/chakkaravarthi/Dev/UMG/umg_deli/umgc_delivery/src/components/Modal/NotificationRejectModal.tsx","statementMap":{"0":{"start":{"line":1,"column":0},"end":{"line":1,"column":34}},"1":{"start":{"line":2,"column":0},"end":{"line":2,"column":38}},"2":{"start":{"line":4,"column":0},"end":{"line":4,"column":82}},"3":{"start":{"line":5,"column":0},"end":{"line":5,"column":64}},"4":{"start":{"line":6,"column":0},"end":{"line":6,"column":null}},"5":{"start":{"line":9,"column":0},"end":{"line":9,"column":null}},"6":{"start":{"line":13,"column":0},"end":{"line":13,"column":38}},"7":{"start":{"line":23,"column":17},"end":{"line":26,"column":null}},"8":{"start":{"line":23,"column":67},"end":{"line":26,"column":null}},"9":{"start":{"line":29,"column":23},"end":{"line":33,"column":2}},"10":{"start":{"line":35,"column":43},"end":{"line":64,"column":1}},"11":{"start":{"line":36,"column":84},"end":{"line":36,"column":89}},"12":{"start":{"line":38,"column":29},"end":{"line":40,"column":3}},"13":{"start":{"line":39,"column":4},"end":{"line":39,"column":47}},"14":{"start":{"line":42,"column":23},"end":{"line":48,"column":3}},"15":{"start":{"line":43,"column":4},"end":{"line":47,"column":null}},"16":{"start":{"line":44,"column":6},"end":{"line":44,"column":58}},"17":{"start":{"line":45,"column":6},"end":{"line":45,"column":56}},"18":{"start":{"line":46,"column":6},"end":{"line":46,"column":28}},"19":{"start":{"line":50,"column":22},"end":{"line":52,"column":3}},"20":{"start":{"line":51,"column":4},"end":{"line":51,"column":39}},"21":{"start":{"line":54,"column":2},"end":{"line":63,"column":4}},"22":{"start":{"line":66,"column":0},"end":{"line":69,"column":27}}},"fnMap":{"0":{"name":"(anonymous_1)","decl":{"start":{"line":23,"column":17},"end":{"line":23,"column":18}},"loc":{"start":{"line":23,"column":67},"end":{"line":26,"column":null}}},"1":{"name":"(anonymous_2)","decl":{"start":{"line":35,"column":43},"end":{"line":35,"column":48}},"loc":{"start":{"line":35,"column":51},"end":{"line":64,"column":1}}},"2":{"name":"(anonymous_3)","decl":{"start":{"line":38,"column":29},"end":{"line":38,"column":30}},"loc":{"start":{"line":38,"column":78},"end":{"line":40,"column":3}}},"3":{"name":"(anonymous_4)","decl":{"start":{"line":42,"column":23},"end":{"line":42,"column":32}},"loc":{"start":{"line":42,"column":34},"end":{"line":48,"column":3}}},"4":{"name":"(anonymous_5)","decl":{"start":{"line":50,"column":22},"end":{"line":50,"column":31}},"loc":{"start":{"line":50,"column":33},"end":{"line":52,"column":3}}}},"branchMap":{"0":{"loc":{"start":{"line":39,"column":4},"end":{"line":39,"column":15}},"type":"binary-expr","locations":[{"start":{"line":39,"column":4},"end":{"line":39,"column":15}},{"start":{"line":39,"column":19},"end":{"line":39,"column":46}}]},"1":{"loc":{"start":{"line":43,"column":4},"end":{"line":47,"column":null}},"type":"if","locations":[{"start":{"line":43,"column":4},"end":{"line":47,"column":null}},{"start":{"line":43,"column":4},"end":{"line":47,"column":null}}]},"2":{"loc":{"start":{"line":43,"column":8},"end":{"line":43,"column":30}},"type":"binary-expr","locations":[{"start":{"line":43,"column":8},"end":{"line":43,"column":30}},{"start":{"line":43,"column":34},"end":{"line":43,"column":45}},{"start":{"line":43,"column":49},"end":{"line":43,"column":57}},{"start":{"line":43,"column":61},"end":{"line":43,"column":70}}]},"3":{"loc":{"start":{"line":51,"column":4},"end":{"line":51,"column":13}},"type":"binary-expr","locations":[{"start":{"line":51,"column":4},"end":{"line":51,"column":13}},{"start":{"line":51,"column":17},"end":{"line":51,"column":38}}]}},"s":{"0":2,"1":2,"2":2,"3":2,"4":2,"5":2,"6":2,"7":2,"8":0,"9":2,"10":2,"11":0,"12":0,"13":0,"14":0,"15":0,"16":0,"17":0,"18":0,"19":0,"20":0,"21":0,"22":2},"f":{"0":0,"1":0,"2":0,"3":0,"4":0},"b":{"0":[0,0],"1":[0,0],"2":[0,0,0,0],"3":[0,0]}}
,"/Users/chakkaravarthi/Dev/UMG/umg_deli/umgc_delivery/src/components/appreciationCards/AppreciationCardsTable.tsx": {"path":"/Users/chakkaravarthi/Dev/UMG/umg_deli/umgc_delivery/src/components/appreciationCards/AppreciationCardsTable.tsx","statementMap":{"0":{"start":{"line":1,"column":0},"end":{"line":1,"column":34}},"1":{"start":{"line":2,"column":0},"end":{"line":2,"column":null}},"2":{"start":{"line":7,"column":0},"end":{"line":7,"column":56}},"3":{"start":{"line":16,"column":41},"end":{"line":64,"column":1}},"4":{"start":{"line":22,"column":6},"end":{"line":22,"column":11}},"5":{"start":{"line":24,"column":27},"end":{"line":30,"column":3}},"6":{"start":{"line":25,"column":22},"end":{"line":27,"column":56}},"7":{"start":{"line":29,"column":4},"end":{"line":29,"column":21}},"8":{"start":{"line":32,"column":2},"end":{"line":63,"column":4}},"9":{"start":{"line":38,"column":30},"end":{"line":38,"column":52}},"10":{"start":{"line":39,"column":12},"end":{"line":51,"column":14}},"11":{"start":{"line":46,"column":18},"end":{"line":47,"column":null}},"12":{"start":{"line":46,"column":54},"end":{"line":46,"column":110}},"13":{"start":{"line":66,"column":0},"end":{"line":66,"column":37}}},"fnMap":{"0":{"name":"(anonymous_1)","decl":{"start":{"line":16,"column":41},"end":{"line":16,"column":46}},"loc":{"start":{"line":16,"column":49},"end":{"line":64,"column":1}}},"1":{"name":"(anonymous_2)","decl":{"start":{"line":24,"column":27},"end":{"line":24,"column":28}},"loc":{"start":{"line":24,"column":62},"end":{"line":30,"column":3}}},"2":{"name":"(anonymous_3)","decl":{"start":{"line":37,"column":37},"end":{"line":37,"column":38}},"loc":{"start":{"line":37,"column":64},"end":{"line":52,"column":11}}},"3":{"name":"(anonymous_4)","decl":{"start":{"line":45,"column":26},"end":{"line":45,"column":31}},"loc":{"start":{"line":46,"column":18},"end":{"line":47,"column":null}}},"4":{"name":"(anonymous_5)","decl":{"start":{"line":46,"column":48},"end":{"line":46,"column":51}},"loc":{"start":{"line":46,"column":54},"end":{"line":46,"column":110}}}},"branchMap":{"0":{"loc":{"start":{"line":26,"column":8},"end":{"line":26,"column":62}},"type":"cond-expr","locations":[{"start":{"line":26,"column":8},"end":{"line":26,"column":62}},{"start":{"line":27,"column":8},"end":{"line":27,"column":56}}]},"1":{"loc":{"start":{"line":37,"column":10},"end":{"line":37,"column":19}},"type":"binary-expr","locations":[{"start":{"line":37,"column":10},"end":{"line":37,"column":19}},{"start":{"line":37,"column":23},"end":{"line":52,"column":12}}]},"2":{"loc":{"start":{"line":46,"column":54},"end":{"line":46,"column":74}},"type":"binary-expr","locations":[{"start":{"line":46,"column":54},"end":{"line":46,"column":74}},{"start":{"line":46,"column":78},"end":{"line":46,"column":110}}]},"3":{"loc":{"start":{"line":58,"column":50},"end":{"line":58,"column":61}},"type":"cond-expr","locations":[{"start":{"line":58,"column":50},"end":{"line":58,"column":61}},{"start":{"line":58,"column":64},"end":{"line":58,"column":80}}]}},"s":{"0":2,"1":2,"2":2,"3":2,"4":0,"5":0,"6":0,"7":0,"8":0,"9":0,"10":0,"11":0,"12":0,"13":2},"f":{"0":0,"1":0,"2":0,"3":0,"4":0},"b":{"0":[0,0],"1":[0,0],"2":[0,0],"3":[0,0]}}
,"/Users/chakkaravarthi/Dev/UMG/umg_deli/umgc_delivery/src/components/appreciationCards/AppreciationCardsTableContainer.tsx": {"path":"/Users/chakkaravarthi/Dev/UMG/umg_deli/umgc_delivery/src/components/appreciationCards/AppreciationCardsTableContainer.tsx","statementMap":{"0":{"start":{"line":1,"column":0},"end":{"line":1,"column":45}},"1":{"start":{"line":2,"column":0},"end":{"line":2,"column":38}},"2":{"start":{"line":3,"column":0},"end":{"line":3,"column":29}},"3":{"start":{"line":6,"column":0},"end":{"line":6,"column":61}},"4":{"start":{"line":8,"column":0},"end":{"line":8,"column":113}},"5":{"start":{"line":9,"column":0},"end":{"line":9,"column":62}},"6":{"start":{"line":14,"column":0},"end":{"line":14,"column":38}},"7":{"start":{"line":15,"column":0},"end":{"line":15,"column":38}},"8":{"start":{"line":16,"column":0},"end":{"line":16,"column":null}},"9":{"start":{"line":19,"column":0},"end":{"line":19,"column":107}},"10":{"start":{"line":31,"column":17},"end":{"line":36,"column":null}},"11":{"start":{"line":31,"column":59},"end":{"line":36,"column":null}},"12":{"start":{"line":39,"column":23},"end":{"line":42,"column":2}},"13":{"start":{"line":44,"column":50},"end":{"line":90,"column":1}},"14":{"start":{"line":53,"column":6},"end":{"line":53,"column":11}},"15":{"start":{"line":55,"column":2},"end":{"line":57,"column":27}},"16":{"start":{"line":56,"column":4},"end":{"line":56,"column":73}},"17":{"start":{"line":59,"column":2},"end":{"line":89,"column":4}},"18":{"start":{"line":65,"column":38},"end":{"line":65,"column":101}},"19":{"start":{"line":73,"column":14},"end":{"line":82,"column":null}},"20":{"start":{"line":92,"column":0},"end":{"line":92,"column":81}}},"fnMap":{"0":{"name":"(anonymous_2)","decl":{"start":{"line":31,"column":17},"end":{"line":31,"column":18}},"loc":{"start":{"line":31,"column":59},"end":{"line":36,"column":null}}},"1":{"name":"(anonymous_3)","decl":{"start":{"line":44,"column":50},"end":{"line":44,"column":55}},"loc":{"start":{"line":44,"column":58},"end":{"line":90,"column":1}}},"2":{"name":"(anonymous_4)","decl":{"start":{"line":55,"column":12},"end":{"line":55,"column":15}},"loc":{"start":{"line":55,"column":17},"end":{"line":57,"column":3}}},"3":{"name":"(anonymous_5)","decl":{"start":{"line":65,"column":32},"end":{"line":65,"column":35}},"loc":{"start":{"line":65,"column":38},"end":{"line":65,"column":101}}},"4":{"name":"(anonymous_6)","decl":{"start":{"line":72,"column":45},"end":{"line":72,"column":46}},"loc":{"start":{"line":73,"column":14},"end":{"line":82,"column":null}}}},"branchMap":{"0":{"loc":{"start":{"line":50,"column":22},"end":{"line":50,"column":27}},"type":"default-arg","locations":[{"start":{"line":50,"column":22},"end":{"line":50,"column":27}}]},"1":{"loc":{"start":{"line":56,"column":4},"end":{"line":56,"column":35}},"type":"binary-expr","locations":[{"start":{"line":56,"column":4},"end":{"line":56,"column":35}},{"start":{"line":56,"column":39},"end":{"line":56,"column":72}}]},"2":{"loc":{"start":{"line":61,"column":8},"end":{"line":61,"column":18}},"type":"binary-expr","locations":[{"start":{"line":61,"column":8},"end":{"line":61,"column":18}},{"start":{"line":62,"column":8},"end":{"line":65,"column":null}}]},"3":{"loc":{"start":{"line":65,"column":38},"end":{"line":65,"column":58}},"type":"binary-expr","locations":[{"start":{"line":65,"column":38},"end":{"line":65,"column":58}},{"start":{"line":65,"column":62},"end":{"line":65,"column":101}}]}},"s":{"0":2,"1":2,"2":2,"3":2,"4":2,"5":2,"6":2,"7":2,"8":2,"9":2,"10":2,"11":0,"12":2,"13":2,"14":0,"15":0,"16":0,"17":0,"18":0,"19":0,"20":2},"f":{"0":0,"1":0,"2":0,"3":0,"4":0},"b":{"0":[0],"1":[0,0],"2":[0,0],"3":[0,0]}}
,"/Users/chakkaravarthi/Dev/UMG/umg_deli/umgc_delivery/src/components/appreciationCards/ModalAppreciationCardPreview.tsx": {"path":"/Users/chakkaravarthi/Dev/UMG/umg_deli/umgc_delivery/src/components/appreciationCards/ModalAppreciationCardPreview.tsx","statementMap":{"0":{"start":{"line":1,"column":0},"end":{"line":1,"column":34}},"1":{"start":{"line":2,"column":0},"end":{"line":2,"column":42}},"2":{"start":{"line":3,"column":0},"end":{"line":3,"column":53}},"3":{"start":{"line":5,"column":0},"end":{"line":5,"column":37}},"4":{"start":{"line":15,"column":48},"end":{"line":69,"column":1}},"5":{"start":{"line":22,"column":6},"end":{"line":22,"column":11}},"6":{"start":{"line":24,"column":2},"end":{"line":24,"column":37}},"7":{"start":{"line":24,"column":25},"end":{"line":24,"column":37}},"8":{"start":{"line":26,"column":2},"end":{"line":68,"column":4}},"9":{"start":{"line":71,"column":0},"end":{"line":71,"column":44}}},"fnMap":{"0":{"name":"(anonymous_1)","decl":{"start":{"line":15,"column":48},"end":{"line":15,"column":53}},"loc":{"start":{"line":15,"column":56},"end":{"line":69,"column":1}}}},"branchMap":{"0":{"loc":{"start":{"line":20,"column":18},"end":{"line":20,"column":23}},"type":"default-arg","locations":[{"start":{"line":20,"column":18},"end":{"line":20,"column":23}}]},"1":{"loc":{"start":{"line":24,"column":2},"end":{"line":24,"column":37}},"type":"if","locations":[{"start":{"line":24,"column":2},"end":{"line":24,"column":37}},{"start":{"line":24,"column":2},"end":{"line":24,"column":37}}]},"2":{"loc":{"start":{"line":44,"column":8},"end":{"line":56,"column":null}},"type":"cond-expr","locations":[{"start":{"line":44,"column":8},"end":{"line":56,"column":null}},{"start":{"line":59,"column":8},"end":{"line":64,"column":null}}]}},"s":{"0":5,"1":5,"2":5,"3":5,"4":5,"5":2,"6":2,"7":1,"8":1,"9":5},"f":{"0":2},"b":{"0":[2],"1":[1,1],"2":[0,1]}}
,"/Users/chakkaravarthi/Dev/UMG/umg_deli/umgc_delivery/src/components/articles/ArticleList.tsx": {"path":"/Users/chakkaravarthi/Dev/UMG/umg_deli/umgc_delivery/src/components/articles/ArticleList.tsx","statementMap":{"0":{"start":{"line":1,"column":0},"end":{"line":1,"column":34}},"1":{"start":{"line":4,"column":0},"end":{"line":4,"column":38}},"2":{"start":{"line":5,"column":0},"end":{"line":5,"column":50}},"3":{"start":{"line":6,"column":0},"end":{"line":6,"column":38}},"4":{"start":{"line":7,"column":0},"end":{"line":7,"column":39}},"5":{"start":{"line":8,"column":0},"end":{"line":8,"column":56}},"6":{"start":{"line":9,"column":0},"end":{"line":9,"column":40}},"7":{"start":{"line":10,"column":0},"end":{"line":10,"column":29}},"8":{"start":{"line":17,"column":31},"end":{"line":51,"column":1}},"9":{"start":{"line":18,"column":40},"end":{"line":18,"column":45}},"10":{"start":{"line":19,"column":20},"end":{"line":19,"column":22}},"11":{"start":{"line":21,"column":2},"end":{"line":23,"column":null}},"12":{"start":{"line":22,"column":4},"end":{"line":22,"column":16}},"13":{"start":{"line":25,"column":2},"end":{"line":50,"column":4}},"14":{"start":{"line":29,"column":10},"end":{"line":45,"column":null}},"15":{"start":{"line":43,"column":16},"end":{"line":43,"column":77}},"16":{"start":{"line":53,"column":0},"end":{"line":53,"column":27}}},"fnMap":{"0":{"name":"(anonymous_1)","decl":{"start":{"line":17,"column":31},"end":{"line":17,"column":36}},"loc":{"start":{"line":17,"column":39},"end":{"line":51,"column":1}}},"1":{"name":"(anonymous_2)","decl":{"start":{"line":28,"column":22},"end":{"line":28,"column":29}},"loc":{"start":{"line":29,"column":10},"end":{"line":45,"column":null}}},"2":{"name":"(anonymous_3)","decl":{"start":{"line":42,"column":24},"end":{"line":42,"column":25}},"loc":{"start":{"line":43,"column":16},"end":{"line":43,"column":77}}}},"branchMap":{"0":{"loc":{"start":{"line":18,"column":34},"end":{"line":18,"column":35}},"type":"default-arg","locations":[{"start":{"line":18,"column":34},"end":{"line":18,"column":35}}]},"1":{"loc":{"start":{"line":21,"column":2},"end":{"line":23,"column":null}},"type":"if","locations":[{"start":{"line":21,"column":2},"end":{"line":23,"column":null}},{"start":{"line":21,"column":2},"end":{"line":23,"column":null}}]}},"s":{"0":1,"1":1,"2":1,"3":1,"4":1,"5":1,"6":1,"7":1,"8":1,"9":2,"10":2,"11":2,"12":1,"13":1,"14":3,"15":0,"16":1},"f":{"0":2,"1":3,"2":0},"b":{"0":[2],"1":[1,1]}}
,"/Users/chakkaravarthi/Dev/UMG/umg_deli/umgc_delivery/src/components/articles/ArticleTeaser.tsx": {"path":"/Users/chakkaravarthi/Dev/UMG/umg_deli/umgc_delivery/src/components/articles/ArticleTeaser.tsx","statementMap":{"0":{"start":{"line":1,"column":0},"end":{"line":1,"column":34}},"1":{"start":{"line":2,"column":0},"end":{"line":2,"column":40}},"2":{"start":{"line":3,"column":0},"end":{"line":3,"column":40}},"3":{"start":{"line":5,"column":0},"end":{"line":5,"column":56}},"4":{"start":{"line":7,"column":0},"end":{"line":7,"column":29}},"5":{"start":{"line":9,"column":0},"end":{"line":9,"column":40}},"6":{"start":{"line":10,"column":0},"end":{"line":10,"column":38}},"7":{"start":{"line":11,"column":0},"end":{"line":11,"column":38}},"8":{"start":{"line":21,"column":33},"end":{"line":152,"column":1}},"9":{"start":{"line":22,"column":59},"end":{"line":22,"column":64}},"10":{"start":{"line":24,"column":2},"end":{"line":26,"column":null}},"11":{"start":{"line":25,"column":4},"end":{"line":25,"column":16}},"12":{"start":{"line":28,"column":2},"end":{"line":151,"column":4}},"13":{"start":{"line":50,"column":26},"end":{"line":50,"column":77}},"14":{"start":{"line":61,"column":26},"end":{"line":66,"column":null}},"15":{"start":{"line":114,"column":20},"end":{"line":114,"column":81}},"16":{"start":{"line":124,"column":22},"end":{"line":129,"column":null}},"17":{"start":{"line":154,"column":0},"end":{"line":154,"column":29}}},"fnMap":{"0":{"name":"(anonymous_1)","decl":{"start":{"line":21,"column":33},"end":{"line":21,"column":38}},"loc":{"start":{"line":21,"column":41},"end":{"line":152,"column":1}}},"1":{"name":"(anonymous_2)","decl":{"start":{"line":49,"column":24},"end":{"line":49,"column":25}},"loc":{"start":{"line":50,"column":26},"end":{"line":50,"column":77}}},"2":{"name":"(anonymous_3)","decl":{"start":{"line":60,"column":24},"end":{"line":60,"column":25}},"loc":{"start":{"line":61,"column":26},"end":{"line":66,"column":null}}},"3":{"name":"(anonymous_4)","decl":{"start":{"line":113,"column":72},"end":{"line":113,"column":73}},"loc":{"start":{"line":114,"column":20},"end":{"line":114,"column":81}}},"4":{"name":"(anonymous_5)","decl":{"start":{"line":123,"column":20},"end":{"line":123,"column":21}},"loc":{"start":{"line":124,"column":22},"end":{"line":129,"column":null}}}},"branchMap":{"0":{"loc":{"start":{"line":24,"column":2},"end":{"line":26,"column":null}},"type":"if","locations":[{"start":{"line":24,"column":2},"end":{"line":26,"column":null}},{"start":{"line":24,"column":2},"end":{"line":26,"column":null}}]},"1":{"loc":{"start":{"line":34,"column":8},"end":{"line":93,"column":null}},"type":"cond-expr","locations":[{"start":{"line":34,"column":8},"end":{"line":93,"column":null}},{"start":{"line":96,"column":8},"end":{"line":147,"column":null}}]},"2":{"loc":{"start":{"line":45,"column":17},"end":{"line":45,"column":73}},"type":"binary-expr","locations":[{"start":{"line":45,"column":17},"end":{"line":45,"column":73}},{"start":{"line":46,"column":18},"end":{"line":52,"column":null}}]},"3":{"loc":{"start":{"line":50,"column":34},"end":{"line":50,"column":72}},"type":"cond-expr","locations":[{"start":{"line":50,"column":34},"end":{"line":50,"column":72}},{"start":{"line":50,"column":75},"end":{"line":50,"column":77}}]},"4":{"loc":{"start":{"line":55,"column":17},"end":{"line":56,"column":25}},"type":"binary-expr","locations":[{"start":{"line":55,"column":17},"end":{"line":56,"column":25}},{"start":{"line":57,"column":18},"end":{"line":69,"column":null}}]},"5":{"loc":{"start":{"line":62,"column":28},"end":{"line":63,"column":null}},"type":"cond-expr","locations":[{"start":{"line":62,"column":28},"end":{"line":63,"column":null}},{"start":{"line":66,"column":28},"end":{"line":66,"column":30}}]},"6":{"loc":{"start":{"line":73,"column":18},"end":{"line":73,"column":20}},"type":"cond-expr","locations":[{"start":{"line":73,"column":18},"end":{"line":73,"column":20}},{"start":{"line":75,"column":18},"end":{"line":81,"column":null}}]},"7":{"loc":{"start":{"line":110,"column":13},"end":{"line":110,"column":69}},"type":"binary-expr","locations":[{"start":{"line":110,"column":13},"end":{"line":110,"column":69}},{"start":{"line":111,"column":14},"end":{"line":116,"column":null}}]},"8":{"loc":{"start":{"line":114,"column":28},"end":{"line":114,"column":76}},"type":"cond-expr","locations":[{"start":{"line":114,"column":28},"end":{"line":114,"column":76}},{"start":{"line":114,"column":79},"end":{"line":114,"column":81}}]},"9":{"loc":{"start":{"line":119,"column":13},"end":{"line":119,"column":79}},"type":"binary-expr","locations":[{"start":{"line":119,"column":13},"end":{"line":119,"column":79}},{"start":{"line":120,"column":14},"end":{"line":132,"column":null}}]},"10":{"loc":{"start":{"line":125,"column":24},"end":{"line":126,"column":null}},"type":"cond-expr","locations":[{"start":{"line":125,"column":24},"end":{"line":126,"column":null}},{"start":{"line":129,"column":24},"end":{"line":129,"column":26}}]},"11":{"loc":{"start":{"line":136,"column":14},"end":{"line":136,"column":16}},"type":"cond-expr","locations":[{"start":{"line":136,"column":14},"end":{"line":136,"column":16}},{"start":{"line":138,"column":14},"end":{"line":144,"column":null}}]}},"s":{"0":1,"1":1,"2":1,"3":1,"4":1,"5":1,"6":1,"7":1,"8":1,"9":2,"10":2,"11":1,"12":1,"13":0,"14":0,"15":1,"16":1,"17":1},"f":{"0":2,"1":0,"2":0,"3":1,"4":1},"b":{"0":[1,1],"1":[0,1],"2":[0,0],"3":[0,0],"4":[0,0],"5":[0,0],"6":[0,0],"7":[1,1],"8":[1,0],"9":[1,1],"10":[1,0],"11":[0,1]}}
,"/Users/chakkaravarthi/Dev/UMG/umg_deli/umgc_delivery/src/components/articles/ArticlesMinimalList.tsx": {"path":"/Users/chakkaravarthi/Dev/UMG/umg_deli/umgc_delivery/src/components/articles/ArticlesMinimalList.tsx","statementMap":{"0":{"start":{"line":1,"column":0},"end":{"line":1,"column":45}},"1":{"start":{"line":2,"column":0},"end":{"line":2,"column":29}},"2":{"start":{"line":3,"column":0},"end":{"line":3,"column":38}},"3":{"start":{"line":4,"column":0},"end":{"line":4,"column":40}},"4":{"start":{"line":6,"column":0},"end":{"line":6,"column":55}},"5":{"start":{"line":8,"column":0},"end":{"line":8,"column":72}},"6":{"start":{"line":9,"column":0},"end":{"line":9,"column":56}},"7":{"start":{"line":18,"column":17},"end":{"line":21,"column":null}},"8":{"start":{"line":18,"column":59},"end":{"line":21,"column":null}},"9":{"start":{"line":25,"column":23},"end":{"line":25,"column":44}},"10":{"start":{"line":27,"column":13},"end":{"line":58,"column":2}},"11":{"start":{"line":28,"column":52},"end":{"line":28,"column":57}},"12":{"start":{"line":30,"column":16},"end":{"line":30,"column":19}},"13":{"start":{"line":31,"column":15},"end":{"line":31,"column":23}},"14":{"start":{"line":33,"column":2},"end":{"line":35,"column":9}},"15":{"start":{"line":34,"column":4},"end":{"line":34,"column":78}},"16":{"start":{"line":37,"column":2},"end":{"line":39,"column":null}},"17":{"start":{"line":38,"column":4},"end":{"line":38,"column":16}},"18":{"start":{"line":41,"column":2},"end":{"line":57,"column":4}},"19":{"start":{"line":44,"column":8},"end":{"line":53,"column":null}},"20":{"start":{"line":52,"column":12},"end":{"line":52,"column":74}},"21":{"start":{"line":60,"column":0},"end":{"line":60,"column":70}}},"fnMap":{"0":{"name":"(anonymous_2)","decl":{"start":{"line":18,"column":17},"end":{"line":18,"column":18}},"loc":{"start":{"line":18,"column":59},"end":{"line":21,"column":null}}},"1":{"name":"(anonymous_3)","decl":{"start":{"line":27,"column":46},"end":{"line":27,"column":51}},"loc":{"start":{"line":27,"column":54},"end":{"line":58,"column":1}}},"2":{"name":"(anonymous_4)","decl":{"start":{"line":33,"column":12},"end":{"line":33,"column":15}},"loc":{"start":{"line":33,"column":17},"end":{"line":35,"column":3}}},"3":{"name":"(anonymous_5)","decl":{"start":{"line":43,"column":23},"end":{"line":43,"column":24}},"loc":{"start":{"line":44,"column":8},"end":{"line":53,"column":null}}},"4":{"name":"(anonymous_6)","decl":{"start":{"line":51,"column":20},"end":{"line":51,"column":21}},"loc":{"start":{"line":52,"column":12},"end":{"line":52,"column":74}}}},"branchMap":{"0":{"loc":{"start":{"line":34,"column":4},"end":{"line":34,"column":21}},"type":"binary-expr","locations":[{"start":{"line":34,"column":4},"end":{"line":34,"column":21}},{"start":{"line":34,"column":25},"end":{"line":34,"column":77}}]},"1":{"loc":{"start":{"line":34,"column":43},"end":{"line":34,"column":54}},"type":"binary-expr","locations":[{"start":{"line":34,"column":43},"end":{"line":34,"column":54}},{"start":{"line":34,"column":58},"end":{"line":34,"column":63}}]},"2":{"loc":{"start":{"line":37,"column":2},"end":{"line":39,"column":null}},"type":"if","locations":[{"start":{"line":37,"column":2},"end":{"line":39,"column":null}},{"start":{"line":37,"column":2},"end":{"line":39,"column":null}}]},"3":{"loc":{"start":{"line":37,"column":6},"end":{"line":37,"column":18}},"type":"binary-expr","locations":[{"start":{"line":37,"column":6},"end":{"line":37,"column":18}},{"start":{"line":37,"column":22},"end":{"line":37,"column":41}}]}},"s":{"0":6,"1":6,"2":6,"3":6,"4":6,"5":6,"6":6,"7":6,"8":0,"9":6,"10":6,"11":1,"12":1,"13":1,"14":1,"15":0,"16":1,"17":0,"18":1,"19":3,"20":0,"21":6},"f":{"0":0,"1":1,"2":0,"3":3,"4":0},"b":{"0":[0,0],"1":[0,0],"2":[0,1],"3":[1,1]}}
,"/Users/chakkaravarthi/Dev/UMG/umg_deli/umgc_delivery/src/components/articles/LandingArticlesAndEvents.tsx": {"path":"/Users/chakkaravarthi/Dev/UMG/umg_deli/umgc_delivery/src/components/articles/LandingArticlesAndEvents.tsx","statementMap":{"0":{"start":{"line":1,"column":0},"end":{"line":1,"column":55}},"1":{"start":{"line":2,"column":0},"end":{"line":2,"column":29}},"2":{"start":{"line":5,"column":0},"end":{"line":5,"column":38}},"3":{"start":{"line":6,"column":0},"end":{"line":6,"column":73}},"4":{"start":{"line":7,"column":0},"end":{"line":7,"column":91}},"5":{"start":{"line":8,"column":0},"end":{"line":8,"column":56}},"6":{"start":{"line":9,"column":0},"end":{"line":9,"column":40}},"7":{"start":{"line":10,"column":0},"end":{"line":10,"column":40}},"8":{"start":{"line":11,"column":0},"end":{"line":11,"column":39}},"9":{"start":{"line":12,"column":0},"end":{"line":12,"column":38}},"10":{"start":{"line":13,"column":0},"end":{"line":13,"column":38}},"11":{"start":{"line":14,"column":0},"end":{"line":14,"column":47}},"12":{"start":{"line":15,"column":0},"end":{"line":15,"column":48}},"13":{"start":{"line":17,"column":0},"end":{"line":17,"column":68}},"14":{"start":{"line":27,"column":17},"end":{"line":30,"column":null}},"15":{"start":{"line":27,"column":59},"end":{"line":30,"column":null}},"16":{"start":{"line":33,"column":23},"end":{"line":33,"column":80}},"17":{"start":{"line":35,"column":13},"end":{"line":134,"column":2}},"18":{"start":{"line":36,"column":93},"end":{"line":36,"column":98}},"19":{"start":{"line":38,"column":50},"end":{"line":38,"column":74}},"20":{"start":{"line":39,"column":46},"end":{"line":39,"column":70}},"21":{"start":{"line":41,"column":33},"end":{"line":41,"column":35}},"22":{"start":{"line":42,"column":24},"end":{"line":42,"column":37}},"23":{"start":{"line":44,"column":2},"end":{"line":47,"column":null}},"24":{"start":{"line":45,"column":4},"end":{"line":45,"column":37}},"25":{"start":{"line":46,"column":4},"end":{"line":46,"column":66}},"26":{"start":{"line":49,"column":32},"end":{"line":54,"column":3}},"27":{"start":{"line":50,"column":4},"end":{"line":50,"column":28}},"28":{"start":{"line":51,"column":4},"end":{"line":51,"column":30}},"29":{"start":{"line":52,"column":4},"end":{"line":52,"column":60}},"30":{"start":{"line":52,"column":34},"end":{"line":52,"column":58}},"31":{"start":{"line":53,"column":4},"end":{"line":53,"column":92}},"32":{"start":{"line":53,"column":64},"end":{"line":53,"column":90}},"33":{"start":{"line":56,"column":2},"end":{"line":58,"column":9}},"34":{"start":{"line":57,"column":4},"end":{"line":57,"column":28}},"35":{"start":{"line":60,"column":31},"end":{"line":80,"column":4}},"36":{"start":{"line":72,"column":6},"end":{"line":73,"column":null}},"37":{"start":{"line":77,"column":6},"end":{"line":77,"column":101}},"38":{"start":{"line":82,"column":2},"end":{"line":133,"column":4}},"39":{"start":{"line":98,"column":14},"end":{"line":111,"column":null}},"40":{"start":{"line":106,"column":20},"end":{"line":106,"column":81}},"41":{"start":{"line":108,"column":42},"end":{"line":108,"column":121}},"42":{"start":{"line":116,"column":18},"end":{"line":121,"column":null}},"43":{"start":{"line":136,"column":0},"end":{"line":139,"column":28}}},"fnMap":{"0":{"name":"(anonymous_2)","decl":{"start":{"line":27,"column":17},"end":{"line":27,"column":18}},"loc":{"start":{"line":27,"column":59},"end":{"line":30,"column":null}}},"1":{"name":"(anonymous_3)","decl":{"start":{"line":35,"column":51},"end":{"line":35,"column":56}},"loc":{"start":{"line":35,"column":59},"end":{"line":134,"column":1}}},"2":{"name":"(anonymous_4)","decl":{"start":{"line":49,"column":32},"end":{"line":49,"column":41}},"loc":{"start":{"line":49,"column":43},"end":{"line":54,"column":3}}},"3":{"name":"(anonymous_5)","decl":{"start":{"line":52,"column":28},"end":{"line":52,"column":31}},"loc":{"start":{"line":52,"column":34},"end":{"line":52,"column":58}}},"4":{"name":"(anonymous_6)","decl":{"start":{"line":53,"column":58},"end":{"line":53,"column":61}},"loc":{"start":{"line":53,"column":64},"end":{"line":53,"column":90}}},"5":{"name":"(anonymous_7)","decl":{"start":{"line":56,"column":12},"end":{"line":56,"column":15}},"loc":{"start":{"line":56,"column":17},"end":{"line":58,"column":3}}},"6":{"name":"(anonymous_8)","decl":{"start":{"line":71,"column":14},"end":{"line":71,"column":15}},"loc":{"start":{"line":72,"column":6},"end":{"line":73,"column":null}}},"7":{"name":"(anonymous_9)","decl":{"start":{"line":76,"column":22},"end":{"line":76,"column":25}},"loc":{"start":{"line":77,"column":6},"end":{"line":77,"column":101}}},"8":{"name":"(anonymous_10)","decl":{"start":{"line":97,"column":75},"end":{"line":97,"column":82}},"loc":{"start":{"line":98,"column":14},"end":{"line":111,"column":null}}},"9":{"name":"(anonymous_11)","decl":{"start":{"line":105,"column":28},"end":{"line":105,"column":29}},"loc":{"start":{"line":106,"column":20},"end":{"line":106,"column":81}}},"10":{"name":"(anonymous_12)","decl":{"start":{"line":108,"column":36},"end":{"line":108,"column":39}},"loc":{"start":{"line":108,"column":42},"end":{"line":108,"colum
[...]
{"line":121,"column":4},"end":{"line":121,"column":46}},"32":{"start":{"line":104,"column":0},"end":{"line":104,"column":22}},"33":{"start":{"line":127,"column":18},"end":{"line":127,"column":30}},"34":{"start":{"line":129,"column":4},"end":{"line":131,"column":7}},"35":{"start":{"line":133,"column":2},"end":{"line":133,"column":28}},"36":{"start":{"line":126,"column":0},"end":{"line":126,"column":16}},"37":{"start":{"line":142,"column":17},"end":{"line":142,"column":37}},"38":{"start":{"line":143,"column":2},"end":{"line":149,"column":null}},"39":{"start":{"line":144,"column":4},"end":{"line":144,"column":74}},"40":{"start":{"line":146,"column":4},"end":{"line":148,"column":null}},"41":{"start":{"line":147,"column":6},"end":{"line":147,"column":20}},"42":{"start":{"line":150,"column":2},"end":{"line":150,"column":16}},"43":{"start":{"line":141,"column":0},"end":{"line":141,"column":16}},"44":{"start":{"line":159,"column":17},"end":{"line":159,"column":19}},"45":{"start":{"line":160,"column":2},"end":{"line":162,"column":null}},"46":{"start":{"line":161,"column":4},"end":{"line":161,"column":37}},"47":{"start":{"line":163,"column":2},"end":{"line":163,"column":18}},"48":{"start":{"line":158,"column":0},"end":{"line":158,"column":16}},"49":{"start":{"line":167,"column":2},"end":{"line":167,"column":108}},"50":{"start":{"line":166,"column":0},"end":{"line":166,"column":16}},"51":{"start":{"line":171,"column":2},"end":{"line":171,"column":120}},"52":{"start":{"line":170,"column":0},"end":{"line":170,"column":16}},"53":{"start":{"line":174,"column":13},"end":{"line":180,"column":2}},"54":{"start":{"line":175,"column":19},"end":{"line":175,"column":46}},"55":{"start":{"line":176,"column":2},"end":{"line":178,"column":null}},"56":{"start":{"line":177,"column":4},"end":{"line":177,"column":42}},"57":{"start":{"line":179,"column":2},"end":{"line":179,"column":12}},"58":{"start":{"line":188,"column":19},"end":{"line":188,"column":32}},"59":{"start":{"line":190,"column":26},"end":{"line":190,"column":52}},"60":{"start":{"line":191,"column":2},"end":{"line":191,"column":38}},"61":{"start":{"line":192,"column":2},"end":{"line":192,"column":43}},"62":{"start":{"line":194,"column":21},"end":{"line":194,"column":49}},"63":{"start":{"line":195,"column":19},"end":{"line":195,"column":101}},"64":{"start":{"line":196,"column":15},"end":{"line":196,"column":66}},"65":{"start":{"line":197,"column":21},"end":{"line":197,"column":94}},"66":{"start":{"line":198,"column":19},"end":{"line":198,"column":67}},"67":{"start":{"line":200,"column":22},"end":{"line":204,"column":35}},"68":{"start":{"line":206,"column":2},"end":{"line":206,"column":62}},"69":{"start":{"line":207,"column":2},"end":{"line":207,"column":25}},"70":{"start":{"line":187,"column":0},"end":{"line":187,"column":16}}},"fnMap":{"0":{"name":"useQuery","decl":{"start":{"line":75,"column":16},"end":{"line":75,"column":24}},"loc":{"start":{"line":75,"column":24},"end":{"line":77,"column":1}}},"1":{"name":"filterQuery","decl":{"start":{"line":80,"column":16},"end":{"line":80,"column":27}},"loc":{"start":{"line":80,"column":27},"end":{"line":89,"column":1}}},"2":{"name":"useFilterQuery","decl":{"start":{"line":82,"column":11},"end":{"line":82,"column":25}},"loc":{"start":{"line":82,"column":86},"end":{"line":87,"column":3}}},"3":{"name":"filterQueryWithSearchKeyword","decl":{"start":{"line":92,"column":16},"end":{"line":92,"column":44}},"loc":{"start":{"line":92,"column":44},"end":{"line":102,"column":1}}},"4":{"name":"useFilterQueryWithSearchKeyword","decl":{"start":{"line":94,"column":11},"end":{"line":94,"column":42}},"loc":{"start":{"line":94,"column":127},"end":{"line":100,"column":3}}},"5":{"name":"usehandleAddToCalendar","decl":{"start":{"line":104,"column":22},"end":{"line":104,"column":44}},"loc":{"start":{"line":104,"column":105},"end":{"line":123,"column":null}}},"6":{"name":"emailQuery","decl":{"start":{"line":126,"column":16},"end":{"line":126,"column":26}},"loc":{"start":{"line":126,"column":26},"end":{"line":134,"column":1}}},"7":{"name":"userEmailQuery","decl":{"start":{"line":128,"column":11},"end":{"line":128,"column":25}},"loc":{"start":{"line":128,"column":52},"end":{"line":132,"column":3}}},"8":{"name":"getUserProfilePicture","decl":{"start":{"line":141,"column":16},"end":{"line":141,"column":37}},"loc":{"start":{"line":141,"column":118},"end":{"line":151,"column":1}}},"9":{"name":"getUserSiteCode","decl":{"start":{"line":158,"column":16},"end":{"line":158,"column":31}},"loc":{"start":{"line":158,"column":84},"end":{"line":164,"column":1}}},"10":{"name":"getKnowledgeBaseUrl","decl":{"start":{"line":166,"column":16},"end":{"line":166,"column":35}},"loc":{"start":{"line":166,"column":54},"end":{"line":168,"column":1}}},"11":{"name":"getCatalogUrl","decl":{"start":{"line":170,"column":16},"end":{"line":170,"column":29}},"loc":{"start":{"line":170,"column":44},"end":{"line":172,"column":1}}},"12":{"name":"(anonymous_20)","decl":{"start":{"line":174,"column":32},"end":{"line":174,"column":33}},"loc":{"start":{"line":174,"column":63},"end":{"line":180,"column":1}}},"13":{"name":"normalizeEventData","decl":{"start":{"line":187,"column":16},"end":{"line":187,"column":34}},"loc":{"start":{"line":187,"column":53},"end":{"line":208,"column":1}}}},"branchMap":{"0":{"loc":{"start":{"line":86,"column":4},"end":{"line":86,"column":12}},"type":"binary-expr","locations":[{"start":{"line":86,"column":4},"end":{"line":86,"column":12}},{"start":{"line":86,"column":16},"end":{"line":86,"column":31}}]},"1":{"loc":{"start":{"line":99,"column":4},"end":{"line":99,"column":12}},"type":"binary-expr","locations":[{"start":{"line":99,"column":4},"end":{"line":99,"column":12}},{"start":{"line":99,"column":16},"end":{"line":99,"column":31}}]},"2":{"loc":{"start":{"line":107,"column":4},"end":{"line":119,"column":null}},"type":"if","locations":[{"start":{"line":107,"column":4},"end":{"line":119,"column":null}},{"start":{"line":107,"column":4},"end":{"line":119,"column":null}}]},"3":{"loc":{"start":{"line":107,"column":8},"end":{"line":107,"column":36}},"type":"binary-expr","locations":[{"start":{"line":107,"column":8},"end":{"line":107,"column":36}},{"start":{"line":107,"column":40},"end":{"line":107,"column":66}}]},"4":{"loc":{"start":{"line":109,"column":11},"end":{"line":119,"column":null}},"type":"if","locations":[{"start":{"line":109,"column":11},"end":{"line":119,"column":null}},{"start":{"line":109,"column":11},"end":{"line":119,"column":null}}]},"5":{"loc":{"start":{"line":141,"column":113},"end":{"line":141,"column":118}},"type":"default-arg","locations":[{"start":{"line":141,"column":113},"end":{"line":141,"column":118}}]},"6":{"loc":{"start":{"line":143,"column":2},"end":{"line":149,"column":null}},"type":"if","locations":[{"start":{"line":143,"column":2},"end":{"line":149,"column":null}},{"start":{"line":143,"column":2},"end":{"line":149,"column":null}}]},"7":{"loc":{"start":{"line":143,"column":6},"end":{"line":143,"column":22}},"type":"binary-expr","locations":[{"start":{"line":143,"column":6},"end":{"line":143,"column":22}},{"start":{"line":143,"column":26},"end":{"line":143,"column":48}}]},"8":{"loc":{"start":{"line":146,"column":4},"end":{"line":148,"column":null}},"type":"if","locations":[{"start":{"line":146,"column":4},"end":{"line":148,"column":null}},{"start":{"line":146,"column":4},"end":{"line":148,"column":null}}]},"9":{"loc":{"start":{"line":160,"column":2},"end":{"line":162,"column":null}},"type":"if","locations":[{"start":{"line":160,"column":2},"end":{"line":162,"column":null}},{"start":{"line":160,"column":2},"end":{"line":162,"column":null}}]},"10":{"loc":{"start":{"line":160,"column":6},"end":{"line":160,"column":18}},"type":"binary-expr","locations":[{"start":{"line":160,"column":6},"end":{"line":160,"column":18}},{"start":{"line":160,"column":22},"end":{"line":160,"column":43}}]},"11":{"loc":{"start":{"line":167,"column":21},"end":{"line":167,"column":102}},"type":"cond-expr","locations":[{"start":{"line":167,"column":21},"end":{"line":167,"column":102}},{"start":{"line":167,"column":105},"end":{"line":167,"column":107}}]},"12":{"loc":{"start":{"line":171,"column":17},"end":{"line":171,"column":114}},"type":"cond-expr","locations":[{"start":{"line":171,"column":17},"end":{"line":171,"column":114}},{"start":{"line":171,"column":117},"end":{"line":171,"column":119}}]},"13":{"loc":{"start":{"line":176,"column":2},"end":{"line":178,"column":null}},"type":"if","locations":[{"start":{"line":176,"column":2},"end":{"line":178,"column":null}},{"start":{"line":176,"column":2},"end":{"line":178,"column":null}}]},"14":{"loc":{"start":{"line":195,"column":44},"end":{"line":195,"column":72}},"type":"cond-expr","locations":[{"start":{"line":195,"column":44},"end":{"line":195,"column":72}},{"start":{"line":195,"column":75},"end":{"line":195,"column":101}}]},"15":{"loc":{"start":{"line":197,"column":38},"end":{"line":197,"column":87}},"type":"cond-expr","locations":[{"start":{"line":197,"column":38},"end":{"line":197,"column":87}},{"start":{"line":197,"column":90},"end":{"line":197,"column":92}}]},"16":{"loc":{"start":{"line":198,"column":49},"end":{"line":198,"column":62}},"type":"cond-expr","locations":[{"start":{"line":198,"column":49},"end":{"line":198,"column":62}},{"start":{"line":198,"column":65},"end":{"line":198,"column":67}}]},"17":{"loc":{"start":{"line":202,"column":31},"end":{"line":202,"column":36}},"type":"binary-expr","locations":[{"start":{"line":202,"column":31},"end":{"line":202,"column":36}},{"start":{"line":202,"column":40},"end":{"line":202,"column":51}}]}},"s":{"0":60,"1":60,"2":60,"3":60,"4":60,"5":60,"6":0,"7":60,"8":0,"9":0,"10":0,"11":0,"12":60,"13":0,"14":0,"15":0,"16":0,"17":60,"18":0,"19":0,"20":0,"21":0,"22":0,"23":0,"24":0,"25":0,"26":0,"27":0,"28":0,"29":0,"30":0,"31":0,"32":60,"33":0,"34":0,"35":0,"36":60,"37":1,"38":1,"39":0,"40":1,"41":1,"42":0,"43":60,"44":0,"45":0,"46":0,"47":0,"48":60,"49":0,"50":60,"51":0,"52":60,"53":60,"54":0,"55":0,"56":0,"57":0,"58":4,"59":4,"60":4,"61":4,"62":4,"63":4,"64":4,"65":4,"66":4,"67":4,"68":4,"69":4,"70":60},"f":{"0":0,"1":0,"2":0,"3":0,"4":0,"5":0,"6":0,"7":0,"8":1,"9":0,"10":0,"11":0,"12":0,"13":4},"b":{"0":[0,0],"1":[0,0],"2":[0,0],"3":[0,0],"4":[0,0],"5":[0],"6":[0,1],"7":[1,1],"8":[1,0],"9":[0,0],"10":[0,0],"11":[0,0],"12":[0,0],"13":[0,0],"14":[0,4],"15":[0,4],"16":[0,4],"17":[4,4]}}
,"/Users/chakkaravarthi/Dev/UMG/umg_deli/umgc_delivery/src/utils/googleAnalytics.tsx": {"path":"/Users/chakkaravarthi/Dev/UMG/umg_deli/umgc_delivery/src/utils/googleAnalytics.tsx","statementMap":{"0":{"start":{"line":1,"column":0},"end":{"line":1,"column":41}},"1":{"start":{"line":2,"column":0},"end":{"line":2,"column":31}},"2":{"start":{"line":3,"column":0},"end":{"line":3,"column":41}},"3":{"start":{"line":4,"column":0},"end":{"line":4,"column":39}},"4":{"start":{"line":6,"column":19},"end":{"line":6,"column":41}},"5":{"start":{"line":8,"column":34},"end":{"line":27,"column":1}},"6":{"start":{"line":9,"column":24},"end":{"line":17,"column":3}},"7":{"start":{"line":10,"column":17},"end":{"line":10,"column":34}},"8":{"start":{"line":11,"column":25},"end":{"line":11,"column":31}},"9":{"start":{"line":12,"column":4},"end":{"line":15,"column":7}},"10":{"start":{"line":16,"column":4},"end":{"line":16,"column":27}},"11":{"start":{"line":19,"column":2},"end":{"line":24,"column":5}},"12":{"start":{"line":20,"column":4},"end":{"line":23,"column":6}},"13":{"start":{"line":26,"column":2},"end":{"line":26,"column":14}},"14":{"start":{"line":29,"column":31},"end":{"line":30,"column":39}},"15":{"start":{"line":30,"column":2},"end":{"line":30,"column":39}},"16":{"start":{"line":32,"column":13},"end":{"line":44,"column":1}},"17":{"start":{"line":33,"column":22},"end":{"line":33,"column":59}},"18":{"start":{"line":35,"column":2},"end":{"line":41,"column":null}},"19":{"start":{"line":36,"column":4},"end":{"line":40,"column":6}},"20":{"start":{"line":43,"column":2},"end":{"line":43,"column":21}},"21":{"start":{"line":53,"column":13},"end":{"line":59,"column":2}},"22":{"start":{"line":54,"column":19},"end":{"line":54,"column":70}},"23":{"start":{"line":55,"column":2},"end":{"line":58,"column":5}},"24":{"start":{"line":61,"column":0},"end":{"line":65,"column":2}}},"fnMap":{"0":{"name":"(anonymous_2)","decl":{"start":{"line":8,"column":34},"end":{"line":8,"column":37}},"loc":{"start":{"line":8,"column":39},"end":{"line":27,"column":1}}},"1":{"name":"(anonymous_3)","decl":{"start":{"line":9,"column":24},"end":{"line":9,"column":25}},"loc":{"start":{"line":9,"column":64},"end":{"line":17,"column":3}}},"2":{"name":"(anonymous_4)","decl":{"start":{"line":19,"column":12},"end":{"line":19,"column":15}},"loc":{"start":{"line":19,"column":17},"end":{"line":24,"column":3}}},"3":{"name":"(anonymous_5)","decl":{"start":{"line":29,"column":31},"end":{"line":29,"column":34}},"loc":{"start":{"line":30,"column":2},"end":{"line":30,"column":39}}},"4":{"name":"(anonymous_6)","decl":{"start":{"line":32,"column":13},"end":{"line":32,"column":14}},"loc":{"start":{"line":32,"column":39},"end":{"line":44,"column":1}}},"5":{"name":"(anonymous_7)","decl":{"start":{"line":53,"column":23},"end":{"line":53,"column":24}},"loc":{"start":{"line":53,"column":49},"end":{"line":59,"column":1}}}},"branchMap":{"0":{"loc":{"start":{"line":9,"column":52},"end":{"line":9,"column":54}},"type":"default-arg","locations":[{"start":{"line":9,"column":52},"end":{"line":9,"column":54}}]},"1":{"loc":{"start":{"line":32,"column":24},"end":{"line":32,"column":26}},"type":"default-arg","locations":[{"start":{"line":32,"column":24},"end":{"line":32,"column":26}}]},"2":{"loc":{"start":{"line":35,"column":2},"end":{"line":41,"column":null}},"type":"if","locations":[{"start":{"line":35,"column":2},"end":{"line":41,"column":null}},{"start":{"line":35,"column":2},"end":{"line":41,"column":null}}]},"3":{"loc":{"start":{"line":54,"column":19},"end":{"line":54,"column":64}},"type":"binary-expr","locations":[{"start":{"line":54,"column":19},"end":{"line":54,"column":64}},{"start":{"line":54,"column":68},"end":{"line":54,"column":70}}]}},"s":{"0":28,"1":28,"2":28,"3":28,"4":28,"5":28,"6":0,"7":0,"8":0,"9":0,"10":0,"11":0,"12":0,"13":0,"14":28,"15":0,"16":28,"17":1,"18":1,"19":1,"20":1,"21":28,"22":0,"23":0,"24":28},"f":{"0":0,"1":0,"2":0,"3":0,"4":1,"5":0},"b":{"0":[0],"1":[1],"2":[1,0],"3":[0,0]}}
,"/Users/chakkaravarthi/Dev/UMG/umg_deli/umgc_delivery/src/utils/imageUrlHandler.ts": {"path":"/Users/chakkaravarthi/Dev/UMG/umg_deli/umgc_delivery/src/utils/imageUrlHandler.ts","statementMap":{"0":{"start":{"line":1,"column":0},"end":{"line":1,"column":39}},"1":{"start":{"line":4,"column":25},"end":{"line":4,"column":61}},"2":{"start":{"line":5,"column":24},"end":{"line":5,"column":61}},"3":{"start":{"line":12,"column":2},"end":{"line":13,"column":23}},"4":{"start":{"line":19,"column":4},"end":{"line":19,"column":40}},"5":{"start":{"line":21,"column":2},"end":{"line":21,"column":22}},"6":{"start":{"line":17,"column":0},"end":{"line":17,"column":16}},"7":{"start":{"line":24,"column":13},"end":{"line":32,"column":2}},"8":{"start":{"line":27,"column":2},"end":{"line":29,"column":null}},"9":{"start":{"line":28,"column":4},"end":{"line":28,"column":27}},"10":{"start":{"line":31,"column":2},"end":{"line":31,"column":43}},"11":{"start":{"line":34,"column":13},"end":{"line":42,"column":2}},"12":{"start":{"line":37,"column":2},"end":{"line":39,"column":null}},"13":{"start":{"line":38,"column":4},"end":{"line":38,"column":28}},"14":{"start":{"line":41,"column":2},"end":{"line":41,"column":43}},"15":{"start":{"line":44,"column":13},"end":{"line":64,"column":2}},"16":{"start":{"line":47,"column":2},"end":{"line":55,"column":null}},"17":{"start":{"line":48,"column":4},"end":{"line":54,"column":6}},"18":{"start":{"line":57,"column":2},"end":{"line":63,"column":4}}},"fnMap":{"0":{"name":"buildImageUrl","decl":{"start":{"line":11,"column":9},"end":{"line":11,"column":22}},"loc":{"start":{"line":11,"column":38},"end":{"line":14,"column":1}}},"1":{"name":"imageUrlHandler","decl":{"start":{"line":17,"column":16},"end":{"line":17,"column":31}},"loc":{"start":{"line":17,"column":31},"end":{"line":22,"column":1}}},"2":{"name":"sanitize","decl":{"start":{"line":18,"column":11},"end":{"line":18,"column":19}},"loc":{"start":{"line":18,"column":32},"end":{"line":20,"column":3}}},"3":{"name":"(anonymous_3)","decl":{"start":{"line":24,"column":33},"end":{"line":24,"column":null}},"loc":{"start":{"line":26,"column":12},"end":{"line":32,"column":1}}},"4":{"name":"(anonymous_4)","decl":{"start":{"line":34,"column":25},"end":{"line":34,"column":null}},"loc":{"start":{"line":36,"column":12},"end":{"line":42,"column":1}}},"5":{"name":"(anonymous_5)","decl":{"start":{"line":44,"column":28},"end":{"line":44,"column":null}},"loc":{"start":{"line":46,"column":15},"end":{"line":64,"column":1}}}},"branchMap":{"0":{"loc":{"start":{"line":12,"column":36},"end":{"line":13,"column":13}},"type":"cond-expr","locations":[{"start":{"line":12,"column":36},"end":{"line":13,"column":13}},{"start":{"line":13,"column":16},"end":{"line":13,"column":22}}]},"1":{"loc":{"start":{"line":27,"column":2},"end":{"line":29,"column":null}},"type":"if","locations":[{"start":{"line":27,"column":2},"end":{"line":29,"column":null}},{"start":{"line":27,"column":2},"end":{"line":29,"column":null}}]},"2":{"loc":{"start":{"line":37,"column":2},"end":{"line":39,"column":null}},"type":"if","locations":[{"start":{"line":37,"column":2},"end":{"line":39,"column":null}},{"start":{"line":37,"column":2},"end":{"line":39,"column":null}}]},"3":{"loc":{"start":{"line":47,"column":2},"end":{"line":55,"column":null}},"type":"if","locations":[{"start":{"line":47,"column":2},"end":{"line":55,"column":null}},{"start":{"line":47,"column":2},"end":{"line":55,"column":null}}]}},"s":{"0":60,"1":60,"2":60,"3":31,"4":31,"5":31,"6":60,"7":60,"8":0,"9":0,"10":0,"11":60,"12":1,"13":0,"14":1,"15":60,"16":7,"17":1,"18":6},"f":{"0":31,"1":31,"2":31,"3":0,"4":1,"5":7},"b":{"0":[6,25],"1":[0,0],"2":[0,1],"3":[1,6]}}
,"/Users/chakkaravarthi/Dev/UMG/umg_deli/umgc_delivery/src/utils/scroller.ts": {"path":"/Users/chakkaravarthi/Dev/UMG/umg_deli/umgc_delivery/src/utils/scroller.ts","statementMap":{"0":{"start":{"line":1,"column":13},"end":{"line":10,"column":2}},"1":{"start":{"line":2,"column":23},"end":{"line":2,"column":60}},"2":{"start":{"line":3,"column":22},"end":{"line":3,"column":40}},"3":{"start":{"line":4,"column":26},"end":{"line":4,"column":98}},"4":{"start":{"line":6,"column":2},"end":{"line":8,"column":null}},"5":{"start":{"line":7,"column":4},"end":{"line":7,"column":11}},"6":{"start":{"line":9,"column":2},"end":{"line":9,"column":20}}},"fnMap":{"0":{"name":"(anonymous_0)","decl":{"start":{"line":1,"column":36},"end":{"line":1,"column":37}},"loc":{"start":{"line":1,"column":60},"end":{"line":10,"column":1}}}},"branchMap":{"0":{"loc":{"start":{"line":4,"column":36},"end":{"line":4,"column":70}},"type":"binary-expr","locations":[{"start":{"line":4,"column":36},"end":{"line":4,"column":70}},{"start":{"line":4,"column":74},"end":{"line":4,"column":97}}]},"1":{"loc":{"start":{"line":6,"column":2},"end":{"line":8,"column":null}},"type":"if","locations":[{"start":{"line":6,"column":2},"end":{"line":8,"column":null}},{"start":{"line":6,"column":2},"end":{"line":8,"column":null}}]}},"s":{"0":7,"1":0,"2":0,"3":0,"4":0,"5":0,"6":0},"f":{"0":0},"b":{"0":[0,0],"1":[0,0]}}
,"/Users/chakkaravarthi/Dev/UMG/umg_deli/umgc_delivery/src/utils/utilities.ts": {"path":"/Users/chakkaravarthi/Dev/UMG/umg_deli/umgc_delivery/src/utils/utilities.ts","statementMap":{"0":{"start":{"line":1,"column":13},"end":{"line":3,"column":2}},"1":{"start":{"line":2,"column":2},"end":{"line":2,"column":58}}},"fnMap":{"0":{"name":"(anonymous_0)","decl":{"start":{"line":1,"column":37},"end":{"line":1,"column":38}},"loc":{"start":{"line":1,"column":64},"end":{"line":3,"column":1}}}},"branchMap":{},"s":{"0":2,"1":0},"f":{"0":0},"b":{}}
}
