TN:
SF:/Users/chakkaravarthi/Dev/UMG/umg_deli/umgc_delivery/src/App.tsx
FN:23,(anonymous_2)
FN:23,(anonymous_3)
FN:24,(anonymous_4)
FN:24,(anonymous_5)
FN:25,(anonymous_6)
FN:25,(anonymous_7)
FN:26,(anonymous_8)
FN:26,(anonymous_9)
FN:27,(anonymous_10)
FN:27,(anonymous_11)
FN:28,(anonymous_12)
FN:28,(anonymous_13)
FN:29,(anonymous_14)
FN:29,(anonymous_15)
FN:30,(anonymous_16)
FN:30,(anonymous_17)
FN:31,(anonymous_18)
FN:31,(anonymous_19)
FN:32,(anonymous_20)
FN:32,(anonymous_21)
FN:33,(anonymous_22)
FN:33,(anonymous_23)
FN:34,(anonymous_24)
FN:34,(anonymous_25)
FN:35,(anonymous_26)
FN:35,(anonymous_27)
FN:36,(anonymous_28)
FN:36,(anonymous_29)
FN:37,(anonymous_30)
FN:37,(anonymous_31)
FN:38,(anonymous_32)
FN:38,(anonymous_33)
FN:39,(anonymous_34)
FN:39,(anonymous_35)
FN:40,(anonymous_36)
FN:40,(anonymous_37)
FN:41,(anonymous_38)
FN:41,(anonymous_39)
FN:42,(anonymous_40)
FN:42,(anonymous_41)
FN:43,(anonymous_42)
FN:43,(anonymous_43)
FN:44,(anonymous_44)
FN:44,(anonymous_45)
FN:47,(anonymous_46)
FN:62,(anonymous_47)
FNF:46
FNH:1
FNDA:0,(anonymous_2)
FNDA:0,(anonymous_3)
FNDA:0,(anonymous_4)
FNDA:0,(anonymous_5)
FNDA:0,(anonymous_6)
FNDA:0,(anonymous_7)
FNDA:0,(anonymous_8)
FNDA:0,(anonymous_9)
FNDA:0,(anonymous_10)
FNDA:0,(anonymous_11)
FNDA:0,(anonymous_12)
FNDA:0,(anonymous_13)
FNDA:0,(anonymous_14)
FNDA:0,(anonymous_15)
FNDA:0,(anonymous_16)
FNDA:0,(anonymous_17)
FNDA:0,(anonymous_18)
FNDA:0,(anonymous_19)
FNDA:0,(anonymous_20)
FNDA:0,(anonymous_21)
FNDA:0,(anonymous_22)
FNDA:0,(anonymous_23)
FNDA:0,(anonymous_24)
FNDA:0,(anonymous_25)
FNDA:0,(anonymous_26)
FNDA:0,(anonymous_27)
FNDA:0,(anonymous_28)
FNDA:0,(anonymous_29)
FNDA:0,(anonymous_30)
FNDA:0,(anonymous_31)
FNDA:0,(anonymous_32)
FNDA:0,(anonymous_33)
FNDA:0,(anonymous_34)
FNDA:0,(anonymous_35)
FNDA:0,(anonymous_36)
FNDA:0,(anonymous_37)
FNDA:0,(anonymous_38)
FNDA:0,(anonymous_39)
FNDA:0,(anonymous_40)
FNDA:0,(anonymous_41)
FNDA:0,(anonymous_42)
FNDA:0,(anonymous_43)
FNDA:0,(anonymous_44)
FNDA:0,(anonymous_45)
FNDA:1,(anonymous_46)
FNDA:0,(anonymous_47)
DA:1,6
DA:2,6
DA:3,6
DA:5,6
DA:6,6
DA:7,6
DA:8,6
DA:9,6
DA:10,6
DA:11,6
DA:13,6
DA:14,6
DA:15,6
DA:16,6
DA:17,6
DA:18,6
DA:19,6
DA:21,6
DA:23,6
DA:24,6
DA:25,6
DA:26,6
DA:27,6
DA:28,6
DA:29,6
DA:30,6
DA:31,6
DA:32,6
DA:33,6
DA:34,6
DA:35,6
DA:36,6
DA:37,6
DA:38,6
DA:39,6
DA:40,6
DA:41,6
DA:42,6
DA:43,6
DA:44,6
DA:45,6
DA:47,6
DA:48,1
DA:49,1
DA:50,1
DA:51,1
DA:53,1
DA:62,1
DA:64,0
DA:65,0
DA:66,0
DA:70,1
DA:131,6
LF:53
LH:50
BRDA:65,0,0,0
BRDA:65,0,1,0
BRDA:94,1,0,1
BRDA:94,1,1,1
BRF:4
BRH:2
end_of_record
TN:
SF:/Users/chakkaravarthi/Dev/UMG/umg_deli/umgc_delivery/src/drupalIds.tsx
FNF:0
FNH:0
DA:1,60
DA:76,60
LF:2
LH:2
BRF:0
BRH:0
end_of_record
TN:
SF:/Users/chakkaravarthi/Dev/UMG/umg_deli/umgc_delivery/src/store.tsx
FN:12,(anonymous_1)
FNF:1
FNH:1
FNDA:6,(anonymous_1)
DA:1,6
DA:2,6
DA:3,6
DA:12,6
DA:13,6
DA:14,6
DA:16,6
LF:7
LH:7
BRDA:12,0,0,6
BRDA:13,1,0,6
BRDA:13,1,1,6
BRF:3
BRH:3
end_of_record
TN:
SF:/Users/chakkaravarthi/Dev/UMG/umg_deli/umgc_delivery/src/components/AllLinksOverlay.tsx
FN:43,(anonymous_2)
FN:57,(anonymous_3)
FN:71,(anonymous_4)
FN:78,(anonymous_5)
FN:79,(anonymous_6)
FN:82,(anonymous_7)
FN:104,(anonymous_8)
FN:108,(anonymous_9)
FN:110,(anonymous_10)
FN:113,(anonymous_11)
FN:135,(anonymous_12)
FN:140,(anonymous_13)
FN:153,(anonymous_14)
FN:159,(anonymous_15)
FNF:14
FNH:0
FNDA:0,(anonymous_2)
FNDA:0,(anonymous_3)
FNDA:0,(anonymous_4)
FNDA:0,(anonymous_5)
FNDA:0,(anonymous_6)
FNDA:0,(anonymous_7)
FNDA:0,(anonymous_8)
FNDA:0,(anonymous_9)
FNDA:0,(anonymous_10)
FNDA:0,(anonymous_11)
FNDA:0,(anonymous_12)
FNDA:0,(anonymous_13)
FNDA:0,(anonymous_14)
FNDA:0,(anonymous_15)
DA:1,6
DA:2,6
DA:3,6
DA:8,6
DA:13,6
DA:14,6
DA:15,6
DA:21,6
DA:22,6
DA:24,6
DA:43,6
DA:49,6
DA:55,6
DA:57,6
DA:69,0
DA:71,0
DA:72,0
DA:73,0
DA:76,0
DA:78,0
DA:79,0
DA:82,0
DA:87,0
DA:88,0
DA:90,0
DA:91,0
DA:92,0
DA:93,0
DA:95,0
DA:96,0
DA:100,0
DA:104,0
DA:108,0
DA:111,0
DA:114,0
DA:136,0
DA:137,0
DA:141,0
DA:142,0
DA:143,0
DA:146,0
DA:147,0
DA:148,0
DA:152,0
DA:153,0
DA:154,0
DA:155,0
DA:159,0
DA:164,6
LF:49
LH:15
BRDA:72,0,0,0
BRDA:72,0,1,0
BRDA:73,1,0,0
BRDA:73,1,1,0
BRDA:73,1,2,0
BRDA:73,1,3,0
BRDA:90,2,0,0
BRDA:90,2,1,0
BRDA:103,3,0,0
BRDA:103,3,1,0
BRDA:103,4,0,0
BRDA:103,4,1,0
BRDA:112,5,0,0
BRDA:112,5,1,0
BRDA:137,6,0,0
BRDA:137,6,1,0
BRDA:137,6,2,0
BRDA:137,6,3,0
BRDA:141,7,0,0
BRDA:141,7,1,0
BRDA:146,8,0,0
BRDA:146,8,1,0
BRDA:147,9,0,0
BRDA:147,9,1,0
BRDA:152,10,0,0
BRDA:152,10,1,0
BRDA:152,11,0,0
BRDA:152,11,1,0
BRDA:152,11,2,0
BRDA:155,12,0,0
BRDA:155,12,1,0
BRDA:155,12,2,0
BRDA:155,12,3,0
BRF:33
BRH:0
end_of_record
TN:
SF:/Users/chakkaravarthi/Dev/UMG/umg_deli/umgc_delivery/src/components/NotificationsOverlay.tsx
FN:17,(anonymous_1)
FN:26,(anonymous_2)
FN:29,(anonymous_3)
FN:32,(anonymous_4)
FNF:4
FNH:0
FNDA:0,(anonymous_1)
FNDA:0,(anonymous_2)
FNDA:0,(anonymous_3)
FNDA:0,(anonymous_4)
DA:1,6
DA:2,6
DA:4,6
DA:5,6
DA:7,6
DA:8,6
DA:17,6
DA:22,6
DA:26,6
DA:27,0
DA:29,0
DA:31,0
DA:32,0
DA:45,6
LF:14
LH:10
BRF:0
BRH:0
end_of_record
TN:
SF:/Users/chakkaravarthi/Dev/UMG/umg_deli/umgc_delivery/src/components/SlidingMenu.tsx
FN:66,(anonymous_2)
FN:86,(anonymous_3)
FN:113,(anonymous_4)
FN:126,(anonymous_5)
FN:130,(anonymous_6)
FN:136,(anonymous_7)
FN:143,(anonymous_8)
FN:148,(anonymous_9)
FN:155,(anonymous_10)
FN:161,(anonymous_11)
FN:167,(anonymous_12)
FN:180,(anonymous_13)
FN:194,(anonymous_14)
FN:199,(anonymous_15)
FN:203,(anonymous_16)
FN:243,(anonymous_17)
FN:254,(anonymous_18)
FN:263,(anonymous_19)
FN:270,(anonymous_20)
FN:290,(anonymous_21)
FN:292,(anonymous_22)
FN:294,(anonymous_23)
FN:311,(anonymous_24)
FN:313,(anonymous_25)
FN:322,(anonymous_26)
FN:324,(anonymous_27)
FN:325,(anonymous_28)
FNF:27
FNH:0
FNDA:0,(anonymous_2)
FNDA:0,(anonymous_3)
FNDA:0,(anonymous_4)
FNDA:0,(anonymous_5)
FNDA:0,(anonymous_6)
FNDA:0,(anonymous_7)
FNDA:0,(anonymous_8)
FNDA:0,(anonymous_9)
FNDA:0,(anonymous_10)
FNDA:0,(anonymous_11)
FNDA:0,(anonymous_12)
FNDA:0,(anonymous_13)
FNDA:0,(anonymous_14)
FNDA:0,(anonymous_15)
FNDA:0,(anonymous_16)
FNDA:0,(anonymous_17)
FNDA:0,(anonymous_18)
FNDA:0,(anonymous_19)
FNDA:0,(anonymous_20)
FNDA:0,(anonymous_21)
FNDA:0,(anonymous_22)
FNDA:0,(anonymous_23)
FNDA:0,(anonymous_24)
FNDA:0,(anonymous_25)
FNDA:0,(anonymous_26)
FNDA:0,(anonymous_27)
FNDA:0,(anonymous_28)
DA:1,6
DA:2,6
DA:3,6
DA:4,6
DA:8,6
DA:9,6
DA:11,6
DA:12,6
DA:16,6
DA:17,6
DA:19,6
DA:20,6
DA:21,6
DA:22,6
DA:23,6
DA:24,6
DA:25,6
DA:26,6
DA:27,6
DA:28,6
DA:30,6
DA:66,6
DA:78,6
DA:86,6
DA:87,0
DA:102,0
DA:104,0
DA:105,0
DA:106,0
DA:107,0
DA:108,0
DA:109,0
DA:111,0
DA:113,0
DA:114,0
DA:115,0
DA:116,0
DA:118,0
DA:119,0
DA:120,0
DA:124,0
DA:126,0
DA:127,0
DA:128,0
DA:130,0
DA:131,0
DA:134,0
DA:136,0
DA:137,0
DA:141,0
DA:143,0
DA:144,0
DA:145,0
DA:146,0
DA:147,0
DA:148,0
DA:152,0
DA:153,0
DA:155,0
DA:156,0
DA:157,0
DA:158,0
DA:161,0
DA:162,0
DA:163,0
DA:164,0
DA:167,0
DA:168,0
DA:170,0
DA:171,0
DA:172,0
DA:174,0
DA:175,0
DA:176,0
DA:180,0
DA:181,0
DA:182,0
DA:185,0
DA:186,0
DA:187,0
DA:188,0
DA:191,0
DA:195,0
DA:199,0
DA:204,0
DA:205,0
DA:226,0
DA:244,0
DA:245,0
DA:255,0
DA:256,0
DA:264,0
DA:265,0
DA:266,0
DA:270,0
DA:290,0
DA:293,0
DA:295,0
DA:296,0
DA:312,0
DA:314,0
DA:315,0
DA:316,0
DA:322,0
DA:325,0
DA:337,0
DA:345,6
LF:107
LH:25
BRDA:72,0,0,0
BRDA:72,0,1,0
BRDA:93,1,0,0
BRDA:114,2,0,0
BRDA:114,2,1,0
BRDA:116,3,0,0
BRDA:116,3,1,0
BRDA:118,4,0,0
BRDA:118,4,1,0
BRDA:127,5,0,0
BRDA:127,5,1,0
BRDA:128,6,0,0
BRDA:128,6,1,0
BRDA:134,7,0,0
BRDA:134,7,1,0
BRDA:144,8,0,0
BRDA:144,8,1,0
BRDA:145,9,0,0
BRDA:145,9,1,0
BRDA:145,10,0,0
BRDA:145,10,1,0
BRDA:145,11,0,0
BRDA:145,11,1,0
BRDA:145,12,0,0
BRDA:145,12,1,0
BRDA:145,13,0,0
BRDA:145,13,1,0
BRDA:147,14,0,0
BRDA:147,14,1,0
BRDA:156,15,0,0
BRDA:156,15,1,0
BRDA:157,16,0,0
BRDA:157,16,1,0
BRDA:172,17,0,0
BRDA:172,17,1,0
BRDA:174,18,0,0
BRDA:174,18,1,0
BRDA:181,19,0,0
BRDA:181,19,1,0
BRDA:187,20,0,0
BRDA:187,20,1,0
BRDA:188,21,0,0
BRDA:188,21,1,0
BRDA:209,22,0,0
BRDA:209,22,1,0
BRDA:226,23,0,0
BRDA:226,23,1,0
BRDA:230,24,0,0
BRDA:230,24,1,0
BRDA:244,25,0,0
BRDA:244,25,1,0
BRDA:255,26,0,0
BRDA:255,26,1,0
BRDA:264,27,0,0
BRDA:264,27,1,0
BRDA:270,28,0,0
BRDA:270,28,1,0
BRDA:295,29,0,0
BRDA:295,29,1,0
BRDA:306,30,0,0
BRDA:306,30,1,0
BRDA:314,31,0,0
BRDA:314,31,1,0
BRF:63
BRH:0
end_of_record
TN:
SF:/Users/chakkaravarthi/Dev/UMG/umg_deli/umgc_delivery/src/components/Modal/NotificationRejectModal.tsx
FN:23,(anonymous_1)
FN:35,(anonymous_2)
FN:38,(anonymous_3)
FN:42,(anonymous_4)
FN:50,(anonymous_5)
FNF:5
FNH:0
FNDA:0,(anonymous_1)
FNDA:0,(anonymous_2)
FNDA:0,(anonymous_3)
FNDA:0,(anonymous_4)
FNDA:0,(anonymous_5)
DA:1,2
DA:2,2
DA:4,2
DA:5,2
DA:6,2
DA:9,2
DA:13,2
DA:23,2
DA:29,2
DA:35,2
DA:36,0
DA:38,0
DA:39,0
DA:42,0
DA:43,0
DA:44,0
DA:45,0
DA:46,0
DA:50,0
DA:51,0
DA:54,0
DA:66,2
LF:22
LH:11
BRDA:39,0,0,0
BRDA:39,0,1,0
BRDA:43,1,0,0
BRDA:43,1,1,0
BRDA:43,2,0,0
BRDA:43,2,1,0
BRDA:43,2,2,0
BRDA:43,2,3,0
BRDA:51,3,0,0
BRDA:51,3,1,0
BRF:10
BRH:0
end_of_record
TN:
SF:/Users/chakkaravarthi/Dev/UMG/umg_deli/umgc_delivery/src/components/appreciationCards/AppreciationCardsTable.tsx
FN:16,(anonymous_1)
FN:24,(anonymous_2)
FN:37,(anonymous_3)
FN:45,(anonymous_4)
FN:46,(anonymous_5)
FNF:5
FNH:0
FNDA:0,(anonymous_1)
FNDA:0,(anonymous_2)
FNDA:0,(anonymous_3)
FNDA:0,(anonymous_4)
FNDA:0,(anonymous_5)
DA:1,2
DA:2,2
DA:7,2
DA:16,2
DA:22,0
DA:24,0
DA:25,0
DA:29,0
DA:32,0
DA:38,0
DA:39,0
DA:46,0
DA:66,2
LF:13
LH:5
BRDA:26,0,0,0
BRDA:26,0,1,0
BRDA:37,1,0,0
BRDA:37,1,1,0
BRDA:46,2,0,0
BRDA:46,2,1,0
BRDA:58,3,0,0
BRDA:58,3,1,0
BRF:8
BRH:0
end_of_record
TN:
SF:/Users/chakkaravarthi/Dev/UMG/umg_deli/umgc_delivery/src/components/appreciationCards/AppreciationCardsTableContainer.tsx
FN:31,(anonymous_2)
FN:44,(anonymous_3)
FN:55,(anonymous_4)
FN:65,(anonymous_5)
FN:72,(anonymous_6)
FNF:5
FNH:0
FNDA:0,(anonymous_2)
FNDA:0,(anonymous_3)
FNDA:0,(anonymous_4)
FNDA:0,(anonymous_5)
FNDA:0,(anonymous_6)
DA:1,2
DA:2,2
DA:3,2
DA:6,2
DA:8,2
DA:9,2
DA:14,2
DA:15,2
DA:16,2
DA:19,2
DA:31,2
DA:39,2
DA:44,2
DA:53,0
DA:55,0
DA:56,0
DA:59,0
DA:65,0
DA:73,0
DA:92,2
LF:20
LH:14
BRDA:50,0,0,0
BRDA:56,1,0,0
BRDA:56,1,1,0
BRDA:61,2,0,0
BRDA:61,2,1,0
BRDA:65,3,0,0
BRDA:65,3,1,0
BRF:7
BRH:0
end_of_record
TN:
SF:/Users/chakkaravarthi/Dev/UMG/umg_deli/umgc_delivery/src/components/appreciationCards/ModalAppreciationCardPreview.tsx
FN:15,(anonymous_1)
FNF:1
FNH:1
FNDA:2,(anonymous_1)
DA:1,5
DA:2,5
DA:3,5
DA:5,5
DA:15,5
DA:22,2
DA:24,2
DA:26,1
DA:71,5
LF:9
LH:9
BRDA:20,0,0,2
BRDA:24,1,0,1
BRDA:24,1,1,1
BRDA:44,2,0,0
BRDA:44,2,1,1
BRF:5
BRH:4
end_of_record
TN:
SF:/Users/chakkaravarthi/Dev/UMG/umg_deli/umgc_delivery/src/components/articles/ArticleList.tsx
FN:17,(anonymous_1)
FN:28,(anonymous_2)
FN:42,(anonymous_3)
FNF:3
FNH:2
FNDA:2,(anonymous_1)
FNDA:3,(anonymous_2)
FNDA:0,(anonymous_3)
DA:1,1
DA:4,1
DA:5,1
DA:6,1
DA:7,1
DA:8,1
DA:9,1
DA:10,1
DA:17,1
DA:18,2
DA:19,2
DA:21,2
DA:22,1
DA:25,1
DA:29,3
DA:43,0
DA:53,1
LF:17
LH:16
BRDA:18,0,0,2
BRDA:21,1,0,1
BRDA:21,1,1,1
BRF:3
BRH:3
end_of_record
TN:
SF:/Users/chakkaravarthi/Dev/UMG/umg_deli/umgc_delivery/src/components/articles/ArticleTeaser.tsx
FN:21,(anonymous_1)
FN:49,(anonymous_2)
FN:60,(anonymous_3)
FN:113,(anonymous_4)
FN:123,(anonymous_5)
FNF:5
FNH:3
FNDA:2,(anonymous_1)
FNDA:0,(anonymous_2)
FNDA:0,(anonymous_3)
FNDA:1,(anonymous_4)
FNDA:1,(anonymous_5)
DA:1,1
DA:2,1
DA:3,1
DA:5,1
DA:7,1
DA:9,1
DA:10,1
DA:11,1
DA:21,1
DA:22,2
DA:24,2
DA:25,1
DA:28,1
DA:50,0
DA:61,0
DA:114,1
DA:124,1
DA:154,1
LF:18
LH:16
BRDA:24,0,0,1
BRDA:24,0,1,1
BRDA:34,1,0,0
BRDA:34,1,1,1
BRDA:45,2,0,0
BRDA:45,2,1,0
BRDA:50,3,0,0
BRDA:50,3,1,0
BRDA:55,4,0,0
BRDA:55,4,1,0
BRDA:62,5,0,0
BRDA:62,5,1,0
BRDA:73,6,0,0
BRDA:73,6,1,0
BRDA:110,7,0,1
BRDA:110,7,1,1
BRDA:114,8,0,1
BRDA:114,8,1,0
BRDA:119,9,0,1
BRDA:119,9,1,1
BRDA:125,10,0,1
BRDA:125,10,1,0
BRDA:136,11,0,0
BRDA:136,11,1,1
BRF:24
BRH:10
end_of_record
TN:
SF:/Users/chakkaravarthi/Dev/UMG/umg_deli/umgc_delivery/src/components/articles/ArticlesMinimalList.tsx
FN:18,(anonymous_2)
FN:27,(anonymous_3)
FN:33,(anonymous_4)
FN:43,(anonymous_5)
FN:51,(anonymous_6)
FNF:5
FNH:2
FNDA:0,(anonymous_2)
FNDA:1,(anonymous_3)
FNDA:0,(anonymous_4)
FNDA:3,(anonymous_5)
FNDA:0,(anonymous_6)
DA:1,6
DA:2,6
DA:3,6
DA:4,6
DA:6,6
DA:8,6
DA:9,6
DA:18,6
DA:25,6
DA:27,6
DA:28,1
DA:30,1
DA:31,1
DA:33,1
DA:34,0
DA:37,1
DA:38,0
DA:41,1
DA:44,3
DA:52,0
DA:60,6
LF:21
LH:18
BRDA:34,0,0,0
BRDA:34,0,1,0
BRDA:34,1,0,0
BRDA:34,1,1,0
BRDA:37,2,0,0
BRDA:37,2,1,1
BRDA:37,3,0,1
BRDA:37,3,1,1
BRF:8
BRH:3
end_of_record
TN:
SF:/Users/chakkaravarthi/Dev/UMG/umg_deli/umgc_delivery/src/components/articles/LandingArticlesAndEvents.tsx
FN:27,(anonymous_2)
FN:35,(anonymous_3)
FN:49,(anonymous_4)
FN:52,(anonymous_5)
FN:53,(anonymous_6)
FN:56,(anonymous_7)
FN:71,(anonymous_8)
FN:76,(anonymous_9)
FN:97,(anonymous_10)
FN:105,(anonymous_11)
FN:108,(anonymous_12)
FN:115,(anonymous_13)
FNF:12
FNH:2
FNDA:0,(anonymous_2)
FNDA:2,(anonymous_3)
FNDA:0,(anonymous_4)
FNDA:0,(anonymous_5)
FNDA:0,(anonymous_6)
FNDA:0,(anonymous_7)
FNDA:0,(anonymous_8)
FNDA:0,(anonymous_9)
FNDA:2,(anonymous_10)
FNDA:0,(anonymous_11)
FNDA:0,(anonymous_12)
FNDA:0,(anonymous_13)
DA:1,2
DA:2,2
DA:5,2
DA:6,2
DA:7,2
DA:8,2
DA:9,2
DA:10,2
DA:11,2
DA:12,2
DA:13,2
DA:14,2
DA:15,2
DA:17,2
DA:27,2
DA:33,2
DA:35,2
DA:36,2
DA:38,2
DA:39,2
DA:41,2
DA:42,2
DA:44,2
DA:45,2
DA:46,2
DA:49,2
DA:50,0
DA:51,0
DA:52,0
DA:53,0
DA:56,2
DA:57,0
DA:60,2
DA:72,0
DA:77,0
DA:82,2
DA:98,2
DA:106,0
DA:108,0
DA:116,0
DA:136,2
LF:41
LH:31
BRDA:44,0,0,2
BRDA:44,0,1,0
BRDA:77,1,0,0
BRDA:77,1,1,0
BRDA:86,2,0,1
BRDA:86,2,1,1
BRDA:86,3,0,2
BRDA:86,3,1,2
BRDA:97,4,0,1
BRDA:97,4,1,1
BRDA:97,5,0,2
BRDA:97,5,1,2
BRDA:108,6,0,0
BRDA:108,6,1,0
BRDA:114,7,0,1
BRDA:114,7,1,0
BRDA:114,8,0,1
BRDA:114,8,1,1
BRF:18
BRH:12
end_of_record
TN:
SF:/Users/chakkaravarthi/Dev/UMG/umg_deli/umgc_delivery/src/components/articles/LastArticles.tsx
FN:14,(anonymous_1)
FN:23,(anonymous_2)
FN:31,(anonymous_3)
FNF:3
FNH:2
FNDA:1,(anonymous_1)
FNDA:3,(anonymous_2)
FNDA:0,(anonymous_3)
DA:1,2
DA:2,2
DA:3,2
DA:4,2
DA:5,2
DA:6,2
DA:8,2
DA:14,2
DA:15,1
DA:17,1
DA:18,0
DA:21,1
DA:24,3
DA:32,0
DA:41,2
LF:15
LH:13
BRDA:17,0,0,0
BRDA:17,0,1,1
BRDA:17,1,0,1
BRDA:17,1,1,1
BRF:4
BRH:3
end_of_record
TN:
SF:/Users/chakkaravarthi/Dev/UMG/umg_deli/umgc_delivery/src/components/articles/RelatedArticles.tsx
FN:15,(anonymous_1)
FN:29,(anonymous_2)
FN:32,(anonymous_3)
FNF:3
FNH:3
FNDA:2,(anonymous_1)
FNDA:3,(anonymous_2)
FNDA:3,(anonymous_3)
DA:1,1
DA:2,1
DA:3,1
DA:4,1
DA:6,1
DA:7,1
DA:8,1
DA:9,1
DA:15,1
DA:16,2
DA:18,2
DA:19,1
DA:22,1
DA:30,3
DA:33,3
DA:76,1
LF:16
LH:16
BRDA:18,0,0,1
BRDA:18,0,1,1
BRDA:30,1,0,3
BRDA:30,1,1,3
BRF:4
BRH:4
end_of_record
TN:
SF:/Users/chakkaravarthi/Dev/UMG/umg_deli/umgc_delivery/src/components/common/image.tsx
FN:11,(anonymous_1)
FNF:1
FNH:0
FNDA:0,(anonymous_1)
DA:1,1
DA:2,1
DA:11,1
DA:12,0
DA:13,0
DA:15,0
DA:23,1
LF:7
LH:4
BRDA:17,0,0,0
BRDA:17,0,1,0
BRF:2
BRH:0
end_of_record
TN:
SF:/Users/chakkaravarthi/Dev/UMG/umg_deli/umgc_delivery/src/components/common/loader.tsx
FN:6,(anonymous_1)
FNF:1
FNH:0
FNDA:0,(anonymous_1)
DA:1,2
DA:2,2
DA:3,2
DA:4,2
DA:6,2
DA:7,0
DA:16,2
LF:7
LH:6
BRF:0
BRH:0
end_of_record
TN:
SF:/Users/chakkaravarthi/Dev/UMG/umg_deli/umgc_delivery/src/components/error/Error.tsx
FN:8,(anonymous_1)
FNF:1
FNH:1
FNDA:1,(anonymous_1)
DA:1,5
DA:2,5
DA:8,5
DA:9,1
DA:11,1
DA:20,5
LF:6
LH:6
BRDA:9,0,0,0
BRF:1
BRH:0
end_of_record
TN:
SF:/Users/chakkaravarthi/Dev/UMG/umg_deli/umgc_delivery/src/components/events/EventListPage.tsx
FN:27,(anonymous_2)
FN:43,(anonymous_3)
FN:47,(anonymous_4)
FN:48,(anonymous_5)
FN:54,handleDropDownChange
FN:62,fetchOnScrollToBottom
FN:64,(anonymous_8)
FN:68,(anonymous_9)
FN:70,(anonymous_10)
FN:75,(anonymous_11)
FN:125,(anonymous_12)
FN:132,(anonymous_13)
FN:149,(anonymous_14)
FN:161,(anonymous_15)
FN:164,(anonymous_16)
FN:168,(anonymous_17)
FNF:16
FNH:0
FNDA:0,(anonymous_2)
FNDA:0,(anonymous_3)
FNDA:0,(anonymous_4)
FNDA:0,(anonymous_5)
FNDA:0,handleDropDownChange
FNDA:0,fetchOnScrollToBottom
FNDA:0,(anonymous_8)
FNDA:0,(anonymous_9)
FNDA:0,(anonymous_10)
FNDA:0,(anonymous_11)
FNDA:0,(anonymous_12)
FNDA:0,(anonymous_13)
FNDA:0,(anonymous_14)
FNDA:0,(anonymous_15)
FNDA:0,(anonymous_16)
FNDA:0,(anonymous_17)
DA:1,2
DA:2,2
DA:5,2
DA:7,2
DA:8,2
DA:9,2
DA:10,2
DA:11,2
DA:12,2
DA:13,2
DA:14,2
DA:15,2
DA:27,2
DA:35,0
DA:37,0
DA:39,0
DA:41,0
DA:43,0
DA:44,0
DA:47,0
DA:48,0
DA:49,0
DA:52,0
DA:55,0
DA:63,0
DA:64,0
DA:68,0
DA:69,0
DA:70,0
DA:71,0
DA:75,0
DA:76,0
DA:77,0
DA:80,0
DA:81,0
DA:83,0
DA:87,0
DA:88,0
DA:91,0
DA:126,0
DA:133,0
DA:150,0
DA:162,0
DA:165,0
DA:169,0
DA:184,2
LF:46
LH:14
BRDA:33,0,0,0
BRDA:63,1,0,0
BRDA:63,1,1,0
BRDA:76,2,0,0
BRDA:76,2,1,0
BRDA:80,3,0,0
BRDA:80,3,1,0
BRDA:87,4,0,0
BRDA:87,4,1,0
BRDA:131,5,0,0
BRDA:131,5,1,0
BRDA:147,6,0,0
BRDA:147,6,1,0
BRDA:160,7,0,0
BRDA:160,7,1,0
BRF:15
BRH:0
end_of_record
TN:
SF:/Users/chakkaravarthi/Dev/UMG/umg_deli/umgc_delivery/src/components/events/EventTeaser.tsx
FN:17,(anonymous_2)
FN:24,(anonymous_3)
FN:32,(anonymous_4)
FN:40,(anonymous_5)
FN:48,(anonymous_6)
FN:54,(anonymous_7)
FNF:6
FNH:2
FNDA:2,(anonymous_2)
FNDA:0,(anonymous_3)
FNDA:2,(anonymous_4)
FNDA:0,(anonymous_5)
FNDA:0,(anonymous_6)
FNDA:0,(anonymous_7)
DA:1,7
DA:2,7
DA:4,7
DA:5,7
DA:6,7
DA:7,7
DA:8,7
DA:17,7
DA:18,2
DA:20,2
DA:22,1
DA:24,1
DA:25,0
DA:28,1
DA:33,2
DA:41,0
DA:49,0
DA:55,0
DA:67,7
LF:19
LH:15
BRDA:18,0,0,1
BRDA:18,1,0,2
BRDA:20,2,0,1
BRDA:20,2,1,1
BRDA:20,3,0,2
BRDA:20,3,1,1
BRDA:31,4,0,1
BRDA:31,4,1,0
BRDA:31,5,0,1
BRDA:31,5,1,1
BRDA:39,6,0,2
BRDA:39,6,1,0
BRDA:45,7,0,2
BRDA:45,7,1,0
BRF:14
BRH:11
end_of_record
TN:
SF:/Users/chakkaravarthi/Dev/UMG/umg_deli/umgc_delivery/src/components/events/Events.tsx
FN:13,(anonymous_1)
FN:25,(anonymous_2)
FNF:2
FNH:1
FNDA:3,(anonymous_1)
FNDA:0,(anonymous_2)
DA:1,7
DA:2,7
DA:5,7
DA:13,7
DA:14,3
DA:16,3
DA:18,2
DA:26,0
DA:35,7
LF:9
LH:8
BRDA:14,0,0,1
BRDA:14,1,0,2
BRDA:16,2,0,1
BRDA:16,2,1,2
BRDA:16,3,0,3
BRDA:16,3,1,3
BRDA:16,3,2,1
BRDA:28,4,0,1
BRDA:28,4,1,1
BRF:9
BRH:9
end_of_record
TN:
SF:/Users/chakkaravarthi/Dev/UMG/umg_deli/umgc_delivery/src/components/events/EventsMinimalList.tsx
FN:18,(anonymous_2)
FN:25,(anonymous_3)
FN:29,(anonymous_4)
FNF:3
FNH:1
FNDA:0,(anonymous_2)
FNDA:1,(anonymous_3)
FNDA:0,(anonymous_4)
DA:1,4
DA:3,4
DA:5,4
DA:7,4
DA:8,4
DA:18,4
DA:23,4
DA:25,4
DA:26,1
DA:27,1
DA:29,1
DA:30,0
DA:33,1
DA:40,4
LF:14
LH:13
BRDA:30,0,0,0
BRDA:30,0,1,0
BRF:2
BRH:0
end_of_record
TN:
SF:/Users/chakkaravarthi/Dev/UMG/umg_deli/umgc_delivery/src/components/facilities/Facilities.tsx
FN:12,(anonymous_1)
FN:27,(anonymous_2)
FN:30,(anonymous_3)
FNF:3
FNH:3
FNDA:3,(anonymous_1)
FNDA:2,(anonymous_2)
FNDA:1,(anonymous_3)
DA:1,2
DA:2,2
DA:3,2
DA:4,2
DA:12,2
DA:13,3
DA:15,3
DA:16,2
DA:19,1
DA:22,0
DA:25,1
DA:27,1
DA:28,2
DA:30,1
DA:31,1
DA:32,1
DA:37,0
DA:38,0
DA:45,0
DA:48,1
DA:62,2
LF:21
LH:17
BRDA:15,0,0,2
BRDA:15,0,1,1
BRDA:19,1,0,0
BRDA:19,1,1,1
BRDA:31,2,0,1
BRDA:31,2,1,0
BRDA:37,3,0,0
BRDA:37,3,1,0
BRDA:56,4,0,1
BRDA:56,4,1,0
BRF:10
BRH:5
end_of_record
TN:
SF:/Users/chakkaravarthi/Dev/UMG/umg_deli/umgc_delivery/src/components/globalToast/GlobalToast.tsx
FN:12,(anonymous_1)
FN:19,(anonymous_2)
FNF:2
FNH:0
FNDA:0,(anonymous_1)
FNDA:0,(anonymous_2)
DA:1,6
DA:2,6
DA:4,6
DA:12,6
DA:19,6
DA:20,0
DA:22,0
DA:29,6
LF:8
LH:6
BRDA:20,0,0,0
BRDA:20,1,0,0
BRDA:20,2,0,0
BRDA:24,3,0,0
BRDA:24,3,1,0
BRDA:25,4,0,0
BRDA:25,4,1,0
BRF:7
BRH:0
end_of_record
TN:
SF:/Users/chakkaravarthi/Dev/UMG/umg_deli/umgc_delivery/src/components/links/LinksCards.tsx
FN:27,(anonymous_2)
FN:40,(anonymous_3)
FN:51,(anonymous_4)
FN:61,(anonymous_5)
FN:66,(anonymous_6)
FN:93,(anonymous_7)
FN:101,(anonymous_8)
FN:128,(anonymous_9)
FN:134,(anonymous_10)
FN:135,(anonymous_11)
FN:147,(anonymous_12)
FNF:11
FNH:6
FNDA:0,(anonymous_2)
FNDA:1,(anonymous_3)
FNDA:0,(anonymous_4)
FNDA:2,(anonymous_5)
FNDA:6,(anonymous_6)
FNDA:0,(anonymous_7)
FNDA:0,(anonymous_8)
FNDA:2,(anonymous_9)
FNDA:1,(anonymous_10)
FNDA:2,(anonymous_11)
FNDA:0,(anonymous_12)
DA:1,8
DA:2,8
DA:3,8
DA:4,8
DA:5,8
DA:7,8
DA:8,8
DA:9,8
DA:15,8
DA:27,8
DA:28,0
DA:31,0
DA:38,8
DA:40,8
DA:49,1
DA:51,1
DA:52,0
DA:53,0
DA:57,1
DA:58,0
DA:61,1
DA:64,2
DA:67,6
DA:68,0
DA:69,0
DA:73,6
DA:74,6
DA:75,1
DA:77,5
DA:93,1
DA:96,0
DA:103,0
DA:104,0
DA:105,0
DA:107,0
DA:109,0
DA:110,0
DA:111,0
DA:113,0
DA:128,1
DA:129,2
DA:134,1
DA:135,1
DA:136,2
DA:144,1
DA:146,1
DA:147,0
DA:150,1
DA:152,1
DA:159,8
LF:50
LH:33
BRDA:46,0,0,1
BRDA:47,1,0,1
BRDA:48,2,0,1
BRDA:52,3,0,0
BRDA:52,3,1,0
BRDA:53,4,0,0
BRDA:53,4,1,0
BRDA:57,5,0,0
BRDA:57,5,1,1
BRDA:57,6,0,1
BRDA:57,6,1,1
BRDA:67,7,0,0
BRDA:67,7,1,6
BRDA:68,8,0,0
BRDA:68,8,1,0
BRDA:74,9,0,1
BRDA:74,9,1,5
BRDA:97,10,0,0
BRDA:97,10,1,0
BRDA:103,11,0,0
BRDA:103,11,1,0
BRDA:104,12,0,0
BRDA:104,12,1,0
BRDA:110,13,0,0
BRDA:110,13,1,0
BRDA:130,14,0,2
BRDA:130,14,1,0
BRDA:150,15,0,0
BRDA:150,15,1,1
BRDA:150,16,0,1
BRDA:150,16,1,0
BRDA:154,17,0,1
BRDA:154,17,1,0
BRF:33
BRH:13
end_of_record
TN:
SF:/Users/chakkaravarthi/Dev/UMG/umg_deli/umgc_delivery/src/components/links/QuickTools.tsx
FN:17,(anonymous_2)
FN:24,(anonymous_3)
FN:29,(anonymous_4)
FN:31,(anonymous_5)
FN:40,(anonymous_6)
FN:46,(anonymous_7)
FN:55,(anonymous_8)
FNF:7
FNH:2
FNDA:0,(anonymous_2)
FNDA:2,(anonymous_3)
FNDA:0,(anonymous_4)
FNDA:0,(anonymous_5)
FNDA:1,(anonymous_6)
FNDA:0,(anonymous_7)
FNDA:0,(anonymous_8)
DA:1,2
DA:2,2
DA:3,2
DA:4,2
DA:5,2
DA:7,2
DA:8,2
DA:10,2
DA:17,2
DA:22,2
DA:24,2
DA:25,2
DA:27,2
DA:29,2
DA:30,0
DA:31,0
DA:34,2
DA:36,1
DA:41,1
DA:47,0
DA:56,0
DA:69,2
LF:22
LH:18
BRDA:25,0,0,0
BRDA:31,1,0,0
BRDA:31,1,1,0
BRDA:34,2,0,1
BRDA:34,2,1,1
BRDA:34,3,0,2
BRDA:34,3,1,2
BRDA:38,4,0,1
BRDA:38,4,1,0
BRDA:40,5,0,1
BRDA:40,5,1,0
BRDA:40,6,0,1
BRDA:40,6,1,1
BRF:13
BRH:8
end_of_record
TN:
SF:/Users/chakkaravarthi/Dev/UMG/umg_deli/umgc_delivery/src/components/nav/Breadcrumb.tsx
FN:12,(anonymous_1)
FNF:1
FNH:1
FNDA:1,(anonymous_1)
DA:1,3
DA:2,3
DA:12,3
DA:13,1
DA:26,3
LF:5
LH:5
BRDA:12,0,0,1
BRDA:12,1,0,1
BRF:2
BRH:2
end_of_record
TN:
SF:/Users/chakkaravarthi/Dev/UMG/umg_deli/umgc_delivery/src/components/nav/TopNavMinimal.tsx
FN:15,(anonymous_1)
FN:19,(anonymous_2)
FN:20,(anonymous_3)
FN:23,(anonymous_4)
FNF:4
FNH:1
FNDA:1,(anonymous_1)
FNDA:0,(anonymous_2)
FNDA:0,(anonymous_3)
FNDA:0,(anonymous_4)
DA:1,3
DA:2,3
DA:15,3
DA:16,1
DA:17,1
DA:19,0
DA:20,0
DA:23,0
DA:29,3
LF:9
LH:6
BRDA:23,0,0,0
BRDA:23,0,1,0
BRF:2
BRH:0
end_of_record
TN:
SF:/Users/chakkaravarthi/Dev/UMG/umg_deli/umgc_delivery/src/components/notifications/AppreciationCardNotification.tsx
FN:12,(anonymous_1)
FNF:1
FNH:1
FNDA:1,(anonymous_1)
DA:1,2
DA:2,2
DA:12,2
DA:13,1
DA:15,1
DA:16,0
DA:19,1
DA:32,2
LF:8
LH:7
BRDA:15,0,0,0
BRDA:15,0,1,1
BRDA:15,1,0,1
BRDA:15,1,1,0
BRF:4
BRH:2
end_of_record
TN:
SF:/Users/chakkaravarthi/Dev/UMG/umg_deli/umgc_delivery/src/components/notifications/ManualNotificationList.tsx
FN:30,(anonymous_1)
FN:51,handleDropDownChange
FN:55,(anonymous_3)
FN:63,(anonymous_4)
FN:71,(anonymous_5)
FN:74,(anonymous_6)
FN:100,(anonymous_7)
FN:101,(anonymous_8)
FN:102,(anonymous_9)
FN:110,(anonymous_10)
FN:120,(anonymous_11)
FN:158,(anonymous_12)
FN:165,(anonymous_13)
FNF:13
FNH:0
FNDA:0,(anonymous_1)
FNDA:0,handleDropDownChange
FNDA:0,(anonymous_3)
FNDA:0,(anonymous_4)
FNDA:0,(anonymous_5)
FNDA:0,(anonymous_6)
FNDA:0,(anonymous_7)
FNDA:0,(anonymous_8)
FNDA:0,(anonymous_9)
FNDA:0,(anonymous_10)
FNDA:0,(anonymous_11)
FNDA:0,(anonymous_12)
FNDA:0,(anonymous_13)
DA:1,2
DA:2,2
DA:3,2
DA:4,2
DA:6,2
DA:7,2
DA:8,2
DA:9,2
DA:10,2
DA:11,2
DA:12,2
DA:13,2
DA:15,2
DA:30,2
DA:34,0
DA:36,0
DA:37,0
DA:38,0
DA:39,0
DA:40,0
DA:41,0
DA:43,0
DA:44,0
DA:45,0
DA:47,0
DA:52,0
DA:55,0
DA:56,0
DA:63,0
DA:64,0
DA:71,0
DA:72,0
DA:75,0
DA:100,0
DA:101,0
DA:102,0
DA:110,0
DA:111,0
DA:120,0
DA:121,0
DA:122,0
DA:123,0
DA:125,0
DA:126,0
DA:128,0
DA:131,0
DA:159,0
DA:166,0
DA:190,2
LF:49
LH:15
BRDA:36,0,0,0
BRDA:36,0,1,0
BRDA:37,1,0,0
BRDA:37,1,1,0
BRDA:39,2,0,0
BRDA:39,2,1,0
BRDA:41,3,0,0
BRDA:41,3,1,0
BRDA:41,4,0,0
BRDA:41,4,1,0
BRDA:41,5,0,0
BRDA:41,5,1,0
BRDA:41,5,2,0
BRDA:43,6,0,0
BRDA:43,6,1,0
BRDA:43,7,0,0
BRDA:43,7,1,0
BRDA:43,7,2,0
BRDA:44,8,0,0
BRDA:44,8,1,0
BRDA:44,9,0,0
BRDA:44,9,1,0
BRDA:47,10,0,0
BRDA:47,10,1,0
BRDA:47,10,2,0
BRDA:74,11,0,0
BRDA:74,11,1,0
BRDA:100,12,0,0
BRDA:100,12,1,0
BRDA:101,13,0,0
BRDA:101,13,1,0
BRDA:102,14,0,0
BRDA:102,14,1,0
BRDA:113,15,0,0
BRDA:113,15,1,0
BRDA:113,15,2,0
BRDA:114,16,0,0
BRDA:114,16,1,0
BRDA:114,16,2,0
BRDA:115,17,0,0
BRDA:115,17,1,0
BRDA:116,18,0,0
BRDA:116,18,1,0
BRDA:122,19,0,0
BRDA:122,19,1,0
BRDA:122,20,0,0
BRDA:122,20,1,0
BRDA:122,20,2,0
BRDA:125,21,0,0
BRDA:125,21,1,0
BRDA:125,22,0,0
BRDA:125,22,1,0
BRDA:125,22,2,0
BRDA:146,23,0,0
BRDA:146,23,1,0
BRDA:164,24,0,0
BRDA:164,24,1,0
BRDA:178,25,0,0
BRDA:178,25,1,0
BRDA:182,26,0,0
BRDA:182,26,1,0
BRF:61
BRH:0
end_of_record
TN:
SF:/Users/chakkaravarthi/Dev/UMG/umg_deli/umgc_delivery/src/components/notifications/NotificationList.tsx
FN:10,(anonymous_1)
FN:15,(anonymous_2)
FNF:2
FNH:2
FNDA:2,(anonymous_1)
FNDA:2,(anonymous_2)
DA:2,7
DA:3,7
DA:4,7
DA:10,7
DA:11,2
DA:13,1
DA:16,2
DA:24,7
LF:8
LH:8
BRDA:11,0,0,1
BRDA:11,0,1,1
BRF:2
BRH:2
end_of_record
TN:
SF:/Users/chakkaravarthi/Dev/UMG/umg_deli/umgc_delivery/src/components/notifications/NotificationTeaser.tsx
FN:12,(anonymous_1)
FN:31,(anonymous_2)
FN:40,(anonymous_3)
FNF:3
FNH:1
FNDA:2,(anonymous_1)
FNDA:0,(anonymous_2)
FNDA:0,(anonymous_3)
DA:2,8
DA:3,8
DA:4,8
DA:12,8
DA:13,2
DA:15,1
DA:31,0
DA:40,0
DA:51,8
LF:9
LH:7
BRDA:13,0,0,1
BRDA:13,0,1,1
BRDA:23,1,0,1
BRDA:23,1,1,0
BRDA:27,2,0,1
BRDA:27,2,1,0
BRDA:36,3,0,1
BRDA:36,3,1,0
BRF:8
BRH:5
end_of_record
TN:
SF:/Users/chakkaravarthi/Dev/UMG/umg_deli/umgc_delivery/src/components/peopleContainer/PeopleContainer.tsx
FN:24,(anonymous_9)
FN:36,(anonymous_10)
FN:36,(anonymous_11)
FN:42,(anonymous_12)
FN:47,(anonymous_13)
FN:48,(anonymous_14)
FN:51,(anonymous_15)
FN:52,(anonymous_16)
FN:53,(anonymous_17)
FN:58,(anonymous_18)
FN:93,(anonymous_19)
FN:98,(anonymous_20)
FN:106,(anonymous_21)
FN:112,(anonymous_22)
FN:131,(anonymous_23)
FNF:15
FNH:3
FNDA:2,(anonymous_9)
FNDA:0,(anonymous_10)
FNDA:0,(anonymous_11)
FNDA:0,(anonymous_12)
FNDA:0,(anonymous_13)
FNDA:0,(anonymous_14)
FNDA:0,(anonymous_15)
FNDA:0,(anonymous_16)
FNDA:0,(anonymous_17)
FNDA:0,(anonymous_18)
FNDA:0,(anonymous_19)
FNDA:52,(anonymous_20)
FNDA:52,(anonymous_21)
FNDA:0,(anonymous_22)
FNDA:0,(anonymous_23)
DA:1,2
DA:3,2
DA:4,2
DA:5,2
DA:7,2
DA:8,2
DA:9,2
DA:10,2
DA:11,2
DA:12,2
DA:24,2
DA:32,2
DA:34,2
DA:36,2
DA:37,0
DA:39,0
DA:42,2
DA:43,0
DA:44,0
DA:47,0
DA:48,0
DA:51,0
DA:52,0
DA:53,0
DA:58,2
DA:59,0
DA:60,0
DA:63,0
DA:64,0
DA:65,0
DA:68,0
DA:69,0
DA:71,0
DA:75,2
DA:94,0
DA:99,52
DA:107,52
DA:112,0
DA:132,0
DA:149,2
LF:40
LH:20
BRDA:43,0,0,0
BRDA:43,0,1,0
BRDA:48,1,0,0
BRDA:48,1,1,0
BRDA:53,2,0,0
BRDA:53,2,1,0
BRDA:59,3,0,0
BRDA:59,3,1,0
BRDA:63,4,0,0
BRDA:63,4,1,0
BRDA:63,5,0,0
BRDA:63,5,1,0
BRDA:68,6,0,0
BRDA:68,6,1,0
BRDA:94,7,0,0
BRDA:94,7,1,0
BRDA:112,8,0,0
BRDA:112,8,1,0
BRDA:119,9,0,0
BRDA:119,9,1,2
BRDA:118,10,0,2
BRDA:118,10,1,0
BRDA:130,11,0,2
BRDA:130,11,1,1
BRDA:137,12,0,2
BRDA:137,12,1,0
BRDA:137,12,2,0
BRDA:137,12,3,0
BRDA:138,13,0,2
BRDA:138,13,1,0
BRDA:138,13,2,0
BRDA:138,13,3,0
BRDA:138,13,4,0
BRF:33
BRH:6
end_of_record
TN:
SF:/Users/chakkaravarthi/Dev/UMG/umg_deli/umgc_delivery/src/components/searchResult/NoResults.tsx
FN:8,(anonymous_1)
FN:27,(anonymous_2)
FN:38,(anonymous_3)
FN:49,(anonymous_4)
FN:60,(anonymous_5)
FN:71,(anonymous_6)
FNF:6
FNH:1
FNDA:1,(anonymous_1)
FNDA:0,(anonymous_2)
FNDA:0,(anonymous_3)
FNDA:0,(anonymous_4)
FNDA:0,(anonymous_5)
FNDA:0,(anonymous_6)
DA:1,3
DA:2,3
DA:3,3
DA:4,3
DA:5,3
DA:6,3
DA:8,3
DA:9,1
DA:28,0
DA:39,0
DA:50,0
DA:61,0
DA:72,0
LF:13
LH:8
BRF:0
BRH:0
end_of_record
TN:
SF:/Users/chakkaravarthi/Dev/UMG/umg_deli/umgc_delivery/src/components/searchResult/articleCard.tsx
FN:12,(anonymous_1)
FN:27,(anonymous_2)
FNF:2
FNH:0
FNDA:0,(anonymous_1)
FNDA:0,(anonymous_2)
DA:1,3
DA:3,3
DA:4,3
DA:5,3
DA:6,3
DA:12,3
DA:13,0
DA:28,0
LF:8
LH:6
BRF:0
BRH:0
end_of_record
TN:
SF:/Users/chakkaravarthi/Dev/UMG/umg_deli/umgc_delivery/src/components/searchResult/catalogCard.tsx
FN:12,(anonymous_1)
FN:25,(anonymous_2)
FNF:2
FNH:0
FNDA:0,(anonymous_1)
FNDA:0,(anonymous_2)
DA:1,3
DA:3,3
DA:4,3
DA:5,3
DA:6,3
DA:12,3
DA:13,0
DA:26,0
LF:8
LH:6
BRF:0
BRH:0
end_of_record
TN:
SF:/Users/chakkaravarthi/Dev/UMG/umg_deli/umgc_delivery/src/components/searchResult/componentToShow.tsx
FN:21,(anonymous_1)
FN:40,(anonymous_2)
FN:43,(anonymous_3)
FN:64,(anonymous_4)
FNF:4
FNH:3
FNDA:3,(anonymous_1)
FNDA:1,(anonymous_2)
FNDA:2,(anonymous_3)
FNDA:0,(anonymous_4)
DA:1,3
DA:2,3
DA:3,3
DA:4,3
DA:5,3
DA:21,3
DA:34,3
DA:36,3
DA:37,1
DA:40,2
DA:41,1
DA:44,2
DA:50,2
DA:64,0
LF:14
LH:13
BRDA:30,0,0,0
BRDA:32,1,0,0
BRDA:36,2,0,1
BRDA:36,2,1,2
BRDA:36,3,0,3
BRDA:36,3,1,2
BRDA:55,4,0,1
BRDA:55,4,1,1
BRDA:59,5,0,1
BRDA:59,5,1,1
BRDA:60,6,0,2
BRDA:60,6,1,2
BRF:12
BRH:10
end_of_record
TN:
SF:/Users/chakkaravarthi/Dev/UMG/umg_deli/umgc_delivery/src/components/searchResult/departmentCard.tsx
FN:12,(anonymous_1)
FN:25,(anonymous_2)
FNF:2
FNH:0
FNDA:0,(anonymous_1)
FNDA:0,(anonymous_2)
DA:1,3
DA:3,3
DA:4,3
DA:5,3
DA:6,3
DA:12,3
DA:13,0
DA:26,0
LF:8
LH:6
BRF:0
BRH:0
end_of_record
TN:
SF:/Users/chakkaravarthi/Dev/UMG/umg_deli/umgc_delivery/src/components/searchResult/documentCard.tsx
FN:12,(anonymous_1)
FN:13,(anonymous_2)
FN:33,(anonymous_3)
FNF:3
FNH:0
FNDA:0,(anonymous_1)
FNDA:0,(anonymous_2)
FNDA:0,(anonymous_3)
DA:1,3
DA:3,3
DA:4,3
DA:5,3
DA:6,3
DA:12,3
DA:13,0
DA:14,0
DA:15,0
DA:17,0
DA:21,0
DA:34,0
LF:12
LH:6
BRDA:14,0,0,0
BRDA:14,0,1,0
BRF:2
BRH:0
end_of_record
TN:
SF:/Users/chakkaravarthi/Dev/UMG/umg_deli/umgc_delivery/src/components/searchResult/eventCard.tsx
FN:14,(anonymous_2)
FN:16,(anonymous_3)
FN:29,(anonymous_4)
FN:32,(anonymous_5)
FN:35,(anonymous_6)
FNF:5
FNH:0
FNDA:0,(anonymous_2)
FNDA:0,(anonymous_3)
FNDA:0,(anonymous_4)
FNDA:0,(anonymous_5)
FNDA:0,(anonymous_6)
DA:1,3
DA:2,3
DA:3,3
DA:4,3
DA:6,3
DA:7,3
DA:8,3
DA:14,3
DA:15,0
DA:16,0
DA:17,0
DA:20,0
DA:30,0
DA:33,0
DA:36,0
LF:15
LH:8
BRF:0
BRH:0
end_of_record
TN:
SF:/Users/chakkaravarthi/Dev/UMG/umg_deli/umgc_delivery/src/components/searchResult/filterType.tsx
FN:21,(anonymous_1)
FN:25,(anonymous_2)
FNF:2
FNH:2
FNDA:1,(anonymous_1)
FNDA:11,(anonymous_2)
DA:1,3
DA:7,3
DA:21,3
DA:22,1
DA:26,11
LF:5
LH:5
BRDA:26,0,0,11
BRDA:26,0,1,1
BRF:2
BRH:2
end_of_record
TN:
SF:/Users/chakkaravarthi/Dev/UMG/umg_deli/umgc_delivery/src/components/searchResult/knowledgeBaseCard.tsx
FN:13,(anonymous_1)
FN:28,(anonymous_2)
FNF:2
FNH:0
FNDA:0,(anonymous_1)
FNDA:0,(anonymous_2)
DA:1,3
DA:3,3
DA:4,3
DA:5,3
DA:6,3
DA:7,3
DA:13,3
DA:14,0
DA:29,0
LF:9
LH:7
BRF:0
BRH:0
end_of_record
TN:
SF:/Users/chakkaravarthi/Dev/UMG/umg_deli/umgc_delivery/src/components/searchResult/linkCard.tsx
FN:12,(anonymous_1)
FN:26,(anonymous_2)
FNF:2
FNH:0
FNDA:0,(anonymous_1)
FNDA:0,(anonymous_2)
DA:1,3
DA:3,3
DA:4,3
DA:5,3
DA:6,3
DA:12,3
DA:13,0
DA:27,0
LF:8
LH:6
BRF:0
BRH:0
end_of_record
TN:
SF:/Users/chakkaravarthi/Dev/UMG/umg_deli/umgc_delivery/src/components/searchResult/officeCard.tsx
FN:12,(anonymous_1)
FN:26,(anonymous_2)
FNF:2
FNH:0
FNDA:0,(anonymous_1)
FNDA:0,(anonymous_2)
DA:1,3
DA:3,3
DA:4,3
DA:5,3
DA:6,3
DA:12,3
DA:13,0
DA:27,0
LF:8
LH:6
BRDA:17,0,0,0
BRDA:17,0,1,0
BRF:2
BRH:0
end_of_record
TN:
SF:/Users/chakkaravarthi/Dev/UMG/umg_deli/umgc_delivery/src/components/searchResult/pageCard.tsx
FN:12,(anonymous_1)
FN:26,(anonymous_2)
FNF:2
FNH:0
FNDA:0,(anonymous_1)
FNDA:0,(anonymous_2)
DA:1,3
DA:3,3
DA:4,3
DA:5,3
DA:6,3
DA:12,3
DA:13,0
DA:27,0
LF:8
LH:6
BRF:0
BRH:0
end_of_record
TN:
SF:/Users/chakkaravarthi/Dev/UMG/umg_deli/umgc_delivery/src/components/searchResult/peopleCard.tsx
FN:16,(anonymous_1)
FN:19,(anonymous_2)
FN:30,(anonymous_3)
FN:55,(anonymous_4)
FN:58,(anonymous_5)
FN:61,(anonymous_6)
FN:64,(anonymous_7)
FNF:7
FNH:0
FNDA:0,(anonymous_1)
FNDA:0,(anonymous_2)
FNDA:0,(anonymous_3)
FNDA:0,(anonymous_4)
FNDA:0,(anonymous_5)
FNDA:0,(anonymous_6)
FNDA:0,(anonymous_7)
DA:1,3
DA:3,3
DA:4,3
DA:5,3
DA:6,3
DA:7,3
DA:8,3
DA:16,3
DA:17,0
DA:19,0
DA:20,0
DA:22,0
DA:23,0
DA:24,0
DA:26,0
DA:30,0
DA:31,0
DA:32,0
DA:33,0
DA:34,0
DA:38,0
DA:40,0
DA:56,0
DA:59,0
DA:62,0
DA:64,0
LF:26
LH:8
BRDA:22,0,0,0
BRDA:22,0,1,0
BRDA:22,1,0,0
BRDA:22,1,1,0
BRDA:32,2,0,0
BRDA:32,2,1,0
BRDA:32,3,0,0
BRDA:32,3,1,0
BRDA:34,4,0,0
BRDA:34,4,1,0
BRDA:46,5,0,0
BRDA:46,5,1,0
BRDA:47,6,0,0
BRDA:47,6,1,0
BRDA:48,7,0,0
BRDA:48,7,1,0
BRDA:49,8,0,0
BRDA:49,8,1,0
BRDA:50,9,0,0
BRDA:50,9,1,0
BRDA:51,10,0,0
BRDA:51,10,1,0
BRF:22
BRH:0
end_of_record
TN:
SF:/Users/chakkaravarthi/Dev/UMG/umg_deli/umgc_delivery/src/components/searchResult/searchResults.tsx
FN:90,(anonymous_2)
FN:100,(anonymous_3)
FN:140,handleFilterByTypeChange
FN:148,handleRemoveFilterByType
FN:162,fetchSearchResults
FN:164,(anonymous_7)
FN:169,(anonymous_8)
FN:177,(anonymous_9)
FN:183,(anonymous_10)
FN:189,(anonymous_11)
FN:200,(anonymous_12)
FN:202,(anonymous_13)
FN:202,(anonymous_14)
FN:203,(anonymous_15)
FN:204,(anonymous_16)
FN:204,(anonymous_17)
FN:208,(anonymous_18)
FN:218,(anonymous_19)
FN:230,(anonymous_20)
FN:243,(anonymous_21)
FN:248,(anonymous_22)
FN:255,(anonymous_23)
FN:266,(anonymous_24)
FN:274,(anonymous_25)
FN:285,(anonymous_26)
FN:293,(anonymous_27)
FN:304,(anonymous_28)
FN:312,(anonymous_29)
FN:323,(anonymous_30)
FN:331,(anonymous_31)
FN:342,(anonymous_32)
FN:350,(anonymous_33)
FN:361,(anonymous_34)
FN:369,(anonymous_35)
FN:380,(anonymous_36)
FN:388,(anonymous_37)
FN:399,(anonymous_38)
FN:407,(anonymous_39)
FN:418,(anonymous_40)
FN:467,(anonymous_41)
FNF:40
FNH:0
FNDA:0,(anonymous_2)
FNDA:0,(anonymous_3)
FNDA:0,handleFilterByTypeChange
FNDA:0,handleRemoveFilterByType
FNDA:0,fetchSearchResults
FNDA:0,(anonymous_7)
FNDA:0,(anonymous_8)
FNDA:0,(anonymous_9)
FNDA:0,(anonymous_10)
FNDA:0,(anonymous_11)
FNDA:0,(anonymous_12)
FNDA:0,(anonymous_13)
FNDA:0,(anonymous_14)
FNDA:0,(anonymous_15)
FNDA:0,(anonymous_16)
FNDA:0,(anonymous_17)
FNDA:0,(anonymous_18)
FNDA:0,(anonymous_19)
FNDA:0,(anonymous_20)
FNDA:0,(anonymous_21)
FNDA:0,(anonymous_22)
FNDA:0,(anonymous_23)
FNDA:0,(anonymous_24)
FNDA:0,(anonymous_25)
FNDA:0,(anonymous_26)
FNDA:0,(anonymous_27)
FNDA:0,(anonymous_28)
FNDA:0,(anonymous_29)
FNDA:0,(anonymous_30)
FNDA:0,(anonymous_31)
FNDA:0,(anonymous_32)
FNDA:0,(anonymous_33)
FNDA:0,(anonymous_34)
FNDA:0,(anonymous_35)
FNDA:0,(anonymous_36)
FNDA:0,(anonymous_37)
FNDA:0,(anonymous_38)
FNDA:0,(anonymous_39)
FNDA:0,(anonymous_40)
FNDA:0,(anonymous_41)
DA:1,2
DA:2,2
DA:13,2
DA:14,2
DA:15,2
DA:16,2
DA:17,2
DA:18,2
DA:19,2
DA:20,2
DA:21,2
DA:22,2
DA:23,2
DA:24,2
DA:25,2
DA:26,2
DA:27,2
DA:28,2
DA:29,2
DA:30,2
DA:31,2
DA:32,2
DA:33,2
DA:35,2
DA:36,2
DA:90,2
DA:95,2
DA:100,2
DA:134,0
DA:136,0
DA:138,0
DA:141,0
DA:143,0
DA:145,0
DA:149,0
DA:151,0
DA:153,0
DA:156,0
DA:157,0
DA:158,0
DA:159,0
DA:160,0
DA:163,0
DA:165,0
DA:169,0
DA:170,0
DA:171,0
DA:172,0
DA:173,0
DA:177,0
DA:178,0
DA:179,0
DA:180,0
DA:183,0
DA:184,0
DA:185,0
DA:186,0
DA:189,0
DA:190,0
DA:191,0
DA:192,0
DA:193,0
DA:194,0
DA:195,0
DA:200,0
DA:201,0
DA:202,0
DA:203,0
DA:204,0
DA:208,0
DA:209,0
DA:211,0
DA:212,0
DA:214,0
DA:218,0
DA:223,0
DA:224,0
DA:227,0
DA:230,0
DA:231,0
DA:244,0
DA:248,0
DA:255,0
DA:256,0
DA:267,0
DA:274,0
DA:275,0
DA:286,0
DA:293,0
DA:294,0
DA:305,0
DA:312,0
DA:313,0
DA:324,0
DA:331,0
DA:332,0
DA:343,0
DA:350,0
DA:351,0
DA:362,0
DA:369,0
DA:370,0
DA:381,0
DA:388,0
DA:389,0
DA:400,0
DA:407,0
DA:408,0
DA:419,0
DA:426,0
DA:467,0
DA:521,2
LF:112
LH:29
BRDA:92,0,0,0
BRDA:92,0,1,0
BRDA:110,1,0,0
BRDA:111,2,0,0
BRDA:112,3,0,0
BRDA:113,4,0,0
BRDA:114,5,0,0
BRDA:115,6,0,0
BRDA:116,7,0,0
BRDA:117,8,0,0
BRDA:118,9,0,0
BRDA:119,10,0,0
BRDA:120,11,0,0
BRDA:121,12,0,0
BRDA:122,13,0,0
BRDA:123,14,0,0
BRDA:124,15,0,0
BRDA:125,16,0,0
BRDA:126,17,0,0
BRDA:127,18,0,0
BRDA:128,19,0,0
BRDA:129,20,0,0
BRDA:130,21,0,0
BRDA:131,22,0,0
BRDA:132,23,0,0
BRDA:133,24,0,0
BRDA:163,25,0,0
BRDA:163,25,1,0
BRDA:171,26,0,0
BRDA:171,26,1,0
BRDA:172,27,0,0
BRDA:172,27,1,0
BRDA:178,28,0,0
BRDA:178,28,1,0
BRDA:179,29,0,0
BRDA:179,29,1,0
BRDA:193,30,0,0
BRDA:193,30,1,0
BRDA:194,31,0,0
BRDA:194,31,1,0
BRDA:201,32,0,0
BRDA:201,32,1,0
BRDA:202,33,0,0
BRDA:202,33,1,0
BRDA:204,34,0,0
BRDA:204,34,1,0
BRDA:209,35,0,0
BRDA:209,35,1,0
BRDA:211,36,0,0
BRDA:211,36,1,0
BRDA:211,37,0,0
BRDA:211,37,1,0
BRDA:211,37,2,0
BRDA:223,38,0,0
BRDA:223,38,1,0
BRDA:223,39,0,0
BRDA:223,39,1,0
BRDA:248,40,0,0
BRDA:248,40,1,0
BRDA:455,41,0,0
BRDA:455,41,1,0
BRDA:468,42,0,0
BRDA:468,42,1,0
BRDA:487,43,0,0
BRDA:487,43,1,0
BRDA:493,44,0,0
BRDA:493,44,1,0
BRDA:493,44,2,0
BRDA:502,45,0,0
BRDA:502,45,1,0
BRDA:502,46,0,0
BRDA:502,46,1,0
BRDA:502,46,2,0
BRF:73
BRH:0
end_of_record
TN:
SF:/Users/chakkaravarthi/Dev/UMG/umg_deli/umgc_delivery/src/components/toast/Toast.tsx
FN:4,(anonymous_2)
FN:9,(anonymous_3)
FN:10,(anonymous_4)
FN:19,(anonymous_5)
FNF:4
FNH:0
FNDA:0,(anonymous_2)
FNDA:0,(anonymous_3)
FNDA:0,(anonymous_4)
FNDA:0,(anonymous_5)
DA:1,13
DA:2,13
DA:4,13
DA:5,0
DA:6,0
DA:7,0
DA:9,0
DA:11,0
DA:12,0
DA:13,0
DA:17,0
DA:19,0
DA:28,13
LF:13
LH:4
BRDA:19,0,0,0
BRDA:19,0,1,0
BRDA:21,1,0,0
BRDA:21,1,1,0
BRDA:23,2,0,0
BRDA:23,2,1,0
BRF:6
BRH:0
end_of_record
TN:
SF:/Users/chakkaravarthi/Dev/UMG/umg_deli/umgc_delivery/src/components/topScroller/TopScroller.tsx
FN:4,ScrollToTop
FN:7,(anonymous_1)
FNF:2
FNH:0
FNDA:0,ScrollToTop
FNDA:0,(anonymous_1)
DA:1,6
DA:2,6
DA:4,6
DA:5,0
DA:7,0
DA:8,0
DA:11,0
LF:7
LH:3
BRF:0
BRH:0
end_of_record
TN:
SF:/Users/chakkaravarthi/Dev/UMG/umg_deli/umgc_delivery/src/components/user/DirectReportInfo.tsx
FN:12,(anonymous_1)
FN:17,(anonymous_2)
FN:34,(anonymous_3)
FN:38,(anonymous_4)
FNF:4
FNH:2
FNDA:2,(anonymous_1)
FNDA:0,(anonymous_2)
FNDA:4,(anonymous_3)
FNDA:0,(anonymous_4)
DA:1,4
DA:5,4
DA:12,4
DA:13,2
DA:15,2
DA:17,1
DA:18,0
DA:20,0
DA:23,1
DA:35,4
DA:38,0
DA:49,4
LF:12
LH:9
BRDA:15,0,0,1
BRDA:15,0,1,1
BRDA:15,1,0,2
BRDA:15,1,1,2
BRDA:20,2,0,0
BRDA:20,2,1,0
BRDA:33,3,0,1
BRDA:33,3,1,1
BRF:8
BRH:6
end_of_record
TN:
SF:/Users/chakkaravarthi/Dev/UMG/umg_deli/umgc_delivery/src/components/user/ManagerInfo.tsx
FN:14,(anonymous_1)
FN:19,(anonymous_2)
FN:38,(anonymous_3)
FNF:3
FNH:1
FNDA:2,(anonymous_1)
FNDA:0,(anonymous_2)
FNDA:0,(anonymous_3)
DA:1,4
DA:3,4
DA:7,4
DA:14,4
DA:15,2
DA:17,2
DA:19,1
DA:20,0
DA:22,0
DA:25,1
DA:38,0
DA:56,4
LF:12
LH:9
BRDA:17,0,0,1
BRDA:17,0,1,1
BRDA:22,1,0,0
BRDA:22,1,1,0
BRF:4
BRH:2
end_of_record
TN:
SF:/Users/chakkaravarthi/Dev/UMG/umg_deli/umgc_delivery/src/components/user/People.tsx
FN:13,(anonymous_1)
FN:24,(anonymous_2)
FNF:2
FNH:1
FNDA:1,(anonymous_1)
FNDA:0,(anonymous_2)
DA:1,3
DA:3,3
DA:4,3
DA:5,3
DA:6,3
DA:7,3
DA:13,3
DA:14,1
DA:16,1
DA:18,1
DA:25,0
DA:39,3
LF:12
LH:11
BRF:0
BRH:0
end_of_record
TN:
SF:/Users/chakkaravarthi/Dev/UMG/umg_deli/umgc_delivery/src/components/user/ProfilePicture.tsx
FN:8,(anonymous_1)
FNF:1
FNH:1
FNDA:1,(anonymous_1)
DA:1,4
DA:8,4
DA:9,1
DA:11,1
DA:18,4
LF:5
LH:5
BRF:0
BRH:0
end_of_record
TN:
SF:/Users/chakkaravarthi/Dev/UMG/umg_deli/umgc_delivery/src/components/user/UserContainer.tsx
FN:16,(anonymous_1)
FNF:1
FNH:1
FNDA:3,(anonymous_1)
DA:1,3
DA:2,3
DA:3,3
DA:4,3
DA:5,3
DA:6,3
DA:9,3
DA:16,3
DA:17,3
DA:19,3
DA:21,2
DA:49,3
LF:12
LH:12
BRDA:17,0,0,1
BRDA:19,1,0,1
BRDA:19,1,1,2
BRDA:19,2,0,3
BRDA:19,2,1,3
BRDA:24,3,0,2
BRDA:24,3,1,0
BRF:7
BRH:6
end_of_record
TN:
SF:/Users/chakkaravarthi/Dev/UMG/umg_deli/umgc_delivery/src/components/user/UserEditContainer.tsx
FN:22,(anonymous_2)
FN:36,(anonymous_3)
FN:40,(anonymous_4)
FN:52,(anonymous_5)
FN:57,(anonymous_6)
FN:78,(anonymous_7)
FN:100,(anonymous_8)
FN:108,(anonymous_9)
FNF:8
FNH:0
FNDA:0,(anonymous_2)
FNDA:0,(anonymous_3)
FNDA:0,(anonymous_4)
FNDA:0,(anonymous_5)
FNDA:0,(anonymous_6)
FNDA:0,(anonymous_7)
FNDA:0,(anonymous_8)
FNDA:0,(anonymous_9)
DA:1,1
DA:2,1
DA:3,1
DA:4,1
DA:5,1
DA:6,1
DA:7,1
DA:8,1
DA:10,1
DA:11,1
DA:22,1
DA:29,0
DA:30,0
DA:31,0
DA:32,0
DA:33,0
DA:34,0
DA:36,0
DA:37,0
DA:40,0
DA:41,0
DA:42,0
DA:43,0
DA:44,0
DA:45,0
DA:47,0
DA:48,0
DA:52,0
DA:53,0
DA:54,0
DA:57,0
DA:58,0
DA:61,0
DA:78,0
DA:100,0
DA:108,0
DA:119,1
LF:37
LH:12
BRDA:43,0,0,0
BRDA:43,0,1,0
BRDA:43,1,0,0
BRDA:43,1,1,0
BRDA:44,2,0,0
BRDA:44,2,1,0
BRDA:44,3,0,0
BRDA:44,3,1,0
BRDA:48,4,0,0
BRDA:48,4,1,0
BRDA:64,5,0,0
BRDA:64,5,1,0
BRDA:89,6,0,0
BRDA:89,6,1,0
BRDA:90,7,0,0
BRDA:90,7,1,0
BRDA:91,8,0,0
BRDA:91,8,1,0
BRDA:92,9,0,0
BRDA:92,9,1,0
BRDA:93,10,0,0
BRDA:93,10,1,0
BRDA:94,11,0,0
BRDA:94,11,1,0
BRDA:95,12,0,0
BRDA:95,12,1,0
BRDA:96,13,0,0
BRDA:96,13,1,0
BRDA:97,14,0,0
BRDA:97,14,1,0
BRDA:111,15,0,0
BRDA:111,15,1,0
BRDA:111,15,2,0
BRF:33
BRH:0
end_of_record
TN:
SF:/Users/chakkaravarthi/Dev/UMG/umg_deli/umgc_delivery/src/components/user/UserInfo.tsx
FN:9,(anonymous_1)
FN:45,(anonymous_2)
FNF:2
FNH:2
FNDA:2,(anonymous_1)
FNDA:2,(anonymous_2)
DA:1,4
DA:2,4
DA:9,4
DA:10,2
DA:12,2
DA:14,1
DA:46,2
DA:57,4
LF:8
LH:8
BRDA:12,0,0,1
BRDA:12,0,1,1
BRDA:12,1,0,2
BRDA:12,1,1,1
BRDA:31,2,0,1
BRDA:31,2,1,1
BRDA:47,3,0,2
BRDA:47,3,1,1
BRDA:48,4,0,2
BRDA:48,4,1,1
BRF:10
BRH:10
end_of_record
TN:
SF:/Users/chakkaravarthi/Dev/UMG/umg_deli/umgc_delivery/src/components/user/UserProfileContainer.tsx
FN:71,(anonymous_2)
FN:96,(anonymous_3)
FN:144,(anonymous_4)
FN:148,(anonymous_5)
FN:154,(anonymous_6)
FN:159,(anonymous_7)
FN:166,(anonymous_8)
FN:174,(anonymous_9)
FN:183,(anonymous_10)
FN:189,(anonymous_11)
FN:193,(anonymous_12)
FN:311,(anonymous_13)
FN:322,(anonymous_14)
FN:325,(anonymous_15)
FN:337,(anonymous_16)
FN:363,(anonymous_17)
FN:369,(anonymous_18)
FN:379,(anonymous_19)
FN:385,(anonymous_20)
FN:398,(anonymous_21)
FN:404,(anonymous_22)
FN:413,(anonymous_23)
FN:418,(anonymous_24)
FN:433,(anonymous_25)
FN:434,(anonymous_26)
FN:441,(anonymous_27)
FN:442,(anonymous_28)
FN:443,(anonymous_29)
FN:454,(anonymous_30)
FN:455,(anonymous_31)
FN:456,(anonymous_32)
FN:467,(anonymous_33)
FN:475,(anonymous_34)
FN:477,(anonymous_35)
FNF:34
FNH:0
FNDA:0,(anonymous_2)
FNDA:0,(anonymous_3)
FNDA:0,(anonymous_4)
FNDA:0,(anonymous_5)
FNDA:0,(anonymous_6)
FNDA:0,(anonymous_7)
FNDA:0,(anonymous_8)
FNDA:0,(anonymous_9)
FNDA:0,(anonymous_10)
FNDA:0,(anonymous_11)
FNDA:0,(anonymous_12)
FNDA:0,(anonymous_13)
FNDA:0,(anonymous_14)
FNDA:0,(anonymous_15)
FNDA:0,(anonymous_16)
FNDA:0,(anonymous_17)
FNDA:0,(anonymous_18)
FNDA:0,(anonymous_19)
FNDA:0,(anonymous_20)
FNDA:0,(anonymous_21)
FNDA:0,(anonymous_22)
FNDA:0,(anonymous_23)
FNDA:0,(anonymous_24)
FNDA:0,(anonymous_25)
FNDA:0,(anonymous_26)
FNDA:0,(anonymous_27)
FNDA:0,(anonymous_28)
FNDA:0,(anonymous_29)
FNDA:0,(anonymous_30)
FNDA:0,(anonymous_31)
FNDA:0,(anonymous_32)
FNDA:0,(anonymous_33)
FNDA:0,(anonymous_34)
FNDA:0,(anonymous_35)
DA:1,2
DA:2,2
DA:3,2
DA:6,2
DA:7,2
DA:8,2
DA:9,2
DA:10,2
DA:11,2
DA:12,2
DA:13,2
DA:14,2
DA:21,2
DA:24,2
DA:29,2
DA:36,2
DA:37,2
DA:38,2
DA:39,2
DA:40,2
DA:41,2
DA:42,2
DA:43,2
DA:44,2
DA:45,2
DA:71,2
DA:79,2
DA:93,2
DA:94,2
DA:96,2
DA:118,0
DA:120,0
DA:125,0
DA:130,0
DA:135,0
DA:137,0
DA:138,0
DA:140,0
DA:141,0
DA:144,0
DA:145,0
DA:148,0
DA:149,0
DA:152,0
DA:154,0
DA:155,0
DA:158,0
DA:159,0
DA:160,0
DA:163,0
DA:164,0
DA:166,0
DA:167,0
DA:168,0
DA:169,0
DA:170,0
DA:174,0
DA:175,0
DA:176,0
DA:178,0
DA:181,0
DA:183,0
DA:184,0
DA:185,0
DA:189,0
DA:190,0
DA:193,0
DA:195,0
DA:196,0
DA:198,0
DA:199,0
DA:201,0
DA:203,0
DA:204,0
DA:205,0
DA:206,0
DA:207,0
DA:208,0
DA:213,0
DA:312,0
DA:313,0
DA:322,0
DA:326,0
DA:337,0
DA:364,0
DA:365,0
DA:366,0
DA:367,0
DA:369,0
DA:370,0
DA:374,0
DA:375,0
DA:380,0
DA:386,0
DA:399,0
DA:400,0
DA:401,0
DA:402,0
DA:404,0
DA:405,0
DA:409,0
DA:410,0
DA:414,0
DA:419,0
DA:433,0
DA:434,0
DA:441,0
DA:443,0
DA:444,0
DA:446,0
DA:454,0
DA:456,0
DA:457,0
DA:459,0
DA:467,0
DA:475,0
DA:478,0
DA:488,2
LF:118
LH:31
BRDA:140,0,0,0
BRDA:140,0,1,0
BRDA:145,1,0,0
BRDA:145,1,1,0
BRDA:149,2,0,0
BRDA:149,2,1,0
BRDA:164,3,0,0
BRDA:164,3,1,0
BRDA:169,4,0,0
BRDA:169,4,1,0
BRDA:170,5,0,0
BRDA:170,5,1,0
BRDA:175,6,0,0
BRDA:175,6,1,0
BRDA:176,7,0,0
BRDA:176,7,1,0
BRDA:184,8,0,0
BRDA:184,8,1,0
BRDA:190,9,0,0
BRDA:190,9,1,0
BRDA:195,10,0,0
BRDA:195,10,1,0
BRDA:195,11,0,0
BRDA:195,11,1,0
BRDA:198,12,0,0
BRDA:198,12,1,0
BRDA:199,13,0,0
BRDA:199,13,1,0
BRDA:201,14,0,0
BRDA:201,14,1,0
BRDA:203,15,0,0
BRDA:203,15,1,0
BRDA:203,16,0,0
BRDA:203,16,1,0
BRDA:205,17,0,0
BRDA:205,17,1,0
BRDA:206,18,0,0
BRDA:206,18,1,0
BRDA:207,19,0,0
BRDA:207,19,1,0
BRDA:208,20,0,0
BRDA:208,20,1,0
BRDA:220,21,0,0
BRDA:220,21,1,0
BRDA:235,22,0,0
BRDA:235,22,1,0
BRDA:278,23,0,0
BRDA:278,23,1,0
BRDA:279,24,0,0
BRDA:279,24,1,0
BRDA:280,25,0,0
BRDA:280,25,1,0
BRDA:281,26,0,0
BRDA:281,26,1,0
BRDA:292,27,0,0
BRDA:292,27,1,0
BRDA:291,28,0,0
BRDA:291,28,1,0
BRDA:294,29,0,0
BRDA:294,29,1,0
BRDA:294,29,2,0
BRDA:299,30,0,0
BRDA:299,30,1,0
BRDA:300,31,0,0
BRDA:300,31,1,0
BRDA:301,32,0,0
BRDA:301,32,1,0
BRDA:301,32,2,0
BRDA:309,33,0,0
BRDA:309,33,1,0
BRDA:310,34,0,0
BRDA:310,34,1,0
BRDA:322,35,0,0
BRDA:322,35,1,0
BRDA:333,36,0,0
BRDA:333,36,1,0
BRDA:364,37,0,0
BRDA:364,37,1,0
BRDA:364,38,0,0
BRDA:364,38,1,0
BRDA:364,38,2,0
BRDA:365,39,0,0
BRDA:365,39,1,0
BRDA:365,40,0,0
BRDA:365,40,1,0
BRDA:370,41,0,0
BRDA:370,41,1,0
BRDA:378,42,0,0
BRDA:378,42,1,0
BRDA:399,43,0,0
BRDA:399,43,1,0
BRDA:399,44,0,0
BRDA:399,44,1,0
BRDA:400,45,0,0
BRDA:400,45,1,0
BRDA:400,46,0,0
BRDA:400,46,1,0
BRDA:405,47,0,0
BRDA:405,47,1,0
BRDA:413,48,0,0
BRDA:413,48,1,0
BRDA:443,49,0,0
BRDA:443,49,1,0
BRDA:444,50,0,0
BRDA:444,50,1,0
BRDA:456,51,0,0
BRDA:456,51,1,0
BRDA:457,52,0,0
BRDA:457,52,1,0
BRF:109
BRH:0
end_of_record
TN:
SF:/Users/chakkaravarthi/Dev/UMG/umg_deli/umgc_delivery/src/constants/constants.ts
FNF:0
FNH:0
DA:1,61
DA:2,61
DA:3,61
DA:4,61
DA:5,61
DA:6,61
DA:7,61
DA:8,61
DA:9,61
DA:10,61
DA:25,61
DA:30,61
DA:31,61
DA:32,61
DA:33,61
DA:34,61
DA:35,61
DA:36,61
LF:18
LH:18
BRF:0
BRH:0
end_of_record
TN:
SF:/Users/chakkaravarthi/Dev/UMG/umg_deli/umgc_delivery/src/images/images.tsx
FNF:0
FNH:0
DA:1,96
DA:34,96
LF:2
LH:2
BRF:0
BRH:0
end_of_record
TN:
SF:/Users/chakkaravarthi/Dev/UMG/umg_deli/umgc_delivery/src/scenes/Home.tsx
FN:58,(anonymous_2)
FN:74,(anonymous_3)
FN:91,(anonymous_4)
FN:103,(anonymous_5)
FN:126,(anonymous_6)
FN:137,(anonymous_7)
FN:148,(anonymous_8)
FN:154,(anonymous_9)
FN:165,(anonymous_10)
FN:175,(anonymous_11)
FN:183,(anonymous_12)
FN:194,(anonymous_13)
FN:203,(anonymous_14)
FN:229,(anonymous_15)
FN:230,(anonymous_16)
FNF:15
FNH:0
FNDA:0,(anonymous_2)
FNDA:0,(anonymous_3)
FNDA:0,(anonymous_4)
FNDA:0,(anonymous_5)
FNDA:0,(anonymous_6)
FNDA:0,(anonymous_7)
FNDA:0,(anonymous_8)
FNDA:0,(anonymous_9)
FNDA:0,(anonymous_10)
FNDA:0,(anonymous_11)
FNDA:0,(anonymous_12)
FNDA:0,(anonymous_13)
FNDA:0,(anonymous_14)
FNDA:0,(anonymous_15)
FNDA:0,(anonymous_16)
DA:1,1
DA:2,1
DA:3,1
DA:4,1
DA:5,1
DA:7,1
DA:8,1
DA:9,1
DA:10,1
DA:11,1
DA:12,1
DA:13,1
DA:14,1
DA:15,1
DA:17,1
DA:18,1
DA:23,1
DA:28,1
DA:29,1
DA:30,1
DA:31,1
DA:32,1
DA:33,1
DA:58,1
DA:65,1
DA:74,1
DA:75,0
DA:76,0
DA:77,0
DA:89,0
DA:91,0
DA:92,0
DA:93,0
DA:94,0
DA:95,0
DA:96,0
DA:99,0
DA:100,0
DA:103,0
DA:107,0
DA:108,0
DA:109,0
DA:111,0
DA:115,0
DA:116,0
DA:117,0
DA:119,0
DA:123,0
DA:126,0
DA:127,0
DA:128,0
DA:131,0
DA:134,0
DA:135,0
DA:137,0
DA:138,0
DA:140,0
DA:143,0
DA:145,0
DA:148,0
DA:149,0
DA:150,0
DA:154,0
DA:155,0
DA:156,0
DA:160,0
DA:165,0
DA:175,0
DA:183,0
DA:194,0
DA:204,0
DA:229,0
DA:230,0
DA:243,1
LF:74
LH:27
BRDA:87,0,0,0
BRDA:88,1,0,0
BRDA:92,2,0,0
BRDA:92,2,1,0
BRDA:93,3,0,0
BRDA:93,3,1,0
BRDA:94,4,0,0
BRDA:94,4,1,0
BRDA:95,5,0,0
BRDA:95,5,1,0
BRDA:96,6,0,0
BRDA:96,6,1,0
BRDA:99,7,0,0
BRDA:99,7,1,0
BRDA:107,8,0,0
BRDA:107,8,1,0
BRDA:108,9,0,0
BRDA:108,9,1,0
BRDA:115,10,0,0
BRDA:115,10,1,0
BRDA:116,11,0,0
BRDA:116,11,1,0
BRDA:127,12,0,0
BRDA:127,12,1,0
BRDA:138,13,0,0
BRDA:138,13,1,0
BRDA:149,14,0,0
BRDA:149,14,1,0
BRDA:149,15,0,0
BRDA:149,15,1,0
BRDA:155,16,0,0
BRDA:155,16,1,0
BRDA:155,17,0,0
BRDA:155,17,1,0
BRDA:187,18,0,0
BRDA:187,18,1,0
BRDA:199,19,0,0
BRDA:199,19,1,0
BRDA:199,19,2,0
BRDA:229,20,0,0
BRDA:229,20,1,0
BRDA:230,21,0,0
BRDA:230,21,1,0
BRF:43
BRH:0
end_of_record
TN:
SF:/Users/chakkaravarthi/Dev/UMG/umg_deli/umgc_delivery/src/scenes/Notifications.tsx
FN:39,(anonymous_2)
FN:58,(anonymous_3)
FN:76,(anonymous_4)
FN:80,(anonymous_5)
FN:90,(anonymous_6)
FN:96,(anonymous_7)
FN:102,(anonymous_8)
FN:107,(anonymous_9)
FN:114,(anonymous_10)
FNF:9
FNH:0
FNDA:0,(anonymous_2)
FNDA:0,(anonymous_3)
FNDA:0,(anonymous_4)
FNDA:0,(anonymous_5)
FNDA:0,(anonymous_6)
FNDA:0,(anonymous_7)
FNDA:0,(anonymous_8)
FNDA:0,(anonymous_9)
FNDA:0,(anonymous_10)
DA:1,1
DA:3,1
DA:4,1
DA:15,1
DA:16,1
DA:17,1
DA:18,1
DA:19,1
DA:20,1
DA:22,1
DA:39,1
DA:46,1
DA:58,1
DA:71,0
DA:73,0
DA:74,0
DA:76,0
DA:77,0
DA:80,0
DA:81,0
DA:82,0
DA:83,0
DA:84,0
DA:85,0
DA:87,0
DA:90,0
DA:91,0
DA:92,0
DA:93,0
DA:96,0
DA:97,0
DA:98,0
DA:99,0
DA:102,0
DA:103,0
DA:104,0
DA:107,0
DA:108,0
DA:109,0
DA:110,0
DA:114,0
DA:115,0
DA:118,0
DA:143,1
LF:44
LH:14
BRDA:74,0,0,0
BRDA:74,0,1,0
BRDA:77,1,0,0
BRDA:77,1,1,0
BRDA:81,2,0,0
BRDA:81,2,1,0
BRDA:82,3,0,0
BRDA:82,3,1,0
BRDA:83,4,0,0
BRDA:83,4,1,0
BRDA:84,5,0,0
BRDA:84,5,1,0
BRDA:84,5,2,0
BRDA:87,6,0,0
BRDA:87,6,1,0
BRDA:87,6,2,0
BRDA:91,7,0,0
BRDA:91,7,1,0
BRDA:93,8,0,0
BRDA:93,8,1,0
BRDA:97,9,0,0
BRDA:97,9,1,0
BRDA:99,10,0,0
BRDA:99,10,1,0
BRDA:103,11,0,0
BRDA:103,11,1,0
BRDA:108,12,0,0
BRDA:108,12,1,0
BRDA:108,13,0,0
BRDA:108,13,1,0
BRDA:115,14,0,0
BRDA:115,14,1,0
BRDA:115,15,0,0
BRDA:115,15,1,0
BRDA:122,16,0,0
BRDA:122,16,1,0
BRDA:122,16,2,0
BRF:37
BRH:0
end_of_record
TN:
SF:/Users/chakkaravarthi/Dev/UMG/umg_deli/umgc_delivery/src/scenes/Article/ArticleScene.tsx
FN:25,(anonymous_2)
FN:42,(anonymous_3)
FN:59,(anonymous_4)
FN:72,(anonymous_5)
FN:76,(anonymous_6)
FN:79,(anonymous_7)
FNF:6
FNH:1
FNDA:0,(anonymous_2)
FNDA:0,(anonymous_3)
FNDA:4,(anonymous_4)
FNDA:0,(anonymous_5)
FNDA:0,(anonymous_6)
FNDA:0,(anonymous_7)
DA:1,1
DA:2,1
DA:3,1
DA:4,1
DA:6,1
DA:7,1
DA:8,1
DA:9,1
DA:10,1
DA:11,1
DA:14,1
DA:15,1
DA:16,1
DA:25,1
DA:26,0
DA:27,0
DA:28,0
DA:29,0
DA:30,0
DA:34,0
DA:36,0
DA:39,0
DA:42,1
DA:43,0
DA:47,0
DA:48,0
DA:55,1
DA:59,1
DA:60,4
DA:62,4
DA:64,4
DA:65,4
DA:66,0
DA:68,4
DA:72,0
DA:73,0
DA:74,0
DA:75,0
DA:77,0
DA:80,0
DA:86,0
DA:87,0
DA:88,0
DA:90,0
DA:94,0
DA:99,0
DA:128,1
LF:47
LH:23
BRDA:26,0,0,0
BRDA:26,0,1,0
BRDA:26,1,0,0
BRDA:26,1,1,0
BRDA:29,2,0,0
BRDA:29,2,1,0
BRDA:29,3,0,0
BRDA:29,3,1,0
BRDA:64,4,0,4
BRDA:64,4,1,0
BRDA:65,5,0,0
BRDA:65,5,1,4
BRDA:73,6,0,0
BRDA:73,6,1,0
BRDA:74,7,0,0
BRDA:74,7,1,0
BRDA:86,8,0,0
BRDA:86,8,1,0
BRDA:87,9,0,0
BRDA:87,9,1,0
BRF:20
BRH:2
end_of_record
TN:
SF:/Users/chakkaravarthi/Dev/UMG/umg_deli/umgc_delivery/src/scenes/Article/ArticlesScene.tsx
FN:44,(anonymous_2)
FN:79,(anonymous_3)
FN:95,(anonymous_4)
FN:96,(anonymous_5)
FN:100,handleScroll
FN:108,(anonymous_7)
FN:110,(anonymous_8)
FN:119,(anonymous_9)
FN:131,handleDropDownChange
FN:170,(anonymous_11)
FN:177,(anonymous_12)
FN:188,(anonymous_13)
FN:205,(anonymous_14)
FN:208,(anonymous_15)
FNF:14
FNH:0
FNDA:0,(anonymous_2)
FNDA:0,(anonymous_3)
FNDA:0,(anonymous_4)
FNDA:0,(anonymous_5)
FNDA:0,handleScroll
FNDA:0,(anonymous_7)
FNDA:0,(anonymous_8)
FNDA:0,(anonymous_9)
FNDA:0,handleDropDownChange
FNDA:0,(anonymous_11)
FNDA:0,(anonymous_12)
FNDA:0,(anonymous_13)
FNDA:0,(anonymous_14)
FNDA:0,(anonymous_15)
DA:1,1
DA:2,1
DA:3,1
DA:5,1
DA:12,1
DA:13,1
DA:19,1
DA:20,1
DA:21,1
DA:22,1
DA:24,1
DA:25,1
DA:26,1
DA:27,1
DA:28,1
DA:29,1
DA:31,1
DA:32,1
DA:33,1
DA:44,1
DA:50,0
DA:57,0
DA:58,0
DA:59,0
DA:62,0
DA:63,0
DA:74,1
DA:79,1
DA:87,0
DA:90,0
DA:91,0
DA:93,0
DA:95,0
DA:96,0
DA:101,0
DA:102,0
DA:108,0
DA:109,0
DA:110,0
DA:111,0
DA:119,0
DA:120,0
DA:121,0
DA:123,0
DA:130,0
DA:133,0
DA:139,0
DA:140,0
DA:141,0
DA:146,0
DA:149,0
DA:151,0
DA:171,0
DA:178,0
DA:192,0
DA:193,0
DA:206,0
DA:209,0
DA:232,1
LF:59
LH:23
BRDA:58,0,0,0
BRDA:58,0,1,0
BRDA:58,1,0,0
BRDA:58,1,1,0
BRDA:66,2,0,0
BRDA:66,2,1,0
BRDA:67,3,0,0
BRDA:67,3,1,0
BRDA:70,4,0,0
BRDA:70,4,1,0
BRDA:90,5,0,0
BRDA:90,5,1,0
BRDA:101,6,0,0
BRDA:101,6,1,0
BRDA:101,7,0,0
BRDA:101,7,1,0
BRDA:120,8,0,0
BRDA:120,8,1,0
BRDA:120,9,0,0
BRDA:120,9,1,0
BRDA:121,10,0,0
BRDA:121,10,1,0
BRDA:121,11,0,0
BRDA:121,11,1,0
BRDA:149,12,0,0
BRDA:149,12,1,0
BRDA:149,13,0,0
BRDA:149,13,1,0
BRDA:149,13,2,0
BRDA:176,14,0,0
BRDA:176,14,1,0
BRDA:187,15,0,0
BRDA:187,15,1,0
BRDA:193,16,0,0
BRDA:193,16,1,0
BRDA:209,17,0,0
BRDA:209,17,1,0
BRDA:221,18,0,0
BRDA:221,18,1,0
BRF:39
BRH:0
end_of_record
TN:
SF:/Users/chakkaravarthi/Dev/UMG/umg_deli/umgc_delivery/src/scenes/BrandsLabels/BrandsLabels.tsx
FN:23,(anonymous_2)
FN:30,(anonymous_3)
FN:33,(anonymous_4)
FN:49,(anonymous_5)
FNF:4
FNH:1
FNDA:0,(anonymous_2)
FNDA:1,(anonymous_3)
FNDA:0,(anonymous_4)
FNDA:0,(anonymous_5)
DA:1,1
DA:2,1
DA:3,1
DA:5,1
DA:6,1
DA:7,1
DA:8,1
DA:14,1
DA:16,1
DA:23,1
DA:28,1
DA:30,1
DA:31,1
DA:33,1
DA:34,0
DA:37,1
DA:39,1
DA:40,0
DA:43,1
DA:50,0
DA:52,0
DA:69,1
LF:22
LH:18
BRDA:34,0,0,0
BRDA:34,0,1,0
BRDA:39,1,0,0
BRDA:39,1,1,1
BRDA:49,2,0,1
BRDA:49,2,1,1
BRDA:57,3,0,0
BRDA:57,3,1,0
BRF:8
BRH:3
end_of_record
TN:
SF:/Users/chakkaravarthi/Dev/UMG/umg_deli/umgc_delivery/src/scenes/CreateAppreciationCard/CreateAppreciationCard.tsx
FN:64,(anonymous_2)
FN:86,(anonymous_3)
FN:113,(anonymous_4)
FN:119,(anonymous_5)
FN:123,(anonymous_6)
FN:131,(anonymous_7)
FN:137,(anonymous_8)
FN:150,(anonymous_9)
FN:156,(anonymous_10)
FN:162,(anonymous_11)
FN:164,(anonymous_12)
FN:167,(anonymous_13)
FN:184,(anonymous_14)
FN:185,(anonymous_15)
FN:200,(anonymous_16)
FN:219,(anonymous_17)
FN:244,(anonymous_18)
FN:255,(anonymous_19)
FN:261,(anonymous_20)
FN:276,(anonymous_21)
FN:285,(anonymous_22)
FNF:21
FNH:0
FNDA:0,(anonymous_2)
FNDA:0,(anonymous_3)
FNDA:0,(anonymous_4)
FNDA:0,(anonymous_5)
FNDA:0,(anonymous_6)
FNDA:0,(anonymous_7)
FNDA:0,(anonymous_8)
FNDA:0,(anonymous_9)
FNDA:0,(anonymous_10)
FNDA:0,(anonymous_11)
FNDA:0,(anonymous_12)
FNDA:0,(anonymous_13)
FNDA:0,(anonymous_14)
FNDA:0,(anonymous_15)
FNDA:0,(anonymous_16)
FNDA:0,(anonymous_17)
FNDA:0,(anonymous_18)
FNDA:0,(anonymous_19)
FNDA:0,(anonymous_20)
FNDA:0,(anonymous_21)
FNDA:0,(anonymous_22)
DA:1,1
DA:2,1
DA:5,1
DA:15,1
DA:16,1
DA:17,1
DA:22,1
DA:23,1
DA:26,1
DA:27,1
DA:28,1
DA:30,1
DA:31,1
DA:32,1
DA:64,1
DA:74,1
DA:86,1
DA:103,0
DA:106,0
DA:107,0
DA:109,0
DA:110,0
DA:111,0
DA:113,0
DA:114,0
DA:116,0
DA:119,0
DA:120,0
DA:123,0
DA:124,0
DA:125,0
DA:126,0
DA:127,0
DA:131,0
DA:132,0
DA:133,0
DA:134,0
DA:137,0
DA:138,0
DA:139,0
DA:141,0
DA:142,0
DA:143,0
DA:144,0
DA:145,0
DA:150,0
DA:151,0
DA:152,0
DA:153,0
DA:156,0
DA:157,0
DA:158,0
DA:159,0
DA:162,0
DA:163,0
DA:164,0
DA:167,0
DA:168,0
DA:169,0
DA:170,0
DA:179,0
DA:184,0
DA:185,0
DA:200,0
DA:219,0
DA:244,0
DA:255,0
DA:262,0
DA:276,0
DA:286,0
DA:287,0
DA:296,1
LF:72
LH:18
BRDA:93,0,0,0
BRDA:125,1,0,0
BRDA:125,1,1,0
BRDA:126,2,0,0
BRDA:126,2,1,0
BRDA:142,3,0,0
BRDA:142,3,1,0
BRDA:143,4,0,0
BRDA:143,4,1,0
BRDA:145,5,0,0
BRDA:145,5,1,0
BRDA:151,6,0,0
BRDA:151,6,1,0
BRDA:152,7,0,0
BRDA:152,7,1,0
BRDA:168,8,0,0
BRDA:168,8,1,0
BRDA:168,9,0,0
BRDA:168,9,1,0
BRDA:191,10,0,0
BRDA:191,10,1,0
BRDA:192,11,0,0
BRDA:192,11,1,0
BRDA:193,12,0,0
BRDA:193,12,1,0
BRDA:194,13,0,0
BRDA:194,13,1,0
BRDA:266,14,0,0
BRDA:266,14,1,0
BRF:29
BRH:0
end_of_record
TN:
SF:/Users/chakkaravarthi/Dev/UMG/umg_deli/umgc_delivery/src/scenes/Department/Department.tsx
FN:28,(anonymous_2)
FN:34,(anonymous_3)
FN:41,(anonymous_4)
FN:56,(anonymous_5)
FN:59,(anonymous_6)
FN:62,(anonymous_7)
FN:76,(anonymous_8)
FNF:7
FNH:2
FNDA:0,(anonymous_2)
FNDA:0,(anonymous_3)
FNDA:2,(anonymous_4)
FNDA:0,(anonymous_5)
FNDA:0,(anonymous_6)
FNDA:0,(anonymous_7)
FNDA:1,(anonymous_8)
DA:1,1
DA:2,1
DA:3,1
DA:4,1
DA:5,1
DA:6,1
DA:7,1
DA:13,1
DA:14,1
DA:15,1
DA:16,1
DA:17,1
DA:18,1
DA:19,1
DA:28,1
DA:29,0
DA:30,0
DA:34,0
DA:39,1
DA:41,1
DA:42,2
DA:44,2
DA:46,2
DA:47,1
DA:48,0
DA:50,1
DA:54,1
DA:56,1
DA:57,0
DA:58,0
DA:60,0
DA:63,0
DA:68,1
DA:69,0
DA:70,0
DA:72,0
DA:76,1
DA:77,1
DA:83,1
DA:86,1
DA:91,1
DA:101,1
DA:102,1
DA:112,1
LF:44
LH:33
BRDA:46,0,0,1
BRDA:46,0,1,1
BRDA:47,1,0,0
BRDA:47,1,1,1
BRDA:57,2,0,0
BRDA:57,2,1,0
BRDA:68,3,0,0
BRDA:68,3,1,1
BRDA:69,4,0,0
BRDA:69,4,1,0
BRDA:86,5,0,1
BRDA:86,5,1,1
BRDA:92,6,0,0
BRDA:92,6,1,1
BRDA:94,7,0,0
BRDA:94,7,1,1
BRDA:96,8,0,0
BRDA:96,8,1,1
BRDA:98,9,0,0
BRDA:98,9,1,1
BRDA:103,10,0,1
BRDA:103,10,1,0
BRDA:102,11,0,1
BRDA:102,11,1,1
BRF:24
BRH:13
end_of_record
TN:
SF:/Users/chakkaravarthi/Dev/UMG/umg_deli/umgc_delivery/src/scenes/Department/DepartmentTopBar.tsx
FN:34,(anonymous_2)
FN:45,(anonymous_3)
FN:52,(anonymous_4)
FN:53,(anonymous_5)
FN:64,(anonymous_6)
FN:81,(anonymous_7)
FN:97,(anonymous_8)
FN:109,(anonymous_9)
FN:113,(anonymous_10)
FNF:9
FNH:0
FNDA:0,(anonymous_2)
FNDA:0,(anonymous_3)
FNDA:0,(anonymous_4)
FNDA:0,(anonymous_5)
FNDA:0,(anonymous_6)
FNDA:0,(anonymous_7)
FNDA:0,(anonymous_8)
FNDA:0,(anonymous_9)
FNDA:0,(anonymous_10)
DA:1,2
DA:2,2
DA:3,2
DA:4,2
DA:5,2
DA:8,2
DA:10,2
DA:11,2
DA:12,2
DA:13,2
DA:14,2
DA:19,2
DA:34,2
DA:35,0
DA:36,0
DA:39,0
DA:40,0
DA:45,0
DA:50,2
DA:52,2
DA:53,0
DA:54,0
DA:55,0
DA:57,0
DA:58,0
DA:60,0
DA:64,2
DA:69,0
DA:71,0
DA:78,0
DA:81,0
DA:82,0
DA:90,0
DA:92,0
DA:94,0
DA:97,2
DA:107,0
DA:109,0
DA:110,0
DA:113,0
DA:114,0
DA:118,0
DA:122,0
DA:123,0
DA:126,0
DA:163,2
LF:46
LH:18
BRDA:37,0,0,0
BRDA:37,0,1,0
BRDA:54,1,0,0
BRDA:54,1,1,0
BRDA:57,2,0,0
BRDA:57,2,1,0
BRDA:110,3,0,0
BRDA:110,3,1,0
BRDA:114,4,0,0
BRDA:114,4,1,0
BRDA:114,4,2,0
BRDA:119,5,0,0
BRDA:119,5,1,0
BRDA:118,6,0,0
BRDA:118,6,1,0
BRDA:122,7,0,0
BRDA:122,7,1,0
BRDA:132,8,0,0
BRDA:132,8,1,0
BRDA:132,8,2,0
BRDA:137,9,0,0
BRDA:137,9,1,0
BRF:22
BRH:0
end_of_record
TN:
SF:/Users/chakkaravarthi/Dev/UMG/umg_deli/umgc_delivery/src/scenes/Departments/Departments.tsx
FN:19,(anonymous_2)
FN:28,(anonymous_3)
FN:31,(anonymous_4)
FN:54,(anonymous_5)
FNF:4
FNH:2
FNDA:0,(anonymous_2)
FNDA:2,(anonymous_3)
FNDA:0,(anonymous_4)
FNDA:7,(anonymous_5)
DA:1,1
DA:2,1
DA:3,1
DA:4,1
DA:6,1
DA:7,1
DA:8,1
DA:9,1
DA:10,1
DA:11,1
DA:12,1
DA:19,1
DA:26,1
DA:28,1
DA:29,2
DA:31,2
DA:32,0
DA:35,2
DA:36,1
DA:39,1
DA:40,1
DA:41,1
DA:42,3
DA:48,1
DA:50,1
DA:55,7
DA:70,1
LF:27
LH:26
BRDA:32,0,0,0
BRDA:32,0,1,0
BRDA:35,1,0,1
BRDA:35,1,1,1
BRDA:48,2,0,1
BRDA:48,2,1,0
BRDA:48,3,0,1
BRDA:48,3,1,1
BRF:8
BRH:5
end_of_record
TN:
SF:/Users/chakkaravarthi/Dev/UMG/umg_deli/umgc_delivery/src/scenes/Errors/Error400.tsx
FN:5,(anonymous_1)
FNF:1
FNH:1
FNDA:1,(anonymous_1)
DA:1,1
DA:2,1
DA:3,1
DA:5,1
DA:6,1
LF:5
LH:5
BRF:0
BRH:0
end_of_record
TN:
SF:/Users/chakkaravarthi/Dev/UMG/umg_deli/umgc_delivery/src/scenes/Errors/Error401.tsx
FN:5,(anonymous_1)
FNF:1
FNH:1
FNDA:1,(anonymous_1)
DA:1,1
DA:2,1
DA:3,1
DA:5,1
DA:6,1
LF:5
LH:5
BRF:0
BRH:0
end_of_record
TN:
SF:/Users/chakkaravarthi/Dev/UMG/umg_deli/umgc_delivery/src/scenes/Errors/Error403.tsx
FN:5,(anonymous_1)
FNF:1
FNH:1
FNDA:1,(anonymous_1)
DA:1,1
DA:2,1
DA:3,1
DA:5,1
DA:6,1
LF:5
LH:5
BRF:0
BRH:0
end_of_record
TN:
SF:/Users/chakkaravarthi/Dev/UMG/umg_deli/umgc_delivery/src/scenes/Errors/Error404.tsx
FN:5,(anonymous_1)
FNF:1
FNH:1
FNDA:1,(anonymous_1)
DA:1,7
DA:2,7
DA:3,7
DA:5,7
DA:6,1
DA:14,7
LF:6
LH:6
BRF:0
BRH:0
end_of_record
TN:
SF:/Users/chakkaravarthi/Dev/UMG/umg_deli/umgc_delivery/src/scenes/Errors/Error500.tsx
FN:5,(anonymous_1)
FNF:1
FNH:1
FNDA:1,(anonymous_1)
DA:1,4
DA:2,4
DA:3,4
DA:5,4
DA:6,1
DA:14,4
LF:6
LH:6
BRF:0
BRH:0
end_of_record
TN:
SF:/Users/chakkaravarthi/Dev/UMG/umg_deli/umgc_delivery/src/scenes/Errors/Error500CardWithTitle.tsx
FN:11,(anonymous_1)
FNF:1
FNH:1
FNDA:1,(anonymous_1)
DA:1,3
DA:2,3
DA:3,3
DA:11,3
DA:16,1
DA:17,1
DA:29,3
LF:7
LH:7
BRDA:21,0,0,1
BRDA:21,0,1,0
BRF:2
BRH:1
end_of_record
TN:
SF:/Users/chakkaravarthi/Dev/UMG/umg_deli/umgc_delivery/src/scenes/Errors/ProfileDeactivated.tsx
FN:5,(anonymous_1)
FNF:1
FNH:1
FNDA:1,(anonymous_1)
DA:1,2
DA:2,2
DA:3,2
DA:5,2
DA:6,1
DA:14,2
LF:6
LH:6
BRF:0
BRH:0
end_of_record
TN:
SF:/Users/chakkaravarthi/Dev/UMG/umg_deli/umgc_delivery/src/scenes/Events/Event.tsx
FN:27,(anonymous_2)
FN:38,(anonymous_3)
FN:58,(anonymous_4)
FN:61,(anonymous_5)
FN:65,(anonymous_6)
FN:68,(anonymous_7)
FN:81,(anonymous_8)
FN:121,(anonymous_9)
FNF:8
FNH:2
FNDA:0,(anonymous_2)
FNDA:4,(anonymous_3)
FNDA:1,(anonymous_4)
FNDA:0,(anonymous_5)
FNDA:0,(anonymous_6)
FNDA:0,(anonymous_7)
FNDA:0,(anonymous_8)
FNDA:0,(anonymous_9)
DA:1,1
DA:2,1
DA:3,1
DA:4,1
DA:5,1
DA:7,1
DA:9,1
DA:10,1
DA:11,1
DA:12,1
DA:13,1
DA:14,1
DA:17,1
DA:27,1
DA:36,1
DA:38,1
DA:39,4
DA:41,4
DA:43,4
DA:47,4
DA:49,4
DA:50,2
DA:51,0
DA:53,2
DA:57,2
DA:58,1
DA:61,2
DA:62,0
DA:63,0
DA:64,0
DA:66,0
DA:69,0
DA:73,0
DA:77,2
DA:79,2
DA:81,2
DA:82,0
DA:85,2
DA:86,0
DA:87,0
DA:89,0
DA:93,2
DA:122,0
DA:135,1
LF:44
LH:32
BRDA:47,0,0,4
BRDA:47,0,1,4
BRDA:49,1,0,2
BRDA:49,1,1,2
BRDA:50,2,0,0
BRDA:50,2,1,2
BRDA:58,3,0,1
BRDA:58,3,1,1
BRDA:62,4,0,0
BRDA:62,4,1,0
BRDA:63,5,0,0
BRDA:63,5,1,0
BRDA:77,6,0,2
BRDA:77,6,1,1
BRDA:85,7,0,0
BRDA:85,7,1,2
BRDA:86,8,0,0
BRDA:86,8,1,0
BRDA:104,9,0,2
BRDA:104,9,1,0
BRF:20
BRH:11
end_of_record
TN:
SF:/Users/chakkaravarthi/Dev/UMG/umg_deli/umgc_delivery/src/scenes/Events/EventsScene.tsx
FN:30,(anonymous_2)
FN:46,(anonymous_3)
FN:57,(anonymous_4)
FN:68,(anonymous_5)
FN:72,(anonymous_6)
FNF:5
FNH:0
FNDA:0,(anonymous_2)
FNDA:0,(anonymous_3)
FNDA:0,(anonymous_4)
FNDA:0,(anonymous_5)
FNDA:0,(anonymous_6)
DA:1,1
DA:2,1
DA:3,1
DA:8,1
DA:14,1
DA:17,1
DA:18,1
DA:30,1
DA:40,1
DA:46,1
DA:55,0
DA:57,0
DA:58,0
DA:59,0
DA:65,0
DA:68,0
DA:69,0
DA:72,0
DA:73,0
DA:75,0
DA:76,0
DA:78,0
DA:82,0
DA:83,0
DA:86,0
DA:98,1
LF:26
LH:11
BRDA:53,0,0,0
BRDA:58,1,0,0
BRDA:58,1,1,0
BRDA:60,2,0,0
BRDA:60,2,1,0
BRDA:69,3,0,0
BRDA:69,3,1,0
BRDA:75,4,0,0
BRDA:75,4,1,0
BRDA:75,5,0,0
BRDA:75,5,1,0
BRDA:75,5,2,0
BRDA:76,6,0,0
BRDA:76,6,1,0
BRDA:78,7,0,0
BRDA:78,7,1,0
BRDA:82,8,0,0
BRDA:82,8,1,0
BRDA:82,9,0,0
BRDA:82,9,1,0
BRF:20
BRH:0
end_of_record
TN:
SF:/Users/chakkaravarthi/Dev/UMG/umg_deli/umgc_delivery/src/scenes/Office/Office.tsx
FN:52,(anonymous_2)
FN:71,(anonymous_3)
FN:92,(anonymous_4)
FN:110,(anonymous_5)
FN:114,(anonymous_6)
FN:117,(anonymous_7)
FN:132,(anonymous_8)
FN:140,(anonymous_9)
FN:151,(anonymous_10)
FN:152,(anonymous_11)
FN:161,(anonymous_12)
FN:165,(anonymous_13)
FN:185,(anonymous_14)
FN:236,(anonymous_15)
FNF:14
FNH:1
FNDA:0,(anonymous_2)
FNDA:2,(anonymous_3)
FNDA:0,(anonymous_4)
FNDA:0,(anonymous_5)
FNDA:0,(anonymous_6)
FNDA:0,(anonymous_7)
FNDA:0,(anonymous_8)
FNDA:0,(anonymous_9)
FNDA:0,(anonymous_10)
FNDA:0,(anonymous_11)
FNDA:0,(anonymous_12)
FNDA:0,(anonymous_13)
FNDA:0,(anonymous_14)
FNDA:0,(anonymous_15)
DA:1,1
DA:11,1
DA:12,1
DA:16,1
DA:17,1
DA:18,1
DA:19,1
DA:20,1
DA:22,1
DA:26,1
DA:27,1
DA:28,1
DA:29,1
DA:31,1
DA:32,1
DA:33,1
DA:52,1
DA:62,1
DA:71,1
DA:86,2
DA:88,2
DA:90,2
DA:92,2
DA:93,0
DA:96,2
DA:98,2
DA:99,1
DA:100,0
DA:102,1
DA:106,1
DA:110,1
DA:111,0
DA:112,0
DA:113,0
DA:115,0
DA:118,0
DA:121,0
DA:125,1
DA:127,1
DA:132,1
DA:133,0
DA:135,0
DA:136,0
DA:140,1
DA:141,0
DA:142,0
DA:143,0
DA:144,0
DA:146,0
DA:151,1
DA:152,0
DA:153,0
DA:154,0
DA:155,0
DA:156,0
DA:161,1
DA:162,0
DA:165,1
DA:166,0
DA:167,0
DA:170,0
DA:173,1
DA:174,0
DA:175,0
DA:177,0
DA:181,1
DA:182,0
DA:185,1
DA:187,1
DA:237,0
DA:267,1
LF:71
LH:41
BRDA:98,0,0,1
BRDA:98,0,1,1
BRDA:99,1,0,0
BRDA:99,1,1,1
BRDA:112,2,0,0
BRDA:112,2,1,0
BRDA:112,3,0,0
BRDA:112,3,1,0
BRDA:129,4,0,0
BRDA:129,4,1,1
BRDA:133,5,0,0
BRDA:133,5,1,0
BRDA:135,6,0,0
BRDA:135,6,1,0
BRDA:135,7,0,0
BRDA:135,7,1,0
BRDA:138,8,0,0
BRDA:138,8,1,1
BRDA:138,9,0,1
BRDA:138,9,1,1
BRDA:141,10,0,0
BRDA:141,10,1,0
BRDA:141,11,0,0
BRDA:141,11,1,0
BRDA:141,11,2,0
BRDA:143,12,0,0
BRDA:143,12,1,0
BRDA:153,13,0,0
BRDA:153,13,1,0
BRDA:154,14,0,0
BRDA:154,14,1,0
BRDA:155,15,0,0
BRDA:155,15,1,0
BRDA:156,16,0,0
BRDA:156,16,1,0
BRDA:159,17,0,1
BRDA:159,17,1,0
BRDA:159,18,0,1
BRDA:159,18,1,1
BRDA:159,19,0,1
BRDA:159,19,1,0
BRDA:159,20,0,1
BRDA:159,20,1,1
BRDA:166,21,0,0
BRDA:166,21,1,0
BRDA:167,22,0,0
BRDA:167,22,1,0
BRDA:173,23,0,0
BRDA:173,23,1,1
BRDA:174,24,0,0
BRDA:174,24,1,0
BRDA:181,25,0,0
BRDA:181,25,1,1
BRDA:230,26,0,0
BRDA:230,26,1,1
BRDA:229,27,0,1
BRDA:229,27,1,0
BRDA:235,28,0,0
BRDA:235,28,1,0
BRDA:252,29,0,1
BRDA:252,29,1,0
BRF:61
BRH:18
end_of_record
TN:
SF:/Users/chakkaravarthi/Dev/UMG/umg_deli/umgc_delivery/src/scenes/Office/Offices.tsx
FN:29,(anonymous_2)
FN:40,(anonymous_3)
FN:49,(anonymous_4)
FN:55,(anonymous_5)
FN:59,handleDropDownChange
FN:91,(anonymous_7)
FN:98,(anonymous_8)
FN:120,(anonymous_9)
FNF:8
FNH:0
FNDA:0,(anonymous_2)
FNDA:0,(anonymous_3)
FNDA:0,(anonymous_4)
FNDA:0,(anonymous_5)
FNDA:0,handleDropDownChange
FNDA:0,(anonymous_7)
FNDA:0,(anonymous_8)
FNDA:0,(anonymous_9)
DA:1,1
DA:2,1
DA:3,1
DA:4,1
DA:5,1
DA:6,1
DA:7,1
DA:8,1
DA:9,1
DA:13,1
DA:29,1
DA:35,1
DA:40,1
DA:47,0
DA:49,0
DA:50,0
DA:53,0
DA:55,0
DA:56,0
DA:60,0
DA:63,0
DA:92,0
DA:99,0
DA:120,0
DA:129,1
LF:25
LH:14
BRDA:50,0,0,0
BRDA:50,0,1,0
BRDA:56,1,0,0
BRDA:56,1,1,0
BRDA:60,2,0,0
BRDA:60,2,1,0
BRDA:97,3,0,0
BRDA:97,3,1,0
BRDA:113,4,0,0
BRDA:113,4,1,0
BRF:10
BRH:0
end_of_record
TN:
SF:/Users/chakkaravarthi/Dev/UMG/umg_deli/umgc_delivery/src/scenes/Page/Page.tsx
FN:22,(anonymous_2)
FN:25,(anonymous_3)
FN:52,(anonymous_4)
FN:54,(anonymous_5)
FN:70,(anonymous_6)
FN:84,(anonymous_7)
FN:88,(anonymous_8)
FN:104,(anonymous_9)
FN:114,(anonymous_10)
FN:119,(anonymous_11)
FN:122,(anonymous_12)
FN:125,(anonymous_13)
FN:168,(anonymous_14)
FN:174,(anonymous_15)
FNF:14
FNH:1
FNDA:0,(anonymous_2)
FNDA:0,(anonymous_3)
FNDA:0,(anonymous_4)
FNDA:0,(anonymous_5)
FNDA:0,(anonymous_6)
FNDA:0,(anonymous_7)
FNDA:0,(anonymous_8)
FNDA:2,(anonymous_9)
FNDA:0,(anonymous_10)
FNDA:0,(anonymous_11)
FNDA:0,(anonymous_12)
FNDA:0,(anonymous_13)
FNDA:0,(anonymous_14)
FNDA:0,(anonymous_15)
DA:1,1
DA:2,1
DA:6,1
DA:7,1
DA:8,1
DA:12,1
DA:14,1
DA:15,1
DA:16,1
DA:17,1
DA:18,1
DA:19,1
DA:20,1
DA:22,1
DA:24,0
DA:25,0
DA:26,0
DA:27,0
DA:31,0
DA:52,1
DA:53,0
DA:54,0
DA:55,0
DA:56,0
DA:65,1
DA:70,1
DA:71,0
DA:73,0
DA:74,0
DA:77,0
DA:78,0
DA:79,0
DA:81,0
DA:84,1
DA:85,0
DA:86,0
DA:88,0
DA:89,0
DA:90,0
DA:91,0
DA:96,0
DA:99,0
DA:101,0
DA:104,1
DA:110,2
DA:112,2
DA:114,2
DA:115,0
DA:119,2
DA:120,0
DA:121,0
DA:123,0
DA:126,0
DA:131,2
DA:132,2
DA:133,0
DA:135,2
DA:139,0
DA:145,0
DA:169,0
DA:175,0
DA:192,1
LF:62
LH:27
BRDA:24,0,0,0
BRDA:24,0,1,0
BRDA:26,1,0,0
BRDA:26,1,1,0
BRDA:73,2,0,0
BRDA:73,2,1,0
BRDA:78,3,0,0
BRDA:78,3,1,0
BRDA:85,4,0,0
BRDA:85,4,1,0
BRDA:120,5,0,0
BRDA:120,5,1,0
BRDA:120,6,0,0
BRDA:120,6,1,0
BRDA:131,7,0,2
BRDA:131,7,1,0
BRDA:132,8,0,0
BRDA:132,8,1,2
BRDA:147,9,0,0
BRDA:147,9,1,0
BRDA:154,10,0,0
BRDA:154,10,1,0
BRDA:165,11,0,0
BRDA:165,11,1,0
BRF:24
BRH:2
end_of_record
TN:
SF:/Users/chakkaravarthi/Dev/UMG/umg_deli/umgc_delivery/src/scenes/Profile/Profile.tsx
FN:14,(anonymous_2)
FN:23,(anonymous_3)
FN:26,(anonymous_4)
FNF:3
FNH:1
FNDA:0,(anonymous_2)
FNDA:2,(anonymous_3)
FNDA:0,(anonymous_4)
DA:1,1
DA:2,1
DA:3,1
DA:4,1
DA:14,1
DA:19,1
DA:23,1
DA:24,2
DA:26,2
DA:27,0
DA:30,2
DA:33,1
LF:12
LH:11
BRDA:27,0,0,0
BRDA:27,0,1,0
BRF:2
BRH:0
end_of_record
TN:
SF:/Users/chakkaravarthi/Dev/UMG/umg_deli/umgc_delivery/src/scenes/SearchResults/SearchResultsScene.tsx
FN:63,(anonymous_2)
FN:100,(anonymous_3)
FN:135,(anonymous_4)
FN:141,(anonymous_5)
FN:168,(anonymous_6)
FN:186,(anonymous_7)
FNF:6
FNH:0
FNDA:0,(anonymous_2)
FNDA:0,(anonymous_3)
FNDA:0,(anonymous_4)
FNDA:0,(anonymous_5)
FNDA:0,(anonymous_6)
FNDA:0,(anonymous_7)
DA:1,1
DA:2,1
DA:3,1
DA:8,1
DA:19,1
DA:20,1
DA:63,1
DA:93,1
DA:100,1
DA:131,0
DA:133,0
DA:135,0
DA:136,0
DA:137,0
DA:141,0
DA:142,0
DA:143,0
DA:144,0
DA:146,0
DA:147,0
DA:148,0
DA:149,0
DA:150,0
DA:154,0
DA:157,0
DA:158,0
DA:159,0
DA:160,0
DA:161,0
DA:163,0
DA:168,0
DA:169,0
DA:171,0
DA:173,0
DA:175,0
DA:176,0
DA:186,0
DA:187,0
DA:189,0
DA:190,0
DA:193,0
DA:195,0
DA:196,0
DA:200,0
DA:235,1
LF:45
LH:10
BRDA:102,0,0,0
BRDA:103,1,0,0
BRDA:104,2,0,0
BRDA:105,3,0,0
BRDA:106,4,0,0
BRDA:107,5,0,0
BRDA:108,6,0,0
BRDA:109,7,0,0
BRDA:110,8,0,0
BRDA:111,9,0,0
BRDA:136,10,0,0
BRDA:136,10,1,0
BRDA:136,11,0,0
BRDA:136,11,1,0
BRDA:148,12,0,0
BRDA:148,12,1,0
BRDA:171,13,0,0
BRDA:171,13,1,0
BRDA:175,14,0,0
BRDA:175,14,1,0
BRDA:175,15,0,0
BRDA:175,15,1,0
BRDA:189,16,0,0
BRDA:189,16,1,0
BRDA:193,17,0,0
BRDA:193,17,1,0
BRDA:195,18,0,0
BRDA:195,18,1,0
BRDA:202,19,0,0
BRDA:202,19,1,0
BRDA:203,20,0,0
BRDA:203,20,1,0
BRF:32
BRH:0
end_of_record
TN:
SF:/Users/chakkaravarthi/Dev/UMG/umg_deli/umgc_delivery/src/scenes/User/User.tsx
FN:19,(anonymous_2)
FN:28,(anonymous_3)
FN:33,(anonymous_4)
FN:37,(anonymous_5)
FNF:4
FNH:1
FNDA:0,(anonymous_2)
FNDA:1,(anonymous_3)
FNDA:0,(anonymous_4)
FNDA:0,(anonymous_5)
DA:1,1
DA:2,1
DA:3,1
DA:4,1
DA:5,1
DA:6,1
DA:19,1
DA:24,1
DA:28,1
DA:29,1
DA:31,1
DA:33,1
DA:34,0
DA:37,1
DA:38,0
DA:39,0
DA:43,1
DA:46,1
LF:18
LH:15
BRDA:34,0,0,0
BRDA:34,0,1,0
BRDA:38,1,0,0
BRDA:38,1,1,0
BRF:4
BRH:0
end_of_record
TN:
SF:/Users/chakkaravarthi/Dev/UMG/umg_deli/umgc_delivery/src/scenes/User/UserEdit.tsx
FN:28,(anonymous_2)
FN:43,(anonymous_3)
FN:64,(anonymous_4)
FNF:3
FNH:0
FNDA:0,(anonymous_2)
FNDA:0,(anonymous_3)
FNDA:0,(anonymous_4)
DA:1,1
DA:2,1
DA:3,1
DA:6,1
DA:13,1
DA:14,1
DA:28,1
DA:36,1
DA:43,1
DA:53,0
DA:55,0
DA:57,0
DA:58,0
DA:59,0
DA:60,0
DA:64,0
DA:65,0
DA:66,0
DA:69,0
DA:86,1
LF:20
LH:10
BRDA:57,0,0,0
BRDA:57,0,1,0
BRDA:59,1,0,0
BRDA:59,1,1,0
BRDA:59,2,0,0
BRDA:59,2,1,0
BRDA:65,3,0,0
BRDA:65,3,1,0
BRDA:66,4,0,0
BRDA:66,4,1,0
BRDA:72,5,0,0
BRDA:72,5,1,0
BRF:12
BRH:0
end_of_record
TN:
SF:/Users/chakkaravarthi/Dev/UMG/umg_deli/umgc_delivery/src/scenes/UserProfile/UserProfile.tsx
FN:41,(anonymous_2)
FN:65,(anonymous_3)
FN:96,(anonymous_4)
FN:105,(anonymous_5)
FN:110,(anonymous_6)
FN:114,(anonymous_7)
FNF:6
FNH:0
FNDA:0,(anonymous_2)
FNDA:0,(anonymous_3)
FNDA:0,(anonymous_4)
FNDA:0,(anonymous_5)
FNDA:0,(anonymous_6)
FNDA:0,(anonymous_7)
DA:1,1
DA:2,1
DA:3,1
DA:4,1
DA:15,1
DA:16,1
DA:17,1
DA:18,1
DA:19,1
DA:20,1
DA:41,1
DA:56,1
DA:65,1
DA:82,0
DA:84,0
DA:85,0
DA:87,0
DA:88,0
DA:90,0
DA:91,0
DA:96,0
DA:97,0
DA:98,0
DA:100,0
DA:101,0
DA:102,0
DA:103,0
DA:105,0
DA:106,0
DA:110,0
DA:111,0
DA:114,0
DA:115,0
DA:116,0
DA:117,0
DA:121,0
DA:122,0
DA:125,0
DA:126,0
DA:131,0
DA:132,0
DA:135,0
DA:136,0
DA:146,0
DA:150,1
LF:45
LH:14
BRDA:90,0,0,0
BRDA:90,0,1,0
BRDA:90,1,0,0
BRDA:90,1,1,0
BRDA:92,2,0,0
BRDA:92,2,1,0
BRDA:97,3,0,0
BRDA:97,3,1,0
BRDA:100,4,0,0
BRDA:100,4,1,0
BRDA:101,5,0,0
BRDA:101,5,1,0
BRDA:102,6,0,0
BRDA:102,6,1,0
BRDA:103,7,0,0
BRDA:103,7,1,0
BRDA:106,8,0,0
BRDA:106,8,1,0
BRDA:111,9,0,0
BRDA:111,9,1,0
BRDA:115,10,0,0
BRDA:115,10,1,0
BRDA:115,11,0,0
BRDA:115,11,1,0
BRDA:115,11,2,0
BRDA:115,11,3,0
BRDA:116,12,0,0
BRDA:116,12,1,0
BRDA:117,13,0,0
BRDA:117,13,1,0
BRDA:121,14,0,0
BRDA:121,14,1,0
BRDA:125,15,0,0
BRDA:125,15,1,0
BRDA:125,16,0,0
BRDA:125,16,1,0
BRDA:131,17,0,0
BRDA:131,17,1,0
BRDA:135,18,0,0
BRDA:135,18,1,0
BRF:40
BRH:0
end_of_record
TN:
SF:/Users/chakkaravarthi/Dev/UMG/umg_deli/umgc_delivery/src/shared/actions/appreciationActions.ts
FN:43,(anonymous_8)
FN:47,(anonymous_9)
FN:53,(anonymous_10)
FN:59,(anonymous_11)
FN:73,(anonymous_12)
FN:75,(anonymous_13)
FN:76,(anonymous_14)
FN:76,(anonymous_15)
FN:79,(anonymous_16)
FN:79,(anonymous_17)
FN:80,(anonymous_18)
FN:86,(anonymous_19)
FN:93,(anonymous_20)
FN:98,(anonymous_21)
FN:102,(anonymous_22)
FN:109,(anonymous_23)
FN:110,(anonymous_24)
FN:110,(anonymous_25)
FN:111,(anonymous_26)
FN:113,(anonymous_27)
FN:114,(anonymous_28)
FN:119,(anonymous_29)
FN:126,(anonymous_30)
FN:127,(anonymous_31)
FN:127,(anonymous_32)
FN:128,(anonymous_33)
FN:130,(anonymous_34)
FN:131,(anonymous_35)
FN:137,(anonymous_36)
FN:142,(anonymous_37)
FN:143,(anonymous_38)
FN:146,(anonymous_39)
FN:147,(anonymous_40)
FN:151,(anonymous_41)
FN:156,(anonymous_42)
FN:173,(anonymous_43)
FN:174,(anonymous_44)
FN:179,(anonymous_45)
FNF:38
FNH:2
FNDA:0,(anonymous_8)
FNDA:1,(anonymous_9)
FNDA:1,(anonymous_10)
FNDA:0,(anonymous_11)
FNDA:0,(anonymous_12)
FNDA:0,(anonymous_13)
FNDA:0,(anonymous_14)
FNDA:0,(anonymous_15)
FNDA:0,(anonymous_16)
FNDA:0,(anonymous_17)
FNDA:0,(anonymous_18)
FNDA:0,(anonymous_19)
FNDA:0,(anonymous_20)
FNDA:0,(anonymous_21)
FNDA:0,(anonymous_22)
FNDA:0,(anonymous_23)
FNDA:0,(anonymous_24)
FNDA:0,(anonymous_25)
FNDA:0,(anonymous_26)
FNDA:0,(anonymous_27)
FNDA:0,(anonymous_28)
FNDA:0,(anonymous_29)
FNDA:0,(anonymous_30)
FNDA:0,(anonymous_31)
FNDA:0,(anonymous_32)
FNDA:0,(anonymous_33)
FNDA:0,(anonymous_34)
FNDA:0,(anonymous_35)
FNDA:0,(anonymous_36)
FNDA:0,(anonymous_37)
FNDA:0,(anonymous_38)
FNDA:0,(anonymous_39)
FNDA:0,(anonymous_40)
FNDA:0,(anonymous_41)
FNDA:0,(anonymous_42)
FNDA:0,(anonymous_43)
FNDA:0,(anonymous_44)
FNDA:0,(anonymous_45)
DA:4,5
DA:6,5
DA:8,5
DA:38,5
DA:41,5
DA:43,5
DA:47,5
DA:53,5
DA:59,5
DA:62,0
DA:63,0
DA:66,0
DA:73,5
DA:75,5
DA:76,0
DA:77,0
DA:78,0
DA:79,0
DA:80,0
DA:86,5
DA:93,5
DA:98,5
DA:102,5
DA:104,0
DA:109,5
DA:110,0
DA:111,0
DA:112,0
DA:113,0
DA:114,0
DA:119,5
DA:121,0
DA:126,5
DA:127,0
DA:128,0
DA:129,0
DA:130,0
DA:131,0
DA:137,5
DA:142,5
DA:143,0
DA:146,0
DA:147,0
DA:148,0
DA:149,0
DA:151,0
DA:152,0
DA:153,0
DA:154,0
DA:155,0
DA:156,0
DA:157,0
DA:158,0
DA:159,0
DA:160,0
DA:162,0
DA:166,0
DA:172,0
DA:173,0
DA:174,0
DA:179,5
LF:61
LH:21
BRDA:62,0,0,0
BRDA:62,0,1,0
BRDA:79,1,0,0
BRDA:79,1,1,0
BRDA:155,2,0,0
BRDA:155,2,1,0
BRDA:155,3,0,0
BRDA:155,3,1,0
BRDA:157,4,0,0
BRDA:157,4,1,0
BRDA:159,5,0,0
BRDA:159,5,1,0
BRF:12
BRH:0
end_of_record
TN:
SF:/Users/chakkaravarthi/Dev/UMG/umg_deli/umgc_delivery/src/shared/actions/articleActions.ts
FN:29,(anonymous_8)
FN:37,(anonymous_9)
FN:42,(anonymous_10)
FN:45,(anonymous_11)
FN:53,(anonymous_12)
FN:56,(anonymous_13)
FN:66,(anonymous_14)
FN:71,(anonymous_15)
FN:76,(anonymous_16)
FN:76,(anonymous_17)
FN:77,(anonymous_18)
FN:79,(anonymous_19)
FN:87,(anonymous_20)
FN:94,(anonymous_21)
FN:99,(anonymous_22)
FN:101,(anonymous_23)
FN:103,(anonymous_24)
FN:104,(anonymous_25)
FN:106,(anonymous_26)
FN:111,(anonymous_27)
FN:115,(anonymous_28)
FN:119,(anonymous_29)
FN:122,(anonymous_30)
FN:123,(anonymous_31)
FN:129,(anonymous_32)
FN:130,(anonymous_33)
FNF:26
FNH:3
FNDA:1,(anonymous_8)
FNDA:0,(anonymous_9)
FNDA:0,(anonymous_10)
FNDA:0,(anonymous_11)
FNDA:0,(anonymous_12)
FNDA:0,(anonymous_13)
FNDA:1,(anonymous_14)
FNDA:0,(anonymous_15)
FNDA:0,(anonymous_16)
FNDA:0,(anonymous_17)
FNDA:0,(anonymous_18)
FNDA:0,(anonymous_19)
FNDA:0,(anonymous_20)
FNDA:1,(anonymous_21)
FNDA:0,(anonymous_22)
FNDA:0,(anonymous_23)
FNDA:0,(anonymous_24)
FNDA:0,(anonymous_25)
FNDA:0,(anonymous_26)
FNDA:0,(anonymous_27)
FNDA:0,(anonymous_28)
FNDA:0,(anonymous_29)
FNDA:0,(anonymous_30)
FNDA:0,(anonymous_31)
FNDA:0,(anonymous_32)
FNDA:0,(anonymous_33)
DA:1,11
DA:5,11
DA:22,11
DA:23,11
DA:25,11
DA:29,11
DA:31,1
DA:37,11
DA:42,0
DA:45,0
DA:48,0
DA:51,0
DA:53,0
DA:55,0
DA:56,0
DA:66,11
DA:71,11
DA:76,0
DA:77,0
DA:78,0
DA:79,0
DA:87,11
DA:89,0
DA:94,11
DA:99,11
DA:101,0
DA:103,0
DA:104,0
DA:105,0
DA:106,0
DA:111,11
DA:115,11
DA:119,0
DA:122,0
DA:123,0
DA:127,0
DA:129,0
DA:130,0
DA:131,0
DA:132,0
DA:133,0
DA:134,0
DA:138,0
DA:140,0
DA:143,0
DA:146,0
LF:46
LH:15
BRDA:51,0,0,0
BRDA:51,0,1,0
BRDA:72,1,0,0
BRDA:73,2,0,0
BRDA:74,3,0,0
BRDA:131,4,0,0
BRDA:131,4,1,0
BRDA:132,5,0,0
BRDA:132,5,1,0
BRDA:133,6,0,0
BRDA:133,6,1,0
BRDA:138,7,0,0
BRDA:138,7,1,0
BRF:13
BRH:0
end_of_record
TN:
SF:/Users/chakkaravarthi/Dev/UMG/umg_deli/umgc_delivery/src/shared/actions/bookmarkActions.ts
FN:19,(anonymous_8)
FN:26,(anonymous_9)
FN:27,(anonymous_10)
FN:27,(anonymous_11)
FN:28,(anonymous_12)
FN:32,(anonymous_13)
FN:33,(anonymous_14)
FN:42,(anonymous_15)
FN:49,(anonymous_16)
FN:50,(anonymous_17)
FN:50,(anonymous_18)
FN:51,(anonymous_19)
FN:55,(anonymous_20)
FN:68,(anonymous_21)
FN:75,(anonymous_22)
FN:76,(anonymous_23)
FN:76,(anonymous_24)
FN:77,(anonymous_25)
FN:81,(anonymous_26)
FNF:19
FNH:0
FNDA:0,(anonymous_8)
FNDA:0,(anonymous_9)
FNDA:0,(anonymous_10)
FNDA:0,(anonymous_11)
FNDA:0,(anonymous_12)
FNDA:0,(anonymous_13)
FNDA:0,(anonymous_14)
FNDA:0,(anonymous_15)
FNDA:0,(anonymous_16)
FNDA:0,(anonymous_17)
FNDA:0,(anonymous_18)
FNDA:0,(anonymous_19)
FNDA:0,(anonymous_20)
FNDA:0,(anonymous_21)
FNDA:0,(anonymous_22)
FNDA:0,(anonymous_23)
FNDA:0,(anonymous_24)
FNDA:0,(anonymous_25)
FNDA:0,(anonymous_26)
DA:1,2
DA:15,2
DA:16,2
DA:17,2
DA:19,2
DA:20,0
DA:26,2
DA:27,0
DA:28,0
DA:29,0
DA:31,0
DA:32,0
DA:34,0
DA:35,0
DA:42,2
DA:43,0
DA:49,2
DA:50,0
DA:51,0
DA:52,0
DA:54,0
DA:56,0
DA:60,0
DA:68,2
DA:69,0
DA:75,2
DA:76,0
DA:77,0
DA:78,0
DA:80,0
DA:81,0
LF:31
LH:10
BRDA:34,0,0,0
BRDA:34,0,1,0
BRF:2
BRH:0
end_of_record
TN:
SF:/Users/chakkaravarthi/Dev/UMG/umg_deli/umgc_delivery/src/shared/actions/commonActions.ts
FN:16,(anonymous_0)
FN:23,(anonymous_1)
FN:34,(anonymous_2)
FN:38,(anonymous_3)
FN:41,(anonymous_4)
FN:47,(anonymous_5)
FN:54,(anonymous_6)
FN:61,(anonymous_7)
FN:65,(anonymous_8)
FN:70,(anonymous_9)
FN:73,(anonymous_10)
FNF:11
FNH:1
FNDA:0,(anonymous_0)
FNDA:1,(anonymous_1)
FNDA:0,(anonymous_2)
FNDA:0,(anonymous_3)
FNDA:0,(anonymous_4)
FNDA:0,(anonymous_5)
FNDA:0,(anonymous_6)
FNDA:0,(anonymous_7)
FNDA:0,(anonymous_8)
FNDA:0,(anonymous_9)
FNDA:0,(anonymous_10)
DA:1,13
DA:16,13
DA:21,13
DA:23,13
DA:27,1
DA:34,13
DA:38,0
DA:39,0
DA:41,0
DA:42,0
DA:47,13
DA:49,0
DA:54,13
DA:56,0
DA:61,13
DA:65,0
DA:66,0
DA:70,13
DA:73,0
DA:74,0
LF:20
LH:10
BRDA:36,0,0,0
BRF:1
BRH:0
end_of_record
TN:
SF:/Users/chakkaravarthi/Dev/UMG/umg_deli/umgc_delivery/src/shared/actions/contentActions.ts
FN:24,(anonymous_8)
FN:33,(anonymous_9)
FN:42,(anonymous_10)
FN:68,(anonymous_11)
FN:69,(anonymous_12)
FN:69,(anonymous_13)
FN:70,(anonymous_14)
FN:72,(anonymous_15)
FN:76,(anonymous_16)
FN:99,(anonymous_17)
FN:100,(anonymous_18)
FN:100,(anonymous_19)
FN:101,(anonymous_20)
FN:103,(anonymous_21)
FN:107,(anonymous_22)
FN:126,(anonymous_23)
FN:127,(anonymous_24)
FN:130,(anonymous_25)
FN:131,(anonymous_26)
FN:133,(anonymous_27)
FNF:20
FNH:0
FNDA:0,(anonymous_8)
FNDA:0,(anonymous_9)
FNDA:0,(anonymous_10)
FNDA:0,(anonymous_11)
FNDA:0,(anonymous_12)
FNDA:0,(anonymous_13)
FNDA:0,(anonymous_14)
FNDA:0,(anonymous_15)
FNDA:0,(anonymous_16)
FNDA:0,(anonymous_17)
FNDA:0,(anonymous_18)
FNDA:0,(anonymous_19)
FNDA:0,(anonymous_20)
FNDA:0,(anonymous_21)
FNDA:0,(anonymous_22)
FNDA:0,(anonymous_23)
FNDA:0,(anonymous_24)
FNDA:0,(anonymous_25)
FNDA:0,(anonymous_26)
FNDA:0,(anonymous_27)
DA:3,17
DA:4,17
DA:5,17
DA:6,17
DA:20,17
DA:21,17
DA:24,17
DA:27,0
DA:33,17
DA:36,0
DA:42,17
DA:44,0
DA:68,17
DA:69,0
DA:70,0
DA:71,0
DA:72,0
DA:77,0
DA:78,0
DA:80,0
DA:99,17
DA:100,0
DA:101,0
DA:102,0
DA:103,0
DA:108,0
DA:109,0
DA:111,0
DA:126,17
DA:127,0
DA:130,0
DA:131,0
DA:133,0
DA:136,0
DA:137,0
DA:138,0
DA:139,0
DA:141,0
DA:142,0
DA:143,0
DA:147,0
DA:149,0
DA:152,0
LF:43
LH:12
BRDA:77,0,0,0
BRDA:77,0,1,0
BRDA:108,1,0,0
BRDA:108,1,1,0
BRDA:138,2,0,0
BRDA:138,2,1,0
BRDA:142,3,0,0
BRDA:142,3,1,0
BRDA:147,4,0,0
BRDA:147,4,1,0
BRF:10
BRH:0
end_of_record
TN:
SF:/Users/chakkaravarthi/Dev/UMG/umg_deli/umgc_delivery/src/shared/actions/departmentActions.ts
FN:15,(anonymous_8)
FN:19,(anonymous_9)
FN:20,(anonymous_10)
FN:20,(anonymous_11)
FN:21,(anonymous_12)
FN:23,(anonymous_13)
FN:29,(anonymous_14)
FN:33,(anonymous_15)
FN:34,(anonymous_16)
FN:34,(anonymous_17)
FN:35,(anonymous_18)
FN:37,(anonymous_19)
FNF:12
FNH:1
FNDA:0,(anonymous_8)
FNDA:0,(anonymous_9)
FNDA:0,(anonymous_10)
FNDA:0,(anonymous_11)
FNDA:0,(anonymous_12)
FNDA:0,(anonymous_13)
FNDA:1,(anonymous_14)
FNDA:0,(anonymous_15)
FNDA:0,(anonymous_16)
FNDA:0,(anonymous_17)
FNDA:0,(anonymous_18)
FNDA:0,(anonymous_19)
DA:1,4
DA:12,4
DA:15,4
DA:17,0
DA:19,4
DA:20,0
DA:21,0
DA:22,0
DA:23,0
DA:29,4
DA:31,1
DA:33,4
DA:34,0
DA:35,0
DA:36,0
DA:37,0
LF:16
LH:7
BRF:0
BRH:0
end_of_record
TN:
SF:/Users/chakkaravarthi/Dev/UMG/umg_deli/umgc_delivery/src/shared/actions/employeeActions.ts
FN:13,(anonymous_8)
FN:20,(anonymous_9)
FN:21,(anonymous_10)
FN:21,(anonymous_11)
FN:22,(anonymous_12)
FN:23,(anonymous_13)
FNF:6
FNH:1
FNDA:1,(anonymous_8)
FNDA:0,(anonymous_9)
FNDA:0,(anonymous_10)
FNDA:0,(anonymous_11)
FNDA:0,(anonymous_12)
FNDA:0,(anonymous_13)
DA:4,1
DA:10,1
DA:13,1
DA:15,1
DA:20,1
DA:21,0
DA:22,0
DA:23,0
DA:24,0
LF:9
LH:5
BRF:0
BRH:0
end_of_record
TN:
SF:/Users/chakkaravarthi/Dev/UMG/umg_deli/umgc_delivery/src/shared/actions/eventActions.ts
FN:25,(anonymous_8)
FN:33,(anonymous_9)
FN:38,(anonymous_10)
FN:41,(anonymous_11)
FN:48,(anonymous_12)
FN:51,(anonymous_13)
FN:62,(anonymous_14)
FN:67,(anonymous_15)
FN:68,(anonymous_16)
FN:68,(anonymous_17)
FN:69,(anonymous_18)
FN:71,(anonymous_19)
FN:77,(anonymous_20)
FN:82,(anonymous_21)
FN:84,(anonymous_22)
FN:86,(anonymous_23)
FN:87,(anonymous_24)
FN:89,(anonymous_25)
FN:94,(anonymous_26)
FN:101,(anonymous_27)
FN:105,downloadAddToCalendarAction
FNF:21
FNH:3
FNDA:1,(anonymous_8)
FNDA:0,(anonymous_9)
FNDA:0,(anonymous_10)
FNDA:0,(anonymous_11)
FNDA:0,(anonymous_12)
FNDA:0,(anonymous_13)
FNDA:1,(anonymous_14)
FNDA:0,(anonymous_15)
FNDA:0,(anonymous_16)
[...]
FN:349,(anonymous_46)
FN:355,(anonymous_47)
FN:359,(anonymous_48)
FN:367,(anonymous_49)
FN:373,(anonymous_50)
FN:377,(anonymous_51)
FN:385,(anonymous_52)
FN:398,(anonymous_53)
FN:405,(anonymous_54)
FN:409,(anonymous_55)
FN:418,(anonymous_56)
FN:424,(anonymous_57)
FN:428,(anonymous_58)
FN:436,(anonymous_59)
FN:447,(anonymous_60)
FN:458,(anonymous_61)
FN:469,(anonymous_62)
FN:480,(anonymous_63)
FN:488,(anonymous_64)
FN:497,(anonymous_65)
FN:508,(anonymous_66)
FN:517,(anonymous_67)
FN:540,(anonymous_68)
FN:556,(anonymous_69)
FN:573,(anonymous_70)
FN:586,(anonymous_71)
FN:599,(anonymous_72)
FN:612,(anonymous_73)
FN:625,(anonymous_74)
FN:638,(anonymous_75)
FN:642,(anonymous_76)
FN:650,(anonymous_77)
FN:660,(anonymous_78)
FN:668,(anonymous_79)
FN:676,(anonymous_80)
FN:692,(anonymous_81)
FN:707,(anonymous_82)
FN:710,(anonymous_83)
FN:720,(anonymous_84)
FN:732,(anonymous_85)
FN:747,(anonymous_86)
FN:765,(anonymous_87)
FN:778,(anonymous_88)
FN:790,(anonymous_89)
FN:793,(anonymous_90)
FNF:83
FNH:22
FNDA:24,(anonymous_8)
FNDA:4,(anonymous_9)
FNDA:0,(anonymous_10)
FNDA:0,(anonymous_11)
FNDA:0,(anonymous_12)
FNDA:0,(anonymous_13)
FNDA:0,(anonymous_14)
FNDA:0,(anonymous_15)
FNDA:23,(anonymous_16)
FNDA:4,(anonymous_17)
FNDA:0,(anonymous_18)
FNDA:0,(anonymous_19)
FNDA:1,(anonymous_20)
FNDA:2,(anonymous_21)
FNDA:1,(anonymous_22)
FNDA:0,(anonymous_23)
FNDA:0,(anonymous_24)
FNDA:1,(anonymous_25)
FNDA:1,(anonymous_26)
FNDA:1,(anonymous_27)
FNDA:0,(anonymous_28)
FNDA:0,(anonymous_29)
FNDA:0,(anonymous_30)
FNDA:0,(anonymous_31)
FNDA:0,(anonymous_32)
FNDA:0,(anonymous_33)
FNDA:0,(anonymous_34)
FNDA:0,(anonymous_35)
FNDA:0,(anonymous_36)
FNDA:0,(anonymous_37)
FNDA:0,(anonymous_38)
FNDA:0,(anonymous_39)
FNDA:1,(anonymous_40)
FNDA:2,(anonymous_41)
FNDA:1,(anonymous_42)
FNDA:1,(anonymous_43)
FNDA:0,(anonymous_44)
FNDA:0,(anonymous_45)
FNDA:0,(anonymous_46)
FNDA:0,(anonymous_47)
FNDA:0,(anonymous_48)
FNDA:0,(anonymous_49)
FNDA:0,(anonymous_50)
FNDA:0,(anonymous_51)
FNDA:0,(anonymous_52)
FNDA:0,(anonymous_53)
FNDA:0,(anonymous_54)
FNDA:0,(anonymous_55)
FNDA:0,(anonymous_56)
FNDA:0,(anonymous_57)
FNDA:0,(anonymous_58)
FNDA:1,(anonymous_59)
FNDA:0,(anonymous_60)
FNDA:0,(anonymous_61)
FNDA:1,(anonymous_62)
FNDA:0,(anonymous_63)
FNDA:0,(anonymous_64)
FNDA:1,(anonymous_65)
FNDA:1,(anonymous_66)
FNDA:0,(anonymous_67)
FNDA:0,(anonymous_68)
FNDA:0,(anonymous_69)
FNDA:0,(anonymous_70)
FNDA:1,(anonymous_71)
FNDA:2,(anonymous_72)
FNDA:0,(anonymous_73)
FNDA:0,(anonymous_74)
FNDA:0,(anonymous_75)
FNDA:1,(anonymous_76)
FNDA:1,(anonymous_77)
FNDA:0,(anonymous_78)
FNDA:0,(anonymous_79)
FNDA:0,(anonymous_80)
FNDA:0,(anonymous_81)
FNDA:0,(anonymous_82)
FNDA:0,(anonymous_83)
FNDA:0,(anonymous_84)
FNDA:0,(anonymous_85)
FNDA:0,(anonymous_86)
FNDA:0,(anonymous_87)
FNDA:0,(anonymous_88)
FNDA:0,(anonymous_89)
FNDA:0,(anonymous_90)
DA:1,60
DA:2,60
DA:4,60
DA:31,60
DA:41,60
DA:42,60
DA:52,24
DA:53,4
DA:54,0
DA:56,4
DA:58,4
DA:60,24
DA:61,24
DA:62,0
DA:63,0
DA:64,0
DA:65,0
DA:66,24
DA:67,0
DA:68,0
DA:69,0
DA:70,24
DA:71,0
DA:72,0
DA:73,0
DA:75,24
DA:76,23
DA:77,4
DA:81,60
DA:88,0
DA:96,0
DA:103,60
DA:110,0
DA:118,0
DA:125,60
DA:133,1
DA:141,1
DA:148,60
DA:155,2
DA:162,2
DA:169,60
DA:177,1
DA:185,1
DA:189,60
DA:192,0
DA:195,0
DA:196,0
DA:197,0
DA:198,0
DA:200,0
DA:203,60
DA:207,1
DA:214,60
DA:218,1
DA:225,60
DA:226,1
DA:233,60
DA:238,0
DA:245,60
DA:246,0
DA:253,60
DA:254,0
DA:261,60
DA:262,0
DA:266,0
DA:271,60
DA:272,0
DA:276,0
DA:282,60
DA:283,0
DA:287,0
DA:293,60
DA:297,1
DA:304,60
DA:308,2
DA:315,60
DA:316,1
DA:323,60
DA:324,1
DA:331,60
DA:334,0
DA:341,60
DA:342,0
DA:349,60
DA:353,0
DA:356,0
DA:367,60
DA:371,0
DA:374,0
DA:385,60
DA:390,0
DA:398,60
DA:403,0
DA:406,0
DA:418,60
DA:422,0
DA:425,0
DA:436,60
DA:440,1
DA:447,60
DA:451,0
DA:458,60
DA:462,0
DA:469,60
DA:473,1
DA:480,60
DA:484,0
DA:497,60
DA:502,1
DA:508,60
DA:511,1
DA:517,60
DA:526,0
DA:530,0
DA:532,0
DA:540,60
DA:545,0
DA:548,0
DA:549,0
DA:556,60
DA:561,0
DA:573,60
DA:578,0
DA:586,60
DA:591,1
DA:599,60
DA:604,2
DA:612,60
DA:617,0
DA:625,60
DA:630,0
DA:638,60
DA:639,0
DA:642,60
DA:643,1
DA:650,60
DA:653,1
DA:660,60
DA:661,0
DA:668,60
DA:669,0
DA:676,60
DA:682,0
DA:683,0
DA:692,60
DA:697,0
DA:707,60
DA:708,0
DA:710,0
DA:720,60
DA:724,0
DA:732,60
DA:737,0
DA:747,60
DA:752,0
DA:753,0
DA:754,0
DA:765,60
DA:769,0
DA:778,60
DA:782,0
DA:790,60
DA:791,0
DA:793,0
LF:164
LH:93
BRDA:47,0,0,24
BRDA:48,1,0,24
BRDA:49,2,0,24
BRDA:50,3,0,24
BRDA:53,4,0,0
BRDA:53,4,1,4
BRDA:56,5,0,4
BRDA:56,5,1,0
BRDA:61,6,0,0
BRDA:61,6,1,24
BRDA:66,7,0,0
BRDA:66,7,1,24
BRDA:70,8,0,0
BRDA:70,8,1,24
BRDA:91,9,0,0
BRDA:91,9,1,0
BRDA:92,10,0,0
BRDA:92,10,1,0
BRDA:93,11,0,0
BRDA:93,11,1,0
BRDA:93,12,0,0
BRDA:93,12,1,0
BRDA:115,13,0,0
BRDA:115,13,1,0
BRDA:115,14,0,0
BRDA:115,14,1,0
BRDA:137,15,0,1
BRDA:137,15,1,0
BRDA:138,16,0,1
BRDA:138,16,1,0
BRDA:181,17,0,1
BRDA:181,17,1,1
BRDA:182,18,0,1
BRDA:182,18,1,1
BRDA:195,19,0,0
BRDA:195,19,1,0
BRDA:197,20,0,0
BRDA:197,20,1,0
BRDA:449,21,0,0
BRDA:452,22,0,0
BRDA:452,22,1,0
BRDA:503,23,0,0
BRDA:503,23,1,1
BRDA:512,24,0,0
BRDA:512,24,1,1
BRDA:527,25,0,0
BRDA:527,25,1,0
BRDA:527,26,0,0
BRDA:527,26,1,0
BRDA:527,27,0,0
BRDA:527,27,1,0
BRDA:605,28,0,2
BRDA:605,28,1,0
BRDA:682,29,0,0
BRDA:682,29,1,0
BRF:55
BRH:18
end_of_record
TN:
SF:/Users/chakkaravarthi/Dev/UMG/umg_deli/umgc_delivery/src/shared/services/date.ts
FN:3,(anonymous_1)
FN:21,(anonymous_2)
FN:28,(anonymous_3)
FN:47,(anonymous_4)
FN:52,(anonymous_5)
FN:57,(anonymous_6)
FN:72,(anonymous_7)
FNF:7
FNH:5
FNDA:26,(anonymous_1)
FNDA:4,(anonymous_2)
FNDA:8,(anonymous_3)
FNDA:2,(anonymous_4)
FNDA:2,(anonymous_5)
FNDA:0,(anonymous_6)
FNDA:0,(anonymous_7)
DA:1,65
DA:3,65
DA:8,26
DA:12,26
DA:21,65
DA:22,4
DA:25,4
DA:28,65
DA:32,8
DA:38,8
DA:39,0
DA:42,8
DA:47,65
DA:50,2
DA:52,65
DA:55,2
DA:57,65
DA:60,0
DA:63,0
DA:64,0
DA:72,65
DA:73,0
DA:74,0
DA:75,0
DA:76,0
DA:77,0
DA:78,0
DA:81,0
DA:84,0
LF:29
LH:17
BRDA:6,0,0,26
BRDA:12,1,0,25
BRDA:12,1,1,1
BRDA:12,2,0,0
BRDA:12,2,1,1
BRDA:12,3,0,1
BRDA:12,3,1,1
BRDA:21,4,0,4
BRDA:25,5,0,0
BRDA:25,5,1,4
BRDA:30,6,0,0
BRDA:38,7,0,0
BRDA:38,7,1,8
BRDA:43,8,0,8
BRDA:43,8,1,0
BRDA:58,9,0,0
BRDA:74,10,0,0
BRDA:74,10,1,0
BRDA:74,11,0,0
BRDA:74,11,1,0
BRDA:75,12,0,0
BRDA:75,12,1,0
BRDA:75,13,0,0
BRDA:75,13,1,0
BRDA:77,14,0,0
BRDA:77,14,1,0
BRDA:77,15,0,0
BRDA:77,15,1,0
BRF:28
BRH:10
end_of_record
TN:
SF:/Users/chakkaravarthi/Dev/UMG/umg_deli/umgc_delivery/src/shared/services/mockGlobalStore.ts
FN:28,(anonymous_1)
FNF:1
FNH:1
FNDA:20,(anonymous_1)
DA:2,82
DA:3,82
DA:4,82
DA:5,82
DA:6,82
DA:7,82
DA:9,82
DA:11,82
DA:28,82
DA:30,82
LF:10
LH:10
BRDA:28,0,0,20
BRF:1
BRH:1
end_of_record
TN:
SF:/Users/chakkaravarthi/Dev/UMG/umg_deli/umgc_delivery/src/shared/services/testHelper.ts
FN:6,(anonymous_1)
FNF:1
FNH:1
FNDA:102,(anonymous_1)
DA:2,70
DA:4,70
DA:6,70
DA:7,102
DA:8,102
DA:9,102
DA:12,70
DA:14,70
LF:8
LH:8
BRF:0
BRH:0
end_of_record
TN:
SF:/Users/chakkaravarthi/Dev/UMG/umg_deli/umgc_delivery/src/shared/types/appreciationTypes.ts
FNF:0
FNH:0
DA:4,10
DA:5,10
DA:6,10
DA:7,10
DA:8,10
DA:9,10
DA:10,10
DA:11,10
DA:12,10
DA:13,10
DA:14,10
LF:11
LH:11
BRF:0
BRH:0
end_of_record
TN:
SF:/Users/chakkaravarthi/Dev/UMG/umg_deli/umgc_delivery/src/shared/types/articleTypes.ts
FNF:0
FNH:0
DA:5,22
DA:6,22
DA:7,22
DA:8,22
DA:9,22
DA:10,22
LF:6
LH:6
BRF:0
BRH:0
end_of_record
TN:
SF:/Users/chakkaravarthi/Dev/UMG/umg_deli/umgc_delivery/src/shared/types/bookmarkTypes.ts
FNF:0
FNH:0
DA:3,8
DA:4,8
DA:5,8
DA:6,8
DA:7,8
DA:8,8
LF:6
LH:6
BRF:0
BRH:0
end_of_record
TN:
SF:/Users/chakkaravarthi/Dev/UMG/umg_deli/umgc_delivery/src/shared/types/commonTypes.ts
FNF:0
FNH:0
DA:3,14
DA:4,14
DA:5,14
DA:6,14
LF:4
LH:4
BRF:0
BRH:0
end_of_record
TN:
SF:/Users/chakkaravarthi/Dev/UMG/umg_deli/umgc_delivery/src/shared/types/contentTypes.ts
FN:35,(anonymous_0)
FN:162,(anonymous_1)
FN:173,(anonymous_2)
FNF:3
FNH:2
FNDA:21,(anonymous_0)
FNDA:0,(anonymous_1)
FNDA:1,(anonymous_2)
DA:1,21
DA:2,21
DA:3,21
DA:4,21
DA:5,21
DA:27,21
DA:35,21
DA:36,21
DA:37,21
DA:38,21
DA:39,21
DA:99,21
DA:100,21
DA:101,21
DA:102,21
DA:103,21
DA:104,21
DA:121,21
DA:135,21
DA:143,21
DA:157,21
DA:162,21
DA:163,0
DA:164,0
DA:166,0
DA:173,21
DA:174,1
DA:175,0
DA:177,1
LF:29
LH:25
BRDA:35,0,0,21
BRDA:35,0,1,21
BRDA:163,1,0,0
BRDA:163,1,1,0
BRDA:174,2,0,0
BRDA:174,2,1,1
BRF:6
BRH:3
end_of_record
TN:
SF:/Users/chakkaravarthi/Dev/UMG/umg_deli/umgc_delivery/src/shared/types/departmentTypes.ts
FNF:0
FNH:0
DA:4,11
DA:5,11
DA:6,11
DA:7,11
DA:8,11
LF:5
LH:5
BRF:0
BRH:0
end_of_record
TN:
SF:/Users/chakkaravarthi/Dev/UMG/umg_deli/umgc_delivery/src/shared/types/employeeTypes.ts
FNF:0
FNH:0
DA:3,8
DA:4,8
LF:2
LH:2
BRF:0
BRH:0
end_of_record
TN:
SF:/Users/chakkaravarthi/Dev/UMG/umg_deli/umgc_delivery/src/shared/types/eventTypes.ts
FNF:0
FNH:0
DA:4,61
DA:5,61
DA:6,61
DA:7,61
DA:8,61
LF:5
LH:5
BRF:0
BRH:0
end_of_record
TN:
SF:/Users/chakkaravarthi/Dev/UMG/umg_deli/umgc_delivery/src/shared/types/linkTypes.ts
FNF:0
FNH:0
DA:4,18
DA:5,18
DA:6,18
DA:7,18
DA:8,18
DA:9,18
DA:10,18
DA:11,18
DA:12,18
DA:13,18
DA:15,18
DA:16,18
DA:17,18
DA:18,18
LF:14
LH:14
BRF:0
BRH:0
end_of_record
TN:
SF:/Users/chakkaravarthi/Dev/UMG/umg_deli/umgc_delivery/src/shared/types/manualNotificationTypes.ts
FNF:0
FNH:0
DA:4,8
DA:5,8
DA:6,8
DA:7,8
DA:8,8
DA:9,8
DA:10,8
DA:11,8
DA:12,8
LF:9
LH:9
BRF:0
BRH:0
end_of_record
TN:
SF:/Users/chakkaravarthi/Dev/UMG/umg_deli/umgc_delivery/src/shared/types/notificationTypes.ts
FNF:0
FNH:0
DA:3,8
DA:4,8
LF:2
LH:2
BRF:0
BRH:0
end_of_record
TN:
SF:/Users/chakkaravarthi/Dev/UMG/umg_deli/umgc_delivery/src/shared/types/officeTypes.ts
FNF:0
FNH:0
DA:3,9
DA:4,9
DA:5,9
DA:6,9
LF:4
LH:4
BRF:0
BRH:0
end_of_record
TN:
SF:/Users/chakkaravarthi/Dev/UMG/umg_deli/umgc_delivery/src/shared/types/officesPeopleType.ts
FNF:0
FNH:0
DA:3,8
DA:4,8
DA:5,8
LF:3
LH:3
BRF:0
BRH:0
end_of_record
TN:
SF:/Users/chakkaravarthi/Dev/UMG/umg_deli/umgc_delivery/src/shared/types/pageTypes.ts
FNF:0
FNH:0
DA:3,7
DA:4,7
DA:5,7
DA:6,7
LF:4
LH:4
BRF:0
BRH:0
end_of_record
TN:
SF:/Users/chakkaravarthi/Dev/UMG/umg_deli/umgc_delivery/src/shared/types/peopleTypes.ts
FNF:0
FNH:0
DA:3,9
DA:4,9
LF:2
LH:2
BRF:0
BRH:0
end_of_record
TN:
SF:/Users/chakkaravarthi/Dev/UMG/umg_deli/umgc_delivery/src/shared/types/profileTypes.ts
FNF:0
FNH:0
DA:3,9
DA:4,9
LF:2
LH:2
BRF:0
BRH:0
end_of_record
TN:
SF:/Users/chakkaravarthi/Dev/UMG/umg_deli/umgc_delivery/src/shared/types/searchResultTypes.ts
FNF:0
FNH:0
DA:12,8
DA:13,8
DA:14,8
DA:15,8
DA:16,8
DA:17,8
DA:18,8
DA:19,8
DA:20,8
LF:9
LH:9
BRF:0
BRH:0
end_of_record
TN:
SF:/Users/chakkaravarthi/Dev/UMG/umg_deli/umgc_delivery/src/shared/types/todoTypes.ts
FNF:0
FNH:0
DA:3,8
DA:4,8
DA:5,8
DA:6,8
DA:7,8
DA:8,8
LF:6
LH:6
BRF:0
BRH:0
end_of_record
TN:
SF:/Users/chakkaravarthi/Dev/UMG/umg_deli/umgc_delivery/src/shared/types/userProfileTypes.ts
FNF:0
FNH:0
DA:4,11
DA:5,11
DA:6,11
DA:7,11
DA:8,11
DA:9,11
DA:10,11
DA:11,11
DA:12,11
DA:13,11
DA:14,11
DA:15,11
DA:16,11
DA:17,11
DA:18,11
DA:19,11
DA:20,11
DA:21,11
DA:22,11
DA:23,11
DA:24,11
LF:21
LH:21
BRF:0
BRH:0
end_of_record
TN:
SF:/Users/chakkaravarthi/Dev/UMG/umg_deli/umgc_delivery/src/shared/types/userTypes.ts
FNF:0
FNH:0
DA:3,12
DA:4,12
DA:5,12
LF:3
LH:3
BRF:0
BRH:0
end_of_record
TN:
SF:/Users/chakkaravarthi/Dev/UMG/umg_deli/umgc_delivery/src/templates/TemplateA.tsx
FN:15,(anonymous_1)
FNF:1
FNH:1
FNDA:1,(anonymous_1)
DA:1,2
DA:2,2
DA:3,2
DA:4,2
DA:5,2
DA:6,2
DA:15,2
DA:16,1
DA:38,2
LF:9
LH:9
BRDA:18,0,0,1
BRDA:18,0,1,1
BRDA:21,1,0,1
BRDA:21,1,1,1
BRDA:31,2,0,1
BRDA:31,2,1,1
BRF:6
BRH:6
end_of_record
TN:
SF:/Users/chakkaravarthi/Dev/UMG/umg_deli/umgc_delivery/src/templates/TemplateB.tsx
FN:24,(anonymous_2)
FN:33,(anonymous_3)
FN:36,(anonymous_4)
FN:39,(anonymous_5)
FN:61,(anonymous_6)
FN:75,(anonymous_7)
FNF:6
FNH:3
FNDA:0,(anonymous_2)
FNDA:1,(anonymous_3)
FNDA:2,(anonymous_4)
FNDA:0,(anonymous_5)
FNDA:1,(anonymous_6)
FNDA:0,(anonymous_7)
DA:1,2
DA:2,2
DA:3,2
DA:4,2
DA:5,2
DA:6,2
DA:7,2
DA:8,2
DA:10,2
DA:12,2
DA:13,2
DA:24,2
DA:25,0
DA:31,2
DA:33,2
DA:34,1
DA:35,1
DA:36,2
DA:39,1
DA:40,0
DA:42,1
DA:62,1
DA:63,1
DA:64,1
DA:76,0
DA:95,2
LF:26
LH:23
BRDA:36,0,0,1
BRDA:36,0,1,0
BRDA:40,1,0,0
BRDA:40,1,1,0
BRDA:44,2,0,1
BRDA:44,2,1,1
BRDA:47,3,0,1
BRDA:47,3,1,1
BRDA:47,3,2,1
BRDA:61,4,0,1
BRDA:61,4,1,1
BRDA:88,5,0,1
BRDA:88,5,1,1
BRF:13
BRH:10
end_of_record
TN:
SF:/Users/chakkaravarthi/Dev/UMG/umg_deli/umgc_delivery/src/templates/TemplateC.tsx
FN:16,(anonymous_1)
FNF:1
FNH:1
FNDA:1,(anonymous_1)
DA:1,2
DA:2,2
DA:3,2
DA:4,2
DA:7,2
DA:8,2
DA:9,2
DA:16,2
DA:17,1
DA:45,2
LF:10
LH:10
BRDA:19,0,0,1
BRDA:19,0,1,1
BRDA:19,0,2,1
BRDA:30,1,0,1
BRDA:30,1,1,1
BRF:5
BRH:5
end_of_record
TN:
SF:/Users/chakkaravarthi/Dev/UMG/umg_deli/umgc_delivery/src/templates/TemplateD.tsx
FN:16,(anonymous_1)
FNF:1
FNH:1
FNDA:1,(anonymous_1)
DA:1,2
DA:2,2
DA:3,2
DA:4,2
DA:5,2
DA:8,2
DA:9,2
DA:16,2
DA:17,1
DA:47,2
LF:10
LH:10
BRDA:19,0,0,1
BRDA:19,0,1,1
BRDA:19,0,2,1
BRDA:32,1,0,1
BRDA:32,1,1,1
BRF:5
BRH:5
end_of_record
TN:
SF:/Users/chakkaravarthi/Dev/UMG/umg_deli/umgc_delivery/src/templates/TemplateE.tsx
FN:24,(anonymous_2)
FN:33,(anonymous_3)
FN:36,(anonymous_4)
FN:39,(anonymous_5)
FN:71,(anonymous_6)
FN:85,(anonymous_7)
FNF:6
FNH:3
FNDA:0,(anonymous_2)
FNDA:1,(anonymous_3)
FNDA:2,(anonymous_4)
FNDA:0,(anonymous_5)
FNDA:1,(anonymous_6)
FNDA:0,(anonymous_7)
DA:1,2
DA:2,2
DA:3,2
DA:4,2
DA:5,2
DA:9,2
DA:11,2
DA:12,2
DA:13,2
DA:14,2
DA:15,2
DA:24,2
DA:25,0
DA:31,2
DA:33,2
DA:34,1
DA:35,1
DA:36,2
DA:39,1
DA:40,0
DA:43,1
DA:72,1
DA:73,1
DA:74,1
DA:86,0
DA:102,2
LF:26
LH:23
BRDA:36,0,0,1
BRDA:36,0,1,0
BRDA:40,1,0,0
BRDA:40,1,1,0
BRDA:45,2,0,1
BRDA:45,2,1,1
BRDA:57,3,0,1
BRDA:57,3,1,1
BRDA:57,3,2,1
BRDA:71,4,0,1
BRDA:71,4,1,1
BRF:11
BRH:8
end_of_record
TN:
SF:/Users/chakkaravarthi/Dev/UMG/umg_deli/umgc_delivery/src/templates/TemplateF.tsx
FN:27,(anonymous_2)
FN:36,(anonymous_3)
FN:43,(anonymous_4)
FN:69,(anonymous_5)
FN:74,(anonymous_6)
FNF:5
FNH:0
FNDA:0,(anonymous_2)
FNDA:0,(anonymous_3)
FNDA:0,(anonymous_4)
FNDA:0,(anonymous_5)
FNDA:0,(anonymous_6)
DA:1,1
DA:2,1
DA:3,1
DA:4,1
DA:5,1
DA:6,1
DA:8,1
DA:11,1
DA:12,1
DA:13,1
DA:14,1
DA:15,1
DA:17,1
DA:27,1
DA:28,0
DA:34,1
DA:36,1
DA:38,0
DA:40,0
DA:41,0
DA:43,0
DA:44,0
DA:47,0
DA:48,0
DA:49,0
DA:52,0
DA:70,0
DA:74,0
DA:101,1
LF:29
LH:17
BRDA:44,0,0,0
BRDA:44,0,1,0
BRDA:47,1,0,0
BRDA:47,1,1,0
BRDA:54,2,0,0
BRDA:54,2,1,0
BRDA:57,3,0,0
BRDA:57,3,1,0
BRDA:74,4,0,0
BRDA:74,4,1,0
BRDA:86,5,0,0
BRDA:86,5,1,0
BRDA:94,6,0,0
BRDA:94,6,1,0
BRF:14
BRH:0
end_of_record
TN:
SF:/Users/chakkaravarthi/Dev/UMG/umg_deli/umgc_delivery/src/utils/content.tsx
FN:9,(anonymous_1)
FN:30,(anonymous_2)
FN:31,(anonymous_3)
FN:37,(anonymous_4)
FN:77,(anonymous_5)
FN:109,(anonymous_6)
FN:116,(anonymous_7)
FN:123,(anonymous_8)
FN:130,(anonymous_9)
FN:137,(anonymous_10)
FN:144,(anonymous_11)
FN:151,(anonymous_12)
FN:158,(anonymous_13)
FNF:13
FNH:4
FNDA:4,(anonymous_1)
FNDA:20,(anonymous_2)
FNDA:17,(anonymous_3)
FNDA:0,(anonymous_4)
FNDA:0,(anonymous_5)
FNDA:13,(anonymous_6)
FNDA:0,(anonymous_7)
FNDA:0,(anonymous_8)
FNDA:0,(anonymous_9)
FNDA:0,(anonymous_10)
FNDA:0,(anonymous_11)
FNDA:0,(anonymous_12)
FNDA:0,(anonymous_13)
DA:1,60
DA:2,60
DA:3,60
DA:4,60
DA:6,60
DA:9,60
DA:10,4
DA:27,4
DA:30,20
DA:31,17
DA:33,4
DA:37,60
DA:38,0
DA:41,0
DA:42,0
DA:43,0
DA:44,0
DA:45,0
DA:46,0
DA:48,0
DA:50,0
DA:56,0
DA:57,0
DA:58,0
DA:59,0
DA:60,0
DA:61,0
DA:62,0
DA:63,0
DA:65,0
DA:67,0
DA:74,0
DA:77,60
DA:78,0
DA:81,0
DA:82,0
DA:83,0
DA:84,0
DA:85,0
DA:86,0
DA:92,0
DA:93,0
DA:94,0
DA:95,0
DA:96,0
DA:97,0
DA:98,0
DA:99,0
DA:106,0
DA:109,60
DA:114,13
DA:116,2
DA:117,0
DA:121,2
DA:123,1
DA:124,0
DA:128,1
DA:130,1
DA:131,0
DA:135,1
DA:137,7
DA:138,0
DA:142,7
DA:144,1
DA:145,0
DA:149,1
DA:151,0
DA:152,0
DA:156,0
DA:158,0
DA:159,0
DA:167,0
DA:169,1
DA:171,12
LF:74
LH:27
BRDA:30,0,0,20
BRDA:30,0,1,18
BRDA:45,1,0,0
BRDA:45,1,1,0
BRDA:48,2,0,0
BRDA:48,2,1,0
BRDA:62,3,0,0
BRDA:62,3,1,0
BRDA:65,4,0,0
BRDA:65,4,1,0
BRDA:85,5,0,0
BRDA:85,5,1,0
BRDA:98,6,0,0
BRDA:98,6,1,0
BRDA:115,7,0,2
BRDA:115,7,1,1
BRDA:115,7,2,1
BRDA:115,7,3,7
BRDA:115,7,4,1
BRDA:115,7,5,0
BRDA:115,7,6,0
BRDA:115,7,7,1
BRDA:118,8,0,0
BRDA:118,8,1,0
BRDA:125,9,0,0
BRDA:125,9,1,0
BRDA:132,10,0,0
BRDA:132,10,1,0
BRDA:139,11,0,0
BRDA:139,11,1,0
BRDA:146,12,0,0
BRDA:146,12,1,0
BRDA:153,13,0,0
BRDA:153,13,1,0
BRDA:164,14,0,0
BRDA:164,14,1,0
BRF:36
BRH:8
end_of_record
TN:
SF:/Users/chakkaravarthi/Dev/UMG/umg_deli/umgc_delivery/src/utils/customHooks.ts
FN:75,useQuery
FN:80,filterQuery
FN:82,useFilterQuery
FN:92,filterQueryWithSearchKeyword
FN:94,useFilterQueryWithSearchKeyword
FN:104,usehandleAddToCalendar
FN:126,emailQuery
FN:128,userEmailQuery
FN:141,getUserProfilePicture
FN:158,getUserSiteCode
FN:166,getKnowledgeBaseUrl
FN:170,getCatalogUrl
FN:174,(anonymous_20)
FN:187,normalizeEventData
FNF:14
FNH:2
FNDA:0,useQuery
FNDA:0,filterQuery
FNDA:0,useFilterQuery
FNDA:0,filterQueryWithSearchKeyword
FNDA:0,useFilterQueryWithSearchKeyword
FNDA:0,usehandleAddToCalendar
FNDA:0,emailQuery
FNDA:0,userEmailQuery
FNDA:1,getUserProfilePicture
FNDA:0,getUserSiteCode
FNDA:0,getKnowledgeBaseUrl
FNDA:0,getCatalogUrl
FNDA:0,(anonymous_20)
FNDA:4,normalizeEventData
DA:1,60
DA:2,60
DA:5,60
DA:7,60
DA:8,60
DA:60,60
DA:75,60
DA:76,0
DA:80,60
DA:81,0
DA:83,0
DA:86,0
DA:88,0
DA:92,60
DA:93,0
DA:95,0
DA:99,0
DA:101,0
DA:104,60
DA:105,0
DA:106,0
DA:107,0
DA:108,0
DA:109,0
DA:110,0
DA:111,0
DA:112,0
DA:113,0
DA:114,0
DA:115,0
DA:116,0
DA:118,0
DA:121,0
DA:126,60
DA:127,0
DA:129,0
DA:133,0
DA:141,60
DA:142,1
DA:143,1
DA:144,0
DA:146,1
DA:147,1
DA:150,0
DA:158,60
DA:159,0
DA:160,0
DA:161,0
DA:163,0
DA:166,60
DA:167,0
DA:170,60
DA:171,0
DA:174,60
DA:175,0
DA:176,0
DA:177,0
DA:179,0
DA:187,60
DA:188,4
DA:190,4
DA:191,4
DA:192,4
DA:194,4
DA:195,4
DA:196,4
DA:197,4
DA:198,4
DA:200,4
DA:206,4
DA:207,4
LF:71
LH:33
BRDA:86,0,0,0
BRDA:86,0,1,0
BRDA:99,1,0,0
BRDA:99,1,1,0
BRDA:107,2,0,0
BRDA:107,2,1,0
BRDA:107,3,0,0
BRDA:107,3,1,0
BRDA:109,4,0,0
BRDA:109,4,1,0
BRDA:141,5,0,0
BRDA:143,6,0,0
BRDA:143,6,1,1
BRDA:143,7,0,1
BRDA:143,7,1,1
BRDA:146,8,0,1
BRDA:146,8,1,0
BRDA:160,9,0,0
BRDA:160,9,1,0
BRDA:160,10,0,0
BRDA:160,10,1,0
BRDA:167,11,0,0
BRDA:167,11,1,0
BRDA:171,12,0,0
BRDA:171,12,1,0
BRDA:176,13,0,0
BRDA:176,13,1,0
BRDA:195,14,0,0
BRDA:195,14,1,4
BRDA:197,15,0,0
BRDA:197,15,1,4
BRDA:198,16,0,0
BRDA:198,16,1,4
BRDA:202,17,0,4
BRDA:202,17,1,4
BRF:35
BRH:9
end_of_record
TN:
SF:/Users/chakkaravarthi/Dev/UMG/umg_deli/umgc_delivery/src/utils/googleAnalytics.tsx
FN:8,(anonymous_2)
FN:9,(anonymous_3)
FN:19,(anonymous_4)
FN:29,(anonymous_5)
FN:32,(anonymous_6)
FN:53,(anonymous_7)
FNF:6
FNH:1
FNDA:0,(anonymous_2)
FNDA:0,(anonymous_3)
FNDA:0,(anonymous_4)
FNDA:0,(anonymous_5)
FNDA:1,(anonymous_6)
FNDA:0,(anonymous_7)
DA:1,28
DA:2,28
DA:3,28
DA:4,28
DA:6,28
DA:8,28
DA:9,0
DA:10,0
DA:11,0
DA:12,0
DA:16,0
DA:19,0
DA:20,0
DA:26,0
DA:29,28
DA:30,0
DA:32,28
DA:33,1
DA:35,1
DA:36,1
DA:43,1
DA:53,28
DA:54,0
DA:55,0
DA:61,28
LF:25
LH:14
BRDA:9,0,0,0
BRDA:32,1,0,1
BRDA:35,2,0,1
BRDA:35,2,1,0
BRDA:54,3,0,0
BRDA:54,3,1,0
BRF:6
BRH:2
end_of_record
TN:
SF:/Users/chakkaravarthi/Dev/UMG/umg_deli/umgc_delivery/src/utils/imageUrlHandler.ts
FN:11,buildImageUrl
FN:17,imageUrlHandler
FN:18,sanitize
FN:24,(anonymous_3)
FN:34,(anonymous_4)
FN:44,(anonymous_5)
FNF:6
FNH:5
FNDA:31,buildImageUrl
FNDA:31,imageUrlHandler
FNDA:31,sanitize
FNDA:0,(anonymous_3)
FNDA:1,(anonymous_4)
FNDA:7,(anonymous_5)
DA:1,60
DA:4,60
DA:5,60
DA:12,31
DA:17,60
DA:19,31
DA:21,31
DA:24,60
DA:27,0
DA:28,0
DA:31,0
DA:34,60
DA:37,1
DA:38,0
DA:41,1
DA:44,60
DA:47,7
DA:48,1
DA:57,6
LF:19
LH:15
BRDA:12,0,0,6
BRDA:12,0,1,25
BRDA:27,1,0,0
BRDA:27,1,1,0
BRDA:37,2,0,0
BRDA:37,2,1,1
BRDA:47,3,0,1
BRDA:47,3,1,6
BRF:8
BRH:5
end_of_record
TN:
SF:/Users/chakkaravarthi/Dev/UMG/umg_deli/umgc_delivery/src/utils/scroller.ts
FN:1,(anonymous_0)
FNF:1
FNH:0
FNDA:0,(anonymous_0)
DA:1,7
DA:2,0
DA:3,0
DA:4,0
DA:6,0
DA:7,0
DA:9,0
LF:7
LH:1
BRDA:4,0,0,0
BRDA:4,0,1,0
BRDA:6,1,0,0
BRDA:6,1,1,0
BRF:4
BRH:0
end_of_record
TN:
SF:/Users/chakkaravarthi/Dev/UMG/umg_deli/umgc_delivery/src/utils/utilities.ts
FN:1,(anonymous_0)
FNF:1
FNH:0
FNDA:0,(anonymous_0)
DA:1,2
DA:2,0
LF:2
LH:1
BRF:0
BRH:0
end_of_record
